<?xml version="1.0" encoding="UTF-8"?>
<testsuite xmlns:xsi="http://www.w3.org/2001/XMLSchema-instance" xsi:noNamespaceSchemaLocation="https://maven.apache.org/surefire/maven-surefire-plugin/xsd/surefire-test-report-3.0.xsd" version="3.0" name="br.com.grupo99.manutencao.adapter.web.ManutencaoControllerTest" time="9.577" tests="7" errors="0" skipped="0" failures="0">
  <properties>
[...]
</properties>
  <testcase name="atualizarManutencao_Success" classname="br.com.grupo99.manutencao.adapter.web.ManutencaoControllerTest" time="0.873">
    <system-out><![CDATA[Standard Commons Logging discovery in action with spring-jcl: please remove commons-logging.jar from classpath in order to avoid potential conflicts
18:59:58.854 [main] INFO org.springframework.test.context.support.AnnotationConfigContextLoaderUtils -- Could not detect default configuration classes for test class [br.com.grupo99.manutencao.adapter.web.ManutencaoControllerTest]: ManutencaoControllerTest does not declare any static, non-private, non-final, nested classes annotated with @Configuration.
18:59:59.261 [main] INFO org.springframework.boot.test.context.SpringBootTestContextBootstrapper -- Found @SpringBootConfiguration br.com.grupo99.manutencao.MaintenanceServiceApplication for test class br.com.grupo99.manutencao.adapter.web.ManutencaoControllerTest

  .   ____          _            __ _ _
 /\\ / ___'_ __ _ _(_)_ __  __ _ \ \ \ \
( ( )\___ | '_ | '_| | '_ \/ _` | \ \ \ \
 \\/  ___)| |_)| | | | | || (_| |  ) ) ) )
  '  |____| .__|_| |_|_| |_\__, | / / / /
 =========|_|==============|___/=/_/_/_/

 :: Spring Boot ::               (v3.3.13)

2026-02-09T19:00:00.207-03:00  INFO 12028 --- [oficina-maintenance-service] [           main] b.c.g.m.a.web.ManutencaoControllerTest   : Starting ManutencaoControllerTest using Java 21.0.9 with PID 12028 (started by Meu Computador in C:\Users\Meu Computador\OneDrive\Área de Trabalho\FIAP\projeto\fase_quatro\oficina-maintenance-service)
2026-02-09T19:00:00.209-03:00  INFO 12028 --- [oficina-maintenance-service] [           main] b.c.g.m.a.web.ManutencaoControllerTest   : No active profile set, falling back to 1 default profile: "default"
2026-02-09T19:00:05.981-03:00  WARN 12028 --- [oficina-maintenance-service] [           main] o.s.s.c.a.web.builders.WebSecurity       : You are asking Spring Security to ignore Deferred [Mvc [pattern='/api/v1/auth/**'], Ant [pattern='/api/v1/auth/**']]. This is not recommended -- please use permitAll via HttpSecurity#authorizeHttpRequests instead.
2026-02-09T19:00:05.982-03:00  WARN 12028 --- [oficina-maintenance-service] [           main] o.s.s.c.a.web.builders.WebSecurity       : You are asking Spring Security to ignore Deferred [Mvc [pattern='/actuator/health/**'], Ant [pattern='/actuator/health/**']]. This is not recommended -- please use permitAll via HttpSecurity#authorizeHttpRequests instead.
2026-02-09T19:00:05.984-03:00  WARN 12028 --- [oficina-maintenance-service] [           main] o.s.s.c.a.web.builders.WebSecurity       : You are asking Spring Security to ignore Deferred [Mvc [pattern='/swagger-ui.html'], Ant [pattern='/swagger-ui.html']]. This is not recommended -- please use permitAll via HttpSecurity#authorizeHttpRequests instead.
2026-02-09T19:00:05.984-03:00  WARN 12028 --- [oficina-maintenance-service] [           main] o.s.s.c.a.web.builders.WebSecurity       : You are asking Spring Security to ignore Deferred [Mvc [pattern='/swagger-ui/**'], Ant [pattern='/swagger-ui/**']]. This is not recommended -- please use permitAll via HttpSecurity#authorizeHttpRequests instead.
2026-02-09T19:00:05.984-03:00  WARN 12028 --- [oficina-maintenance-service] [           main] o.s.s.c.a.web.builders.WebSecurity       : You are asking Spring Security to ignore Deferred [Mvc [pattern='/v3/api-docs/**'], Ant [pattern='/v3/api-docs/**']]. This is not recommended -- please use permitAll via HttpSecurity#authorizeHttpRequests instead.
2026-02-09T19:00:05.984-03:00  WARN 12028 --- [oficina-maintenance-service] [           main] o.s.s.c.a.web.builders.WebSecurity       : You are asking Spring Security to ignore Deferred [Mvc [pattern='/swagger-resources/**'], Ant [pattern='/swagger-resources/**']]. This is not recommended -- please use permitAll via HttpSecurity#authorizeHttpRequests instead.
2026-02-09T19:00:05.985-03:00  WARN 12028 --- [oficina-maintenance-service] [           main] o.s.s.c.a.web.builders.WebSecurity       : You are asking Spring Security to ignore Deferred [Mvc [pattern='/webjars/**'], Ant [pattern='/webjars/**']]. This is not recommended -- please use permitAll via HttpSecurity#authorizeHttpRequests instead.
2026-02-09T19:00:06.737-03:00  INFO 12028 --- [oficina-maintenance-service] [           main] o.s.b.t.m.w.SpringBootMockServletContext : Initializing Spring TestDispatcherServlet ''
2026-02-09T19:00:06.738-03:00  INFO 12028 --- [oficina-maintenance-service] [           main] o.s.t.web.servlet.TestDispatcherServlet  : Initializing Servlet ''
2026-02-09T19:00:06.740-03:00  INFO 12028 --- [oficina-maintenance-service] [           main] o.s.t.web.servlet.TestDispatcherServlet  : Completed initialization in 2 ms
2026-02-09T19:00:06.813-03:00  INFO 12028 --- [oficina-maintenance-service] [           main] b.c.g.m.a.web.ManutencaoControllerTest   : Started ManutencaoControllerTest in 7.364 seconds (process running for 9.723)
]]></system-out>
    <system-err><![CDATA[WARNING: A Java agent has been loaded dynamically (C:\Users\Meu Computador\.m2\repository\net\bytebuddy\byte-buddy-agent\1.14.19\byte-buddy-agent-1.14.19.jar)
WARNING: If a serviceability tool is in use, please run with -XX:+EnableDynamicAgentLoading to hide this warning
WARNING: If a serviceability tool is not in use, please run with -Djdk.instrument.traceUsage for more information
WARNING: Dynamic loading of agents will be disallowed by default in a future release
]]></system-err>
  </testcase>
  <testcase name="iniciarManutencao_Success" classname="br.com.grupo99.manutencao.adapter.web.ManutencaoControllerTest" time="0.032"/>
  <testcase name="deletarManutencao_Success" classname="br.com.grupo99.manutencao.adapter.web.ManutencaoControllerTest" time="0.021"/>
  <testcase name="listarTodas_Success" classname="br.com.grupo99.manutencao.adapter.web.ManutencaoControllerTest" time="0.114"/>
  <testcase name="buscarPorId_Success" classname="br.com.grupo99.manutencao.adapter.web.ManutencaoControllerTest" time="0.02"/>
  <testcase name="concluirManutencao_Success" classname="br.com.grupo99.manutencao.adapter.web.ManutencaoControllerTest" time="0.029"/>
  <testcase name="criarManutencao_Success" classname="br.com.grupo99.manutencao.adapter.web.ManutencaoControllerTest" time="0.058"/>
</testsuite>