<?xml version="1.0" encoding="UTF-8"?>
<testsuite xmlns:xsi="http://www.w3.org/2001/XMLSchema-instance" xsi:noNamespaceSchemaLocation="https://maven.apache.org/surefire/maven-surefire-plugin/xsd/surefire-test-report-3.0.xsd" version="3.0" name="br.com.grupo99.osservice.infrastructure.messaging.KafkaEventPublisherTest" time="19.734" tests="4" errors="0" skipped="0" failures="0">
  <properties>
[...]
</properties>
  <testcase name="devePublicarEventoOSCriada" classname="br.com.grupo99.osservice.infrastructure.messaging.KafkaEventPublisherTest" time="2.748">
    <system-out><![CDATA[2026-02-09 21:00:22 - Could not detect default configuration classes for test class [br.com.grupo99.osservice.infrastructure.messaging.KafkaEventPublisherTest]: KafkaEventPublisherTest does not declare any static, non-private, non-final, nested classes annotated with @Configuration.
2026-02-09 21:00:22 - Found @SpringBootConfiguration br.com.grupo99.osservice.OsServiceApplication for test class br.com.grupo99.osservice.infrastructure.messaging.KafkaEventPublisherTest

  .   ____          _            __ _ _
 /\\ / ___'_ __ _ _(_)_ __  __ _ \ \ \ \
( ( )\___ | '_ | '_| | '_ \/ _` | \ \ \ \
 \\/  ___)| |_)| | | | | || (_| |  ) ) ) )
  '  |____| .__|_| |_|_| |_\__, | / / / /
 =========|_|==============|___/=/_/_/_/

 :: Spring Boot ::               (v3.3.13)

2026-02-09 21:00:22 - zookeeper.snapshot.trust.empty : false
2026-02-09 21:00:22 - Using org.apache.zookeeper.server.watch.WatchManager as watch manager
2026-02-09 21:00:22 - Using org.apache.zookeeper.server.watch.WatchManager as watch manager
2026-02-09 21:00:22 - zookeeper.snapshotSizeFactor = 0.33
2026-02-09 21:00:22 - zookeeper.commitLogCount=500
2026-02-09 21:00:22 - minSessionTimeout set to 1600 ms
2026-02-09 21:00:22 - maxSessionTimeout set to 16000 ms
2026-02-09 21:00:22 - getData response cache size is initialized with value 400.
2026-02-09 21:00:22 - getChildren response cache size is initialized with value 400.
2026-02-09 21:00:22 - zookeeper.pathStats.slotCapacity = 60
2026-02-09 21:00:22 - zookeeper.pathStats.slotDuration = 15
2026-02-09 21:00:22 - zookeeper.pathStats.maxDepth = 6
2026-02-09 21:00:22 - zookeeper.pathStats.initialDelay = 5
2026-02-09 21:00:22 - zookeeper.pathStats.delay = 5
2026-02-09 21:00:22 - zookeeper.pathStats.enabled = false
2026-02-09 21:00:22 - The max bytes for all large requests are set to 104857600
2026-02-09 21:00:22 - The large request threshold is set to -1
2026-02-09 21:00:22 - zookeeper.enforce.auth.enabled = false
2026-02-09 21:00:22 - zookeeper.enforce.auth.schemes = []
2026-02-09 21:00:22 - Created server with tickTime 800 ms minSessionTimeout 1600 ms maxSessionTimeout 16000 ms clientPortListenBacklog -1 datadir C:\Users\MEUCOM~1\AppData\Local\Temp\kafka-9237642434751475489\version-2 snapdir C:\Users\MEUCOM~1\AppData\Local\Temp\kafka-1948464624996617393\version-2
2026-02-09 21:00:22 - maxCnxns is not configured, using default value 0.
2026-02-09 21:00:22 - Configuring NIO connection handler with 10s sessionless connection timeout, 2 selector thread(s), 16 worker threads, and 64 kB direct buffers.
2026-02-09 21:00:22 - binding to port /127.0.0.1:0
2026-02-09 21:00:22 - Snapshotting: 0x0 to C:\Users\MEUCOM~1\AppData\Local\Temp\kafka-1948464624996617393\version-2\snapshot.0
2026-02-09 21:00:22 - Snapshot loaded in 2 ms, highest zxid is 0x0, digest is 1371985504
2026-02-09 21:00:22 - Snapshotting: 0x0 to C:\Users\MEUCOM~1\AppData\Local\Temp\kafka-1948464624996617393\version-2\snapshot.0
2026-02-09 21:00:22 - Snapshot taken in 1 ms
2026-02-09 21:00:22 - KafkaConfig values: 
	advertised.listeners = null
	alter.config.policy.class.name = null
	alter.log.dirs.replication.quota.window.num = 11
	alter.log.dirs.replication.quota.window.size.seconds = 1
	authorizer.class.name = 
	auto.create.topics.enable = true
	auto.include.jmx.reporter = true
	auto.leader.rebalance.enable = true
	background.threads = 2
	broker.heartbeat.interval.ms = 2000
	broker.id = 0
	broker.id.generation.enable = true
	broker.rack = null
	broker.session.timeout.ms = 9000
	client.quota.callback.class = null
	compression.type = producer
	connection.failed.authentication.delay.ms = 100
	connections.max.idle.ms = 600000
	connections.max.reauth.ms = 0
	control.plane.listener.name = null
	controlled.shutdown.enable = false
	controlled.shutdown.max.retries = 3
	controlled.shutdown.retry.backoff.ms = 100
	controller.listener.names = null
	controller.quorum.append.linger.ms = 25
	controller.quorum.election.backoff.max.ms = 1000
	controller.quorum.election.timeout.ms = 1000
	controller.quorum.fetch.timeout.ms = 2000
	controller.quorum.request.timeout.ms = 2000
	controller.quorum.retry.backoff.ms = 20
	controller.quorum.voters = []
	controller.quota.window.num = 11
	controller.quota.window.size.seconds = 1
	controller.socket.timeout.ms = 1000
	create.topic.policy.class.name = null
	default.replication.factor = 1
	delegation.token.expiry.check.interval.ms = 3600000
	delegation.token.expiry.time.ms = 86400000
	delegation.token.master.key = null
	delegation.token.max.lifetime.ms = 604800000
	delegation.token.secret.key = null
	delete.records.purgatory.purge.interval.requests = 1
	delete.topic.enable = true
	early.start.listeners = null
	eligible.leader.replicas.enable = false
	fetch.max.bytes = 57671680
	fetch.purgatory.purge.interval.requests = 1000
	group.consumer.assignors = [org.apache.kafka.coordinator.group.assignor.UniformAssignor, org.apache.kafka.coordinator.group.assignor.RangeAssignor]
	group.consumer.heartbeat.interval.ms = 5000
	group.consumer.max.heartbeat.interval.ms = 15000
	group.consumer.max.session.timeout.ms = 60000
	group.consumer.max.size = 2147483647
	group.consumer.min.heartbeat.interval.ms = 5000
	group.consumer.min.session.timeout.ms = 45000
	group.consumer.session.timeout.ms = 45000
	group.coordinator.new.enable = false
	group.coordinator.rebalance.protocols = [classic]
	group.coordinator.threads = 1
	group.initial.rebalance.delay.ms = 0
	group.max.session.timeout.ms = 1800000
	group.max.size = 2147483647
	group.min.session.timeout.ms = 6000
	initial.broker.registration.timeout.ms = 60000
	inter.broker.listener.name = null
	inter.broker.protocol.version = 3.7-IV4
	kafka.metrics.polling.interval.secs = 10
	kafka.metrics.reporters = []
	leader.imbalance.check.interval.seconds = 300
	leader.imbalance.per.broker.percentage = 10
	listener.security.protocol.map = PLAINTEXT:PLAINTEXT,SSL:SSL,SASL_PLAINTEXT:SASL_PLAINTEXT,SASL_SSL:SASL_SSL
	listeners = PLAINTEXT://localhost:9093
	log.cleaner.backoff.ms = 15000
	log.cleaner.dedupe.buffer.size = 2097152
	log.cleaner.delete.retention.ms = 86400000
	log.cleaner.enable = true
	log.cleaner.io.buffer.load.factor = 0.9
	log.cleaner.io.buffer.size = 524288
	log.cleaner.io.max.bytes.per.second = 1.7976931348623157E308
	log.cleaner.max.compaction.lag.ms = 9223372036854775807
	log.cleaner.min.cleanable.ratio = 0.5
	log.cleaner.min.compaction.lag.ms = 0
	log.cleaner.threads = 1
	log.cleanup.policy = [delete]
	log.dir = C:\Users\MEUCOM~1\AppData\Local\Temp\spring.kafka.24d59996-5930-4ca0-8d5f-580ec04d2e7114359176375113142042
	log.dirs = null
	log.flush.interval.messages = 9223372036854775807
	log.flush.interval.ms = null
	log.flush.offset.checkpoint.interval.ms = 60000
	log.flush.scheduler.interval.ms = 9223372036854775807
	log.flush.start.offset.checkpoint.interval.ms = 60000
	log.index.interval.bytes = 4096
	log.index.size.max.bytes = 10485760
	log.local.retention.bytes = -2
	log.local.retention.ms = -2
	log.message.downconversion.enable = true
	log.message.format.version = 3.0-IV1
	log.message.timestamp.after.max.ms = 9223372036854775807
	log.message.timestamp.before.max.ms = 9223372036854775807
	log.message.timestamp.difference.max.ms = 9223372036854775807
	log.message.timestamp.type = CreateTime
	log.preallocate = false
	log.retention.bytes = -1
	log.retention.check.interval.ms = 300000
	log.retention.hours = 168
	log.retention.minutes = null
	log.retention.ms = null
	log.roll.hours = 168
	log.roll.jitter.hours = 0
	log.roll.jitter.ms = null
	log.roll.ms = null
	log.segment.bytes = 1073741824
	log.segment.delete.delay.ms = 1000
	max.connection.creation.rate = 2147483647
	max.connections = 2147483647
	max.connections.per.ip = 2147483647
	max.connections.per.ip.overrides = 
	max.incremental.fetch.session.cache.slots = 1000
	message.max.bytes = 1048588
	metadata.log.dir = null
	metadata.log.max.record.bytes.between.snapshots = 20971520
	metadata.log.max.snapshot.interval.ms = 3600000
	metadata.log.segment.bytes = 1073741824
	metadata.log.segment.min.bytes = 8388608
	metadata.log.segment.ms = 604800000
	metadata.max.idle.interval.ms = 500
	metadata.max.retention.bytes = 104857600
	metadata.max.retention.ms = 604800000
	metric.reporters = []
	metrics.num.samples = 2
	metrics.recording.level = INFO
	metrics.sample.window.ms = 30000
	min.insync.replicas = 1
	node.id = 0
	num.io.threads = 8
	num.network.threads = 2
	num.partitions = 1
	num.recovery.threads.per.data.dir = 1
	num.replica.alter.log.dirs.threads = null
	num.replica.fetchers = 1
	offset.metadata.max.bytes = 4096
	offsets.commit.required.acks = -1
	offsets.commit.timeout.ms = 5000
	offsets.load.buffer.size = 5242880
	offsets.retention.check.interval.ms = 600000
	offsets.retention.minutes = 10080
	offsets.topic.compression.codec = 0
	offsets.topic.num.partitions = 5
	offsets.topic.replication.factor = 1
	offsets.topic.segment.bytes = 104857600
	password.encoder.cipher.algorithm = AES/CBC/PKCS5Padding
	password.encoder.iterations = 4096
	password.encoder.key.length = 128
	password.encoder.keyfactory.algorithm = null
	password.encoder.old.secret = null
	password.encoder.secret = null
	principal.builder.class = class org.apache.kafka.common.security.authenticator.DefaultKafkaPrincipalBuilder
	process.roles = []
	producer.id.expiration.check.interval.ms = 600000
	producer.id.expiration.ms = 86400000
	producer.purgatory.purge.interval.requests = 1000
	queued.max.request.bytes = -1
	queued.max.requests = 500
	quota.window.num = 11
	quota.window.size.seconds = 1
	remote.log.index.file.cache.total.size.bytes = 1073741824
	remote.log.manager.task.interval.ms = 30000
	remote.log.manager.task.retry.backoff.max.ms = 30000
	remote.log.manager.task.retry.backoff.ms = 500
	remote.log.manager.task.retry.jitter = 0.2
	remote.log.manager.thread.pool.size = 10
	remote.log.metadata.custom.metadata.max.bytes = 128
	remote.log.metadata.manager.class.name = org.apache.kafka.server.log.remote.metadata.storage.TopicBasedRemoteLogMetadataManager
	remote.log.metadata.manager.class.path = null
	remote.log.metadata.manager.impl.prefix = rlmm.config.
	remote.log.metadata.manager.listener.name = null
	remote.log.reader.max.pending.tasks = 100
	remote.log.reader.threads = 10
	remote.log.storage.manager.class.name = null
	remote.log.storage.manager.class.path = null
	remote.log.storage.manager.impl.prefix = rsm.config.
	remote.log.storage.system.enable = false
	replica.fetch.backoff.ms = 1000
	replica.fetch.max.bytes = 1048576
	replica.fetch.min.bytes = 1
	replica.fetch.response.max.bytes = 10485760
	replica.fetch.wait.max.ms = 500
	replica.high.watermark.checkpoint.interval.ms = 9223372036854775807
	replica.lag.time.max.ms = 30000
	replica.selector.class = null
	replica.socket.receive.buffer.bytes = 65536
	replica.socket.timeout.ms = 1000
	replication.quota.window.num = 11
	replication.quota.window.size.seconds = 1
	request.timeout.ms = 30000
	reserved.broker.max.id = 1000
	sasl.client.callback.handler.class = null
	sasl.enabled.mechanisms = [GSSAPI]
	sasl.jaas.config = null
	sasl.kerberos.kinit.cmd = /usr/bin/kinit
	sasl.kerberos.min.time.before.relogin = 60000
	sasl.kerberos.principal.to.local.rules = [DEFAULT]
	sasl.kerberos.service.name = null
	sasl.kerberos.ticket.renew.jitter = 0.05
	sasl.kerberos.ticket.renew.window.factor = 0.8
	sasl.login.callback.handler.class = null
	sasl.login.class = null
	sasl.login.connect.timeout.ms = null
	sasl.login.read.timeout.ms = null
	sasl.login.refresh.buffer.seconds = 300
	sasl.login.refresh.min.period.seconds = 60
	sasl.login.refresh.window.factor = 0.8
	sasl.login.refresh.window.jitter = 0.05
	sasl.login.retry.backoff.max.ms = 10000
	sasl.login.retry.backoff.ms = 100
	sasl.mechanism.controller.protocol = GSSAPI
	sasl.mechanism.inter.broker.protocol = GSSAPI
	sasl.oauthbearer.clock.skew.seconds = 30
	sasl.oauthbearer.expected.audience = null
	sasl.oauthbearer.expected.issuer = null
	sasl.oauthbearer.jwks.endpoint.refresh.ms = 3600000
	sasl.oauthbearer.jwks.endpoint.retry.backoff.max.ms = 10000
	sasl.oauthbearer.jwks.endpoint.retry.backoff.ms = 100
	sasl.oauthbearer.jwks.endpoint.url = null
	sasl.oauthbearer.scope.claim.name = scope
	sasl.oauthbearer.sub.claim.name = sub
	sasl.oauthbearer.token.endpoint.url = null
	sasl.server.callback.handler.class = null
	sasl.server.max.receive.size = 524288
	security.inter.broker.protocol = PLAINTEXT
	security.providers = null
	server.max.startup.time.ms = 9223372036854775807
	socket.connection.setup.timeout.max.ms = 30000
	socket.connection.setup.timeout.ms = 10000
	socket.listen.backlog.size = 50
	socket.receive.buffer.bytes = 102400
	socket.request.max.bytes = 104857600
	socket.send.buffer.bytes = 102400
	ssl.allow.dn.changes = false
	ssl.allow.san.changes = false
	ssl.cipher.suites = []
	ssl.client.auth = none
	ssl.enabled.protocols = [TLSv1.2, TLSv1.3]
	ssl.endpoint.identification.algorithm = https
	ssl.engine.factory.class = null
	ssl.key.password = null
	ssl.keymanager.algorithm = SunX509
	ssl.keystore.certificate.chain = null
	ssl.keystore.key = null
	ssl.keystore.location = null
	ssl.keystore.password = null
	ssl.keystore.type = JKS
	ssl.principal.mapping.rules = DEFAULT
	ssl.protocol = TLSv1.3
	ssl.provider = null
	ssl.secure.random.implementation = null
	ssl.trustmanager.algorithm = PKIX
	ssl.truststore.certificates = null
	ssl.truststore.location = null
	ssl.truststore.password = null
	ssl.truststore.type = JKS
	telemetry.max.bytes = 1048576
	transaction.abort.timed.out.transaction.cleanup.interval.ms = 10000
	transaction.max.timeout.ms = 900000
	transaction.partition.verification.enable = true
	transaction.remove.expired.transaction.cleanup.interval.ms = 3600000
	transaction.state.log.load.buffer.size = 5242880
	transaction.state.log.min.isr = 2
	transaction.state.log.num.partitions = 50
	transaction.state.log.replication.factor = 1
	transaction.state.log.segment.bytes = 104857600
	transactional.id.expiration.ms = 604800000
	unclean.leader.election.enable = false
	unstable.api.versions.enable = false
	unstable.metadata.versions.enable = true
	zookeeper.clientCnxnSocket = null
	zookeeper.connect = 127.0.0.1:65369
	zookeeper.connection.timeout.ms = 10000
	zookeeper.max.in.flight.requests = 10
	zookeeper.metadata.migration.enable = false
	zookeeper.metadata.migration.min.batch.size = 200
	zookeeper.session.timeout.ms = 18000
	zookeeper.set.acl = false
	zookeeper.ssl.cipher.suites = null
	zookeeper.ssl.client.enable = false
	zookeeper.ssl.crl.enable = false
	zookeeper.ssl.enabled.protocols = null
	zookeeper.ssl.endpoint.identification.algorithm = HTTPS
	zookeeper.ssl.keystore.location = null
	zookeeper.ssl.keystore.password = null
	zookeeper.ssl.keystore.type = null
	zookeeper.ssl.ocsp.enable = false
	zookeeper.ssl.protocol = TLSv1.2
	zookeeper.ssl.truststore.location = null
	zookeeper.ssl.truststore.password = null
	zookeeper.ssl.truststore.type = null

2026-02-09 21:00:22 - starting
2026-02-09 21:00:22 - Connecting to zookeeper on 127.0.0.1:65369
2026-02-09 21:00:22 - [ZooKeeperClient Kafka server] Initializing a new session to 127.0.0.1:65369.
2026-02-09 21:00:22 - Initiating client connection, connectString=127.0.0.1:65369 sessionTimeout=18000 watcher=kafka.zookeeper.ZooKeeperClient$ZooKeeperClientWatcher$@c5c7ff4
2026-02-09 21:00:22 - jute.maxbuffer value is 4194304 Bytes
2026-02-09 21:00:22 - zookeeper.request.timeout value is 0. feature enabled=false
2026-02-09 21:00:22 - [ZooKeeperClient Kafka server] Waiting until connected.
2026-02-09 21:00:22 - Opening socket connection to server /127.0.0.1:65369.
2026-02-09 21:00:22 - Socket connection established, initiating session, client: /127.0.0.1:65370, server: /127.0.0.1:65369
2026-02-09 21:00:22 - PrepRequestProcessor (sid:0) started, reconfigEnabled=false
2026-02-09 21:00:22 - Creating new log file: log.1
2026-02-09 21:00:22 - Session establishment complete on server /127.0.0.1:65369, session id = 0x10001468b9d0000, negotiated timeout = 16000
2026-02-09 21:00:22 - [ZooKeeperClient Kafka server] Connected.
2026-02-09 21:00:22 - [Producer clientId=producer-5] Node 0 disconnected.
2026-02-09 21:00:22 - [Producer clientId=producer-5] Connection to node 0 (localhost/127.0.0.1:9094) could not be established. Node may not be available.
2026-02-09 21:00:22 - [Producer clientId=producer-1] Node 0 disconnected.
2026-02-09 21:00:22 - [Producer clientId=producer-1] Connection to node 0 (localhost/127.0.0.1:9094) could not be established. Node may not be available.
2026-02-09 21:00:22 - Cluster ID = FztsX3jKR4ynM6kDQ657GA
2026-02-09 21:00:22 - KafkaConfig values: 
	advertised.listeners = null
	alter.config.policy.class.name = null
	alter.log.dirs.replication.quota.window.num = 11
	alter.log.dirs.replication.quota.window.size.seconds = 1
	authorizer.class.name = 
	auto.create.topics.enable = true
	auto.include.jmx.reporter = true
	auto.leader.rebalance.enable = true
	background.threads = 2
	broker.heartbeat.interval.ms = 2000
	broker.id = 0
	broker.id.generation.enable = true
	broker.rack = null
	broker.session.timeout.ms = 9000
	client.quota.callback.class = null
	compression.type = producer
	connection.failed.authentication.delay.ms = 100
	connections.max.idle.ms = 600000
	connections.max.reauth.ms = 0
	control.plane.listener.name = null
	controlled.shutdown.enable = false
	controlled.shutdown.max.retries = 3
	controlled.shutdown.retry.backoff.ms = 100
	controller.listener.names = null
	controller.quorum.append.linger.ms = 25
	controller.quorum.election.backoff.max.ms = 1000
	controller.quorum.election.timeout.ms = 1000
	controller.quorum.fetch.timeout.ms = 2000
	controller.quorum.request.timeout.ms = 2000
	controller.quorum.retry.backoff.ms = 20
	controller.quorum.voters = []
	controller.quota.window.num = 11
	controller.quota.window.size.seconds = 1
	controller.socket.timeout.ms = 1000
	create.topic.policy.class.name = null
	default.replication.factor = 1
	delegation.token.expiry.check.interval.ms = 3600000
	delegation.token.expiry.time.ms = 86400000
	delegation.token.master.key = null
	delegation.token.max.lifetime.ms = 604800000
	delegation.token.secret.key = null
	delete.records.purgatory.purge.interval.requests = 1
	delete.topic.enable = true
	early.start.listeners = null
	eligible.leader.replicas.enable = false
	fetch.max.bytes = 57671680
	fetch.purgatory.purge.interval.requests = 1000
	group.consumer.assignors = [org.apache.kafka.coordinator.group.assignor.UniformAssignor, org.apache.kafka.coordinator.group.assignor.RangeAssignor]
	group.consumer.heartbeat.interval.ms = 5000
	group.consumer.max.heartbeat.interval.ms = 15000
	group.consumer.max.session.timeout.ms = 60000
	group.consumer.max.size = 2147483647
	group.consumer.min.heartbeat.interval.ms = 5000
	group.consumer.min.session.timeout.ms = 45000
	group.consumer.session.timeout.ms = 45000
	group.coordinator.new.enable = false
	group.coordinator.rebalance.protocols = [classic]
	group.coordinator.threads = 1
	group.initial.rebalance.delay.ms = 0
	group.max.session.timeout.ms = 1800000
	group.max.size = 2147483647
	group.min.session.timeout.ms = 6000
	initial.broker.registration.timeout.ms = 60000
	inter.broker.listener.name = null
	inter.broker.protocol.version = 3.7-IV4
	kafka.metrics.polling.interval.secs = 10
	kafka.metrics.reporters = []
	leader.imbalance.check.interval.seconds = 300
	leader.imbalance.per.broker.percentage = 10
	listener.security.protocol.map = PLAINTEXT:PLAINTEXT,SSL:SSL,SASL_PLAINTEXT:SASL_PLAINTEXT,SASL_SSL:SASL_SSL
	listeners = PLAINTEXT://localhost:9093
	log.cleaner.backoff.ms = 15000
	log.cleaner.dedupe.buffer.size = 2097152
	log.cleaner.delete.retention.ms = 86400000
	log.cleaner.enable = true
	log.cleaner.io.buffer.load.factor = 0.9
	log.cleaner.io.buffer.size = 524288
	log.cleaner.io.max.bytes.per.second = 1.7976931348623157E308
	log.cleaner.max.compaction.lag.ms = 9223372036854775807
	log.cleaner.min.cleanable.ratio = 0.5
	log.cleaner.min.compaction.lag.ms = 0
	log.cleaner.threads = 1
	log.cleanup.policy = [delete]
	log.dir = C:\Users\MEUCOM~1\AppData\Local\Temp\spring.kafka.24d59996-5930-4ca0-8d5f-580ec04d2e7114359176375113142042
	log.dirs = null
	log.flush.interval.messages = 9223372036854775807
	log.flush.interval.ms = null
	log.flush.offset.checkpoint.interval.ms = 60000
	log.flush.scheduler.interval.ms = 9223372036854775807
	log.flush.start.offset.checkpoint.interval.ms = 60000
	log.index.interval.bytes = 4096
	log.index.size.max.bytes = 10485760
	log.local.retention.bytes = -2
	log.local.retention.ms = -2
	log.message.downconversion.enable = true
	log.message.format.version = 3.0-IV1
	log.message.timestamp.after.max.ms = 9223372036854775807
	log.message.timestamp.before.max.ms = 9223372036854775807
	log.message.timestamp.difference.max.ms = 9223372036854775807
	log.message.timestamp.type = CreateTime
	log.preallocate = false
	log.retention.bytes = -1
	log.retention.check.interval.ms = 300000
	log.retention.hours = 168
	log.retention.minutes = null
	log.retention.ms = null
	log.roll.hours = 168
	log.roll.jitter.hours = 0
	log.roll.jitter.ms = null
	log.roll.ms = null
	log.segment.bytes = 1073741824
	log.segment.delete.delay.ms = 1000
	max.connection.creation.rate = 2147483647
	max.connections = 2147483647
	max.connections.per.ip = 2147483647
	max.connections.per.ip.overrides = 
	max.incremental.fetch.session.cache.slots = 1000
	message.max.bytes = 1048588
	metadata.log.dir = null
	metadata.log.max.record.bytes.between.snapshots = 20971520
	metadata.log.max.snapshot.interval.ms = 3600000
	metadata.log.segment.bytes = 1073741824
	metadata.log.segment.min.bytes = 8388608
	metadata.log.segment.ms = 604800000
	metadata.max.idle.interval.ms = 500
	metadata.max.retention.bytes = 104857600
	metadata.max.retention.ms = 604800000
	metric.reporters = []
	metrics.num.samples = 2
	metrics.recording.level = INFO
	metrics.sample.window.ms = 30000
	min.insync.replicas = 1
	node.id = 0
	num.io.threads = 8
	num.network.threads = 2
	num.partitions = 1
	num.recovery.threads.per.data.dir = 1
	num.replica.alter.log.dirs.threads = null
	num.replica.fetchers = 1
	offset.metadata.max.bytes = 4096
	offsets.commit.required.acks = -1
	offsets.commit.timeout.ms = 5000
	offsets.load.buffer.size = 5242880
	offsets.retention.check.interval.ms = 600000
	offsets.retention.minutes = 10080
	offsets.topic.compression.codec = 0
	offsets.topic.num.partitions = 5
	offsets.topic.replication.factor = 1
	offsets.topic.segment.bytes = 104857600
	password.encoder.cipher.algorithm = AES/CBC/PKCS5Padding
	password.encoder.iterations = 4096
	password.encoder.key.length = 128
	password.encoder.keyfactory.algorithm = null
	password.encoder.old.secret = null
	password.encoder.secret = null
	principal.builder.class = class org.apache.kafka.common.security.authenticator.DefaultKafkaPrincipalBuilder
	process.roles = []
	producer.id.expiration.check.interval.ms = 600000
	producer.id.expiration.ms = 86400000
	producer.purgatory.purge.interval.requests = 1000
	queued.max.request.bytes = -1
	queued.max.requests = 500
	quota.window.num = 11
	quota.window.size.seconds = 1
	remote.log.index.file.cache.total.size.bytes = 1073741824
	remote.log.manager.task.interval.ms = 30000
	remote.log.manager.task.retry.backoff.max.ms = 30000
	remote.log.manager.task.retry.backoff.ms = 500
	remote.log.manager.task.retry.jitter = 0.2
	remote.log.manager.thread.pool.size = 10
	remote.log.metadata.custom.metadata.max.bytes = 128
	remote.log.metadata.manager.class.name = org.apache.kafka.server.log.remote.metadata.storage.TopicBasedRemoteLogMetadataManager
	remote.log.metadata.manager.class.path = null
	remote.log.metadata.manager.impl.prefix = rlmm.config.
	remote.log.metadata.manager.listener.name = null
	remote.log.reader.max.pending.tasks = 100
	remote.log.reader.threads = 10
	remote.log.storage.manager.class.name = null
	remote.log.storage.manager.class.path = null
	remote.log.storage.manager.impl.prefix = rsm.config.
	remote.log.storage.system.enable = false
	replica.fetch.backoff.ms = 1000
	replica.fetch.max.bytes = 1048576
	replica.fetch.min.bytes = 1
	replica.fetch.response.max.bytes = 10485760
	replica.fetch.wait.max.ms = 500
	replica.high.watermark.checkpoint.interval.ms = 9223372036854775807
	replica.lag.time.max.ms = 30000
	replica.selector.class = null
	replica.socket.receive.buffer.bytes = 65536
	replica.socket.timeout.ms = 1000
	replication.quota.window.num = 11
	replication.quota.window.size.seconds = 1
	request.timeout.ms = 30000
	reserved.broker.max.id = 1000
	sasl.client.callback.handler.class = null
	sasl.enabled.mechanisms = [GSSAPI]
	sasl.jaas.config = null
	sasl.kerberos.kinit.cmd = /usr/bin/kinit
	sasl.kerberos.min.time.before.relogin = 60000
	sasl.kerberos.principal.to.local.rules = [DEFAULT]
	sasl.kerberos.service.name = null
	sasl.kerberos.ticket.renew.jitter = 0.05
	sasl.kerberos.ticket.renew.window.factor = 0.8
	sasl.login.callback.handler.class = null
	sasl.login.class = null
	sasl.login.connect.timeout.ms = null
	sasl.login.read.timeout.ms = null
	sasl.login.refresh.buffer.seconds = 300
	sasl.login.refresh.min.period.seconds = 60
	sasl.login.refresh.window.factor = 0.8
	sasl.login.refresh.window.jitter = 0.05
	sasl.login.retry.backoff.max.ms = 10000
	sasl.login.retry.backoff.ms = 100
	sasl.mechanism.controller.protocol = GSSAPI
	sasl.mechanism.inter.broker.protocol = GSSAPI
	sasl.oauthbearer.clock.skew.seconds = 30
	sasl.oauthbearer.expected.audience = null
	sasl.oauthbearer.expected.issuer = null
	sasl.oauthbearer.jwks.endpoint.refresh.ms = 3600000
	sasl.oauthbearer.jwks.endpoint.retry.backoff.max.ms = 10000
	sasl.oauthbearer.jwks.endpoint.retry.backoff.ms = 100
	sasl.oauthbearer.jwks.endpoint.url = null
	sasl.oauthbearer.scope.claim.name = scope
	sasl.oauthbearer.sub.claim.name = sub
	sasl.oauthbearer.token.endpoint.url = null
	sasl.server.callback.handler.class = null
	sasl.server.max.receive.size = 524288
	security.inter.broker.protocol = PLAINTEXT
	security.providers = null
	server.max.startup.time.ms = 9223372036854775807
	socket.connection.setup.timeout.max.ms = 30000
	socket.connection.setup.timeout.ms = 10000
	socket.listen.backlog.size = 50
	socket.receive.buffer.bytes = 102400
	socket.request.max.bytes = 104857600
	socket.send.buffer.bytes = 102400
	ssl.allow.dn.changes = false
	ssl.allow.san.changes = false
	ssl.cipher.suites = []
	ssl.client.auth = none
	ssl.enabled.protocols = [TLSv1.2, TLSv1.3]
	ssl.endpoint.identification.algorithm = https
	ssl.engine.factory.class = null
	ssl.key.password = null
	ssl.keymanager.algorithm = SunX509
	ssl.keystore.certificate.chain = null
	ssl.keystore.key = null
	ssl.keystore.location = null
	ssl.keystore.password = null
	ssl.keystore.type = JKS
	ssl.principal.mapping.rules = DEFAULT
	ssl.protocol = TLSv1.3
	ssl.provider = null
	ssl.secure.random.implementation = null
	ssl.trustmanager.algorithm = PKIX
	ssl.truststore.certificates = null
	ssl.truststore.location = null
	ssl.truststore.password = null
	ssl.truststore.type = JKS
	telemetry.max.bytes = 1048576
	transaction.abort.timed.out.transaction.cleanup.interval.ms = 10000
	transaction.max.timeout.ms = 900000
	transaction.partition.verification.enable = true
	transaction.remove.expired.transaction.cleanup.interval.ms = 3600000
	transaction.state.log.load.buffer.size = 5242880
	transaction.state.log.min.isr = 2
	transaction.state.log.num.partitions = 50
	transaction.state.log.replication.factor = 1
	transaction.state.log.segment.bytes = 104857600
	transactional.id.expiration.ms = 604800000
	unclean.leader.election.enable = false
	unstable.api.versions.enable = false
	unstable.metadata.versions.enable = true
	zookeeper.clientCnxnSocket = null
	zookeeper.connect = 127.0.0.1:65369
	zookeeper.connection.timeout.ms = 10000
	zookeeper.max.in.flight.requests = 10
	zookeeper.metadata.migration.enable = false
	zookeeper.metadata.migration.min.batch.size = 200
	zookeeper.session.timeout.ms = 18000
	zookeeper.set.acl = false
	zookeeper.ssl.cipher.suites = null
	zookeeper.ssl.client.enable = false
	zookeeper.ssl.crl.enable = false
	zookeeper.ssl.enabled.protocols = null
	zookeeper.ssl.endpoint.identification.algorithm = HTTPS
	zookeeper.ssl.keystore.location = null
	zookeeper.ssl.keystore.password = null
	zookeeper.ssl.keystore.type = null
	zookeeper.ssl.ocsp.enable = false
	zookeeper.ssl.protocol = TLSv1.2
	zookeeper.ssl.truststore.location = null
	zookeeper.ssl.truststore.password = null
	zookeeper.ssl.truststore.type = null

2026-02-09 21:00:23 - [KafkaServer id=0] Rewriting C:\Users\MEUCOM~1\AppData\Local\Temp\spring.kafka.24d59996-5930-4ca0-8d5f-580ec04d2e7114359176375113142042\meta.properties
2026-02-09 21:00:23 - [ThrottledChannelReaper-Fetch]: Starting
2026-02-09 21:00:23 - [ThrottledChannelReaper-Produce]: Starting
2026-02-09 21:00:23 - [ThrottledChannelReaper-Request]: Starting
2026-02-09 21:00:23 - [ThrottledChannelReaper-ControllerMutation]: Starting
2026-02-09 21:00:23 - Loading logs from log dirs ArraySeq(C:\Users\MEUCOM~1\AppData\Local\Temp\spring.kafka.24d59996-5930-4ca0-8d5f-580ec04d2e7114359176375113142042)
2026-02-09 21:00:23 - No logs found to be loaded in C:\Users\MEUCOM~1\AppData\Local\Temp\spring.kafka.24d59996-5930-4ca0-8d5f-580ec04d2e7114359176375113142042
2026-02-09 21:00:23 - Loaded 0 logs in 2ms
2026-02-09 21:00:23 - Starting log cleanup with a period of 300000 ms.
2026-02-09 21:00:23 - Starting log flusher with a default period of 9223372036854775807 ms.
2026-02-09 21:00:23 - Starting the log cleaner
2026-02-09 21:00:23 - [feature-zk-node-event-process-thread]: Starting
2026-02-09 21:00:23 - [kafka-log-cleaner-thread-0]: Starting
2026-02-09 21:00:23 - Feature ZK node at path: /feature does not exist
2026-02-09 21:00:23 - SessionTrackerImpl exited loop!
2026-02-09 21:00:23 - [zk-broker-0-to-controller-forwarding-channel-manager]: Starting
2026-02-09 21:00:23 - Updated connection-accept-rate max connection creation rate to 2147483647
2026-02-09 21:00:23 - [SocketServer listenerType=ZK_BROKER, nodeId=0] Created data-plane acceptor and processors for endpoint : ListenerName(PLAINTEXT)
2026-02-09 21:00:23 - [zk-broker-0-to-controller-alter-partition-channel-manager]: Starting
2026-02-09 21:00:23 - [ExpirationReaper-0-DeleteRecords]: Starting
2026-02-09 21:00:23 - [ExpirationReaper-0-ElectLeader]: Starting
2026-02-09 21:00:23 - [AddPartitionsToTxnSenderThread-0]: Starting
2026-02-09 21:00:23 - Creating /brokers/ids/0 (is it secure? false)
2026-02-09 21:00:23 - Stat of the created znode at /brokers/ids/0 is: 25,25,1770681623244,1770681623244,1,0,0,72058996539588608,202,0,25

2026-02-09 21:00:23 - Registered broker 0 at path /brokers/ids/0 with addresses: PLAINTEXT://localhost:9093, czxid (broker epoch): 25
2026-02-09 21:00:23 - [ControllerEventThread controllerId=0] Starting
2026-02-09 21:00:23 - [ExpirationReaper-0-Rebalance]: Starting
2026-02-09 21:00:23 - [GroupCoordinator 0]: Starting up.
2026-02-09 21:00:23 - [GroupCoordinator 0]: Startup complete.
2026-02-09 21:00:23 - [TransactionCoordinator id=0] Starting up.
2026-02-09 21:00:23 - Successfully created /controller_epoch with initial epoch 0
2026-02-09 21:00:23 - [TransactionCoordinator id=0] Startup complete.
2026-02-09 21:00:23 - [Controller id=0] 0 successfully elected as the controller. Epoch incremented to 1 and epoch zk version is now 1
2026-02-09 21:00:23 - [ExpirationReaper-0-AlterAcls]: Starting
2026-02-09 21:00:23 - [Controller id=0] Creating FeatureZNode at path: /feature with contents: FeatureZNode(2,Enabled,Map())
2026-02-09 21:00:23 - [/config/changes-event-process-thread]: Starting
2026-02-09 21:00:23 - Feature ZK node created at path: /feature
2026-02-09 21:00:23 - [MetadataCache brokerId=0] Updated cache from existing None to latest Features(version=3.7-IV4, finalizedFeatures={}, finalizedFeaturesEpoch=0).
2026-02-09 21:00:23 - [Controller id=0] Registering handlers
2026-02-09 21:00:23 - [SocketServer listenerType=ZK_BROKER, nodeId=0] Enabling request processing.
2026-02-09 21:00:23 - Awaiting socket connections on localhost:9093.
2026-02-09 21:00:23 - Kafka version: 3.7.2
2026-02-09 21:00:23 - Kafka commitId: 79a8f2b5f44f9d5a
2026-02-09 21:00:23 - Kafka startTimeMs: 1770681623288
2026-02-09 21:00:23 - [KafkaServer id=0] started
2026-02-09 21:00:23 - [Controller id=0] Deleting log dir event notifications
2026-02-09 21:00:23 - AdminClientConfig values: 
	auto.include.jmx.reporter = true
	bootstrap.controllers = []
	bootstrap.servers = [127.0.0.1:9093]
	client.dns.lookup = use_all_dns_ips
	client.id = 
	connections.max.idle.ms = 300000
	default.api.timeout.ms = 60000
	enable.metrics.push = true
	metadata.max.age.ms = 300000
	metric.reporters = []
	metrics.num.samples = 2
	metrics.recording.level = INFO
	metrics.sample.window.ms = 30000
	receive.buffer.bytes = 65536
	reconnect.backoff.max.ms = 1000
	reconnect.backoff.ms = 50
	request.timeout.ms = 30000
	retries = 2147483647
	retry.backoff.max.ms = 1000
	retry.backoff.ms = 100
	sasl.client.callback.handler.class = null
	sasl.jaas.config = null
	sasl.kerberos.kinit.cmd = /usr/bin/kinit
	sasl.kerberos.min.time.before.relogin = 60000
	sasl.kerberos.service.name = null
	sasl.kerberos.ticket.renew.jitter = 0.05
	sasl.kerberos.ticket.renew.window.factor = 0.8
	sasl.login.callback.handler.class = null
	sasl.login.class = null
	sasl.login.connect.timeout.ms = null
	sasl.login.read.timeout.ms = null
	sasl.login.refresh.buffer.seconds = 300
	sasl.login.refresh.min.period.seconds = 60
	sasl.login.refresh.window.factor = 0.8
	sasl.login.refresh.window.jitter = 0.05
	sasl.login.retry.backoff.max.ms = 10000
	sasl.login.retry.backoff.ms = 100
	sasl.mechanism = GSSAPI
	sasl.oauthbearer.clock.skew.seconds = 30
	sasl.oauthbearer.expected.audience = null
	sasl.oauthbearer.expected.issuer = null
	sasl.oauthbearer.jwks.endpoint.refresh.ms = 3600000
	sasl.oauthbearer.jwks.endpoint.retry.backoff.max.ms = 10000
	sasl.oauthbearer.jwks.endpoint.retry.backoff.ms = 100
	sasl.oauthbearer.jwks.endpoint.url = null
	sasl.oauthbearer.scope.claim.name = scope
	sasl.oauthbearer.sub.claim.name = sub
	sasl.oauthbearer.token.endpoint.url = null
	security.protocol = PLAINTEXT
	security.providers = null
	send.buffer.bytes = 131072
	socket.connection.setup.timeout.max.ms = 30000
	socket.connection.setup.timeout.ms = 10000
	ssl.cipher.suites = null
	ssl.enabled.protocols = [TLSv1.2, TLSv1.3]
	ssl.endpoint.identification.algorithm = https
	ssl.engine.factory.class = null
	ssl.key.password = null
	ssl.keymanager.algorithm = SunX509
	ssl.keystore.certificate.chain = null
	ssl.keystore.key = null
	ssl.keystore.location = null
	ssl.keystore.password = null
	ssl.keystore.type = JKS
	ssl.protocol = TLSv1.3
	ssl.provider = null
	ssl.secure.random.implementation = null
	ssl.trustmanager.algorithm = PKIX
	ssl.truststore.certificates = null
	ssl.truststore.location = null
	ssl.truststore.password = null
	ssl.truststore.type = JKS

2026-02-09 21:00:23 - [Controller id=0] Deleting isr change notifications
2026-02-09 21:00:23 - [ExpirationReaper-0-Produce]: Starting
2026-02-09 21:00:23 - [ExpirationReaper-0-Fetch]: Starting
2026-02-09 21:00:23 - [Controller id=0] Initializing controller context
2026-02-09 21:00:23 - Kafka version: 3.7.2
2026-02-09 21:00:23 - Kafka commitId: 79a8f2b5f44f9d5a
2026-02-09 21:00:23 - [LogDirFailureHandler]: Starting
2026-02-09 21:00:23 - Kafka startTimeMs: 1770681623294
2026-02-09 21:00:23 - [ExpirationReaper-0-RemoteFetch]: Starting
2026-02-09 21:00:23 - [ExpirationReaper-0-topic]: Starting
2026-02-09 21:00:23 - [ExpirationReaper-0-Heartbeat]: Starting
2026-02-09 21:00:23 - [Controller id=0] Initialized broker epochs cache: HashMap(0 -> 25)
2026-02-09 21:00:23 - [TxnMarkerSenderThread-0]: Starting
2026-02-09 21:00:23 - [Controller id=0] Currently active brokers in the cluster: Set(0)
2026-02-09 21:00:23 - [Controller id=0] Currently shutting brokers in the cluster: HashSet()
2026-02-09 21:00:23 - [Controller id=0] Current list of topics in the cluster: HashSet()
2026-02-09 21:00:23 - [Controller id=0] Fetching topic deletions in progress
2026-02-09 21:00:23 - [Controller id=0] List of topics to be deleted: 
2026-02-09 21:00:23 - [Controller id=0] List of topics ineligible for deletion: 
2026-02-09 21:00:23 - [Controller id=0] Initializing topic deletion manager
2026-02-09 21:00:23 - [Topic Deletion Manager 0] Initializing manager with initial deletions: Set(), initial ineligible deletions: HashSet()
2026-02-09 21:00:23 - [Controller id=0] Sending update metadata request
2026-02-09 21:00:23 - [Controller id=0 epoch=1] Sending UpdateMetadata request to brokers HashSet(0) for 0 partitions
2026-02-09 21:00:23 - [ReplicaStateMachine controllerId=0] Initializing replica state
2026-02-09 21:00:23 - [ReplicaStateMachine controllerId=0] Triggering online replica state changes
2026-02-09 21:00:23 - [ReplicaStateMachine controllerId=0] Triggering offline replica state changes
2026-02-09 21:00:23 - [PartitionStateMachine controllerId=0] Initializing partition state
2026-02-09 21:00:23 - [PartitionStateMachine controllerId=0] Triggering online partition state changes
2026-02-09 21:00:23 - [Controller id=0] Ready to serve as the new controller with epoch 1
2026-02-09 21:00:23 - [Controller id=0] Partitions undergoing preferred replica election: 
2026-02-09 21:00:23 - [Controller id=0] Partitions that completed preferred replica election: 
2026-02-09 21:00:23 - [Controller id=0] Skipping preferred replica election for partitions due to topic deletion: 
2026-02-09 21:00:23 - [Controller id=0] Resuming preferred replica election for partitions: 
2026-02-09 21:00:23 - [Controller id=0] Starting replica leader election (PREFERRED) for partitions  triggered by ZkTriggered
2026-02-09 21:00:23 - [RequestSendThread controllerId=0] Starting
2026-02-09 21:00:23 - [RequestSendThread controllerId=0] Controller 0 connected to localhost:9093 (id: 0 rack: null) for sending state change requests
2026-02-09 21:00:23 - [Controller id=0] Starting the controller scheduler
2026-02-09 21:00:23 - [Producer clientId=producer-6] Node 0 disconnected.
2026-02-09 21:00:23 - [Producer clientId=producer-6] Connection to node 0 (localhost/127.0.0.1:9094) could not be established. Node may not be available.
2026-02-09 21:00:23 - [zk-broker-0-to-controller-forwarding-channel-manager]: Recorded new ZK controller, from now on will use node localhost:9093 (id: 0 rack: null)
2026-02-09 21:00:23 - [zk-broker-0-to-controller-alter-partition-channel-manager]: Recorded new ZK controller, from now on will use node localhost:9093 (id: 0 rack: null)
2026-02-09 21:00:23 - Creating topic os-events with configuration {} and initial partition assignment HashMap(0 -> ArrayBuffer(0))
2026-02-09 21:00:23 - [Controller id=0] New topics: [Set(os-events)], deleted topics: [HashSet()], new partition replica assignment [Set(TopicIdReplicaAssignment(os-events,Some(_omQI4itQ2up9OTmS2kr0g),Map(os-events-0 -> ReplicaAssignment(replicas=0, addingReplicas=, removingReplicas=))))]
2026-02-09 21:00:23 - [Controller id=0] New partition creation callback for os-events-0
2026-02-09 21:00:23 - [Controller id=0 epoch=1] Changed partition os-events-0 state from NonExistentPartition to NewPartition with assigned replicas 0
2026-02-09 21:00:23 - [Controller id=0 epoch=1] Sending UpdateMetadata request to brokers HashSet() for 0 partitions
2026-02-09 21:00:23 - [Controller id=0 epoch=1] Sending UpdateMetadata request to brokers HashSet() for 0 partitions
2026-02-09 21:00:23 - Creating topic billing-events with configuration {} and initial partition assignment HashMap(0 -> ArrayBuffer(0))
2026-02-09 21:00:23 - [Controller id=0 epoch=1] Changed partition os-events-0 from NewPartition to OnlinePartition with state LeaderAndIsr(leader=0, leaderEpoch=0, isrWithBrokerEpoch=List(BrokerState(brokerId=0, brokerEpoch=-1)), leaderRecoveryState=RECOVERED, partitionEpoch=0)
2026-02-09 21:00:23 - [Controller id=0 epoch=1] Sending LeaderAndIsr request to broker 0 with 1 become-leader and 0 become-follower partitions
2026-02-09 21:00:23 - [Controller id=0 epoch=1] Sending UpdateMetadata request to brokers HashSet(0) for 1 partitions
2026-02-09 21:00:23 - [Controller id=0 epoch=1] Sending UpdateMetadata request to brokers HashSet() for 0 partitions
2026-02-09 21:00:23 - [Broker id=0] Handling LeaderAndIsr request correlationId 1 from controller 0 for 1 partitions
2026-02-09 21:00:23 - [ReplicaFetcherManager on broker 0] Removed fetcher for partitions Set(os-events-0)
2026-02-09 21:00:23 - [Broker id=0] Stopped fetchers as part of LeaderAndIsr request correlationId 1 from controller 0 epoch 1 as part of the become-leader transition for 1 partitions
2026-02-09 21:00:23 - [Controller id=0] New topics: [Set(billing-events)], deleted topics: [HashSet()], new partition replica assignment [Set(TopicIdReplicaAssignment(billing-events,Some(4gACcLZjQ1GbZhpI6H7qPw),Map(billing-events-0 -> ReplicaAssignment(replicas=0, addingReplicas=, removingReplicas=))))]
2026-02-09 21:00:23 - [Controller id=0] New partition creation callback for billing-events-0
2026-02-09 21:00:23 - [Controller id=0 epoch=1] Changed partition billing-events-0 state from NonExistentPartition to NewPartition with assigned replicas 0
2026-02-09 21:00:23 - [Controller id=0 epoch=1] Sending UpdateMetadata request to brokers HashSet() for 0 partitions
2026-02-09 21:00:23 - [Controller id=0 epoch=1] Sending UpdateMetadata request to brokers HashSet() for 0 partitions
2026-02-09 21:00:23 - [LogLoader partition=os-events-0, dir=C:\Users\MEUCOM~1\AppData\Local\Temp\spring.kafka.24d59996-5930-4ca0-8d5f-580ec04d2e7114359176375113142042] Loading producer state till offset 0 with message format version 2
2026-02-09 21:00:23 - Created log for partition os-events-0 in C:\Users\MEUCOM~1\AppData\Local\Temp\spring.kafka.24d59996-5930-4ca0-8d5f-580ec04d2e7114359176375113142042\os-events-0 with properties {}
2026-02-09 21:00:23 - [Partition os-events-0 broker=0] No checkpointed highwatermark is found for partition os-events-0
2026-02-09 21:00:23 - [Partition os-events-0 broker=0] Log loaded for partition os-events-0 with initial high watermark 0
2026-02-09 21:00:23 - [Broker id=0] Leader os-events-0 with topic id Some(_omQI4itQ2up9OTmS2kr0g) starts at leader epoch 0 from offset 0 with partition epoch 0, high watermark 0, ISR [0], adding replicas [] and removing replicas [] . Previous leader None and previous leader epoch was -1.
2026-02-09 21:00:23 - Creating topic execution-events with configuration {} and initial partition assignment HashMap(0 -> ArrayBuffer(0))
2026-02-09 21:00:23 - [Broker id=0] Finished LeaderAndIsr request in 31ms correlationId 1 from controller 0 for 1 partitions
2026-02-09 21:00:23 - [Broker id=0] Add 1 partitions and deleted 0 partitions from metadata cache in response to UpdateMetadata request sent by controller 0 epoch 1 with correlation id 2
2026-02-09 21:00:23 - [Controller id=0 epoch=1] Changed partition billing-events-0 from NewPartition to OnlinePartition with state LeaderAndIsr(leader=0, leaderEpoch=0, isrWithBrokerEpoch=List(BrokerState(brokerId=0, brokerEpoch=-1)), leaderRecoveryState=RECOVERED, partitionEpoch=0)
2026-02-09 21:00:23 - [Controller id=0 epoch=1] Sending LeaderAndIsr request to broker 0 with 1 become-leader and 0 become-follower partitions
2026-02-09 21:00:23 - [Controller id=0 epoch=1] Sending UpdateMetadata request to brokers HashSet(0) for 1 partitions
2026-02-09 21:00:23 - [Controller id=0 epoch=1] Sending UpdateMetadata request to brokers HashSet() for 0 partitions
2026-02-09 21:00:23 - [Broker id=0] Handling LeaderAndIsr request correlationId 3 from controller 0 for 1 partitions
2026-02-09 21:00:23 - [ReplicaFetcherManager on broker 0] Removed fetcher for partitions Set(billing-events-0)
2026-02-09 21:00:23 - [Broker id=0] Stopped fetchers as part of LeaderAndIsr request correlationId 3 from controller 0 epoch 1 as part of the become-leader transition for 1 partitions
2026-02-09 21:00:23 - [LogLoader partition=billing-events-0, dir=C:\Users\MEUCOM~1\AppData\Local\Temp\spring.kafka.24d59996-5930-4ca0-8d5f-580ec04d2e7114359176375113142042] Loading producer state till offset 0 with message format version 2
2026-02-09 21:00:23 - Created log for partition billing-events-0 in C:\Users\MEUCOM~1\AppData\Local\Temp\spring.kafka.24d59996-5930-4ca0-8d5f-580ec04d2e7114359176375113142042\billing-events-0 with properties {}
2026-02-09 21:00:23 - [Partition billing-events-0 broker=0] No checkpointed highwatermark is found for partition billing-events-0
2026-02-09 21:00:23 - [Partition billing-events-0 broker=0] Log loaded for partition billing-events-0 with initial high watermark 0
2026-02-09 21:00:23 - [Broker id=0] Leader billing-events-0 with topic id Some(4gACcLZjQ1GbZhpI6H7qPw) starts at leader epoch 0 from offset 0 with partition epoch 0, high watermark 0, ISR [0], adding replicas [] and removing replicas [] . Previous leader None and previous leader epoch was -1.
2026-02-09 21:00:23 - [Broker id=0] Finished LeaderAndIsr request in 21ms correlationId 3 from controller 0 for 1 partitions
2026-02-09 21:00:23 - [Broker id=0] Add 1 partitions and deleted 0 partitions from metadata cache in response to UpdateMetadata request sent by controller 0 epoch 1 with correlation id 4
2026-02-09 21:00:23 - [Controller id=0] New topics: [Set(execution-events)], deleted topics: [HashSet()], new partition replica assignment [Set(TopicIdReplicaAssignment(execution-events,Some(aPMF5CxXQYSXM6RxU0KliQ),Map(execution-events-0 -> ReplicaAssignment(replicas=0, addingReplicas=, removingReplicas=))))]
2026-02-09 21:00:23 - [Controller id=0] New partition creation callback for execution-events-0
2026-02-09 21:00:23 - [Controller id=0 epoch=1] Changed partition execution-events-0 state from NonExistentPartition to NewPartition with assigned replicas 0
2026-02-09 21:00:23 - [Controller id=0 epoch=1] Sending UpdateMetadata request to brokers HashSet() for 0 partitions
2026-02-09 21:00:23 - [Controller id=0 epoch=1] Sending UpdateMetadata request to brokers HashSet() for 0 partitions
2026-02-09 21:00:23 - [Controller id=0 epoch=1] Changed partition execution-events-0 from NewPartition to OnlinePartition with state LeaderAndIsr(leader=0, leaderEpoch=0, isrWithBrokerEpoch=List(BrokerState(brokerId=0, brokerEpoch=-1)), leaderRecoveryState=RECOVERED, partitionEpoch=0)
2026-02-09 21:00:23 - [Controller id=0 epoch=1] Sending LeaderAndIsr request to broker 0 with 1 become-leader and 0 become-follower partitions
2026-02-09 21:00:23 - [Controller id=0 epoch=1] Sending UpdateMetadata request to brokers HashSet(0) for 1 partitions
2026-02-09 21:00:23 - [Controller id=0 epoch=1] Sending UpdateMetadata request to brokers HashSet() for 0 partitions
2026-02-09 21:00:23 - [Broker id=0] Handling LeaderAndIsr request correlationId 5 from controller 0 for 1 partitions
2026-02-09 21:00:23 - [ReplicaFetcherManager on broker 0] Removed fetcher for partitions Set(execution-events-0)
2026-02-09 21:00:23 - [Broker id=0] Stopped fetchers as part of LeaderAndIsr request correlationId 5 from controller 0 epoch 1 as part of the become-leader transition for 1 partitions
2026-02-09 21:00:23 - [Producer clientId=producer-3] Node 0 disconnected.
2026-02-09 21:00:23 - [Producer clientId=producer-3] Connection to node 0 (localhost/127.0.0.1:9094) could not be established. Node may not be available.
2026-02-09 21:00:23 - [LogLoader partition=execution-events-0, dir=C:\Users\MEUCOM~1\AppData\Local\Temp\spring.kafka.24d59996-5930-4ca0-8d5f-580ec04d2e7114359176375113142042] Loading producer state till offset 0 with message format version 2
2026-02-09 21:00:23 - Created log for partition execution-events-0 in C:\Users\MEUCOM~1\AppData\Local\Temp\spring.kafka.24d59996-5930-4ca0-8d5f-580ec04d2e7114359176375113142042\execution-events-0 with properties {}
2026-02-09 21:00:23 - [Partition execution-events-0 broker=0] No checkpointed highwatermark is found for partition execution-events-0
2026-02-09 21:00:23 - [Partition execution-events-0 broker=0] Log loaded for partition execution-events-0 with initial high watermark 0
2026-02-09 21:00:23 - [Broker id=0] Leader execution-events-0 with topic id Some(aPMF5CxXQYSXM6RxU0KliQ) starts at leader epoch 0 from offset 0 with partition epoch 0, high watermark 0, ISR [0], adding replicas [] and removing replicas [] . Previous leader None and previous leader epoch was -1.
2026-02-09 21:00:23 - [Producer clientId=producer-4] Node 0 disconnected.
2026-02-09 21:00:23 - [Producer clientId=producer-4] Connection to node 0 (localhost/127.0.0.1:9094) could not be established. Node may not be available.
2026-02-09 21:00:23 - [Broker id=0] Finished LeaderAndIsr request in 21ms correlationId 5 from controller 0 for 1 partitions
2026-02-09 21:00:23 - [Broker id=0] Add 1 partitions and deleted 0 partitions from metadata cache in response to UpdateMetadata request sent by controller 0 epoch 1 with correlation id 6
2026-02-09 21:00:23 - App info kafka.admin.client for adminclient-2 unregistered
2026-02-09 21:00:23 - Metrics scheduler closed
2026-02-09 21:00:23 - Closing reporter org.apache.kafka.common.metrics.JmxReporter
2026-02-09 21:00:23 - Metrics reporters closed
2026-02-09 21:00:23 - Starting KafkaEventPublisherTest using Java 21.0.9 with PID 23604 (started by Meu Computador in C:\Users\Meu Computador\OneDrive\Área de Trabalho\FIAP\projeto\fase_quatro\oficina-os-service)
2026-02-09 21:00:23 - The following 1 profile is active: "test"
2026-02-09 21:00:23 - [Producer clientId=producer-2] Node 0 disconnected.
2026-02-09 21:00:23 - [Producer clientId=producer-2] Connection to node 0 (localhost/127.0.0.1:9094) could not be established. Node may not be available.
2026-02-09 21:00:23 - [Producer clientId=producer-5] Node 0 disconnected.
2026-02-09 21:00:23 - [Producer clientId=producer-5] Connection to node 0 (localhost/127.0.0.1:9094) could not be established. Node may not be available.
2026-02-09 21:00:23 - [Producer clientId=producer-1] Node 0 disconnected.
2026-02-09 21:00:23 - [Producer clientId=producer-1] Connection to node 0 (localhost/127.0.0.1:9094) could not be established. Node may not be available.
2026-02-09 21:00:24 - [Producer clientId=producer-6] Node 0 disconnected.
2026-02-09 21:00:24 - [Producer clientId=producer-6] Connection to node 0 (localhost/127.0.0.1:9094) could not be established. Node may not be available.
2026-02-09 21:00:24 - [Producer clientId=producer-4] Node 0 disconnected.
2026-02-09 21:00:24 - [Producer clientId=producer-4] Connection to node 0 (localhost/127.0.0.1:9094) could not be established. Node may not be available.
2026-02-09 21:00:24 - Bootstrapping Spring Data JPA repositories in DEFAULT mode.
2026-02-09 21:00:24 - Finished Spring Data repository scanning in 12 ms. Found 1 JPA repository interface.
2026-02-09 21:00:24 - [Producer clientId=producer-3] Node 0 disconnected.
2026-02-09 21:00:24 - [Producer clientId=producer-3] Connection to node 0 (localhost/127.0.0.1:9094) could not be established. Node may not be available.
2026-02-09 21:00:24 - [Producer clientId=producer-5] Node 0 disconnected.
2026-02-09 21:00:24 - [Producer clientId=producer-5] Connection to node 0 (localhost/127.0.0.1:9094) could not be established. Node may not be available.
2026-02-09 21:00:24 - [Producer clientId=producer-2] Node 0 disconnected.
2026-02-09 21:00:24 - [Producer clientId=producer-2] Connection to node 0 (localhost/127.0.0.1:9094) could not be established. Node may not be available.
2026-02-09 21:00:24 - [Producer clientId=producer-1] Node 0 disconnected.
2026-02-09 21:00:24 - [Producer clientId=producer-1] Connection to node 0 (localhost/127.0.0.1:9094) could not be established. Node may not be available.
2026-02-09 21:00:25 - [Producer clientId=producer-6] Node 0 disconnected.
2026-02-09 21:00:25 - [Producer clientId=producer-6] Connection to node 0 (localhost/127.0.0.1:9094) could not be established. Node may not be available.
2026-02-09 21:00:25 - [Producer clientId=producer-4] Node 0 disconnected.
2026-02-09 21:00:25 - [Producer clientId=producer-4] Connection to node 0 (localhost/127.0.0.1:9094) could not be established. Node may not be available.
2026-02-09 21:00:25 - [Producer clientId=producer-3] Node 0 disconnected.
2026-02-09 21:00:25 - [Producer clientId=producer-3] Connection to node 0 (localhost/127.0.0.1:9094) could not be established. Node may not be available.
2026-02-09 21:00:25 - HHH000204: Processing PersistenceUnitInfo [name: default]
2026-02-09 21:00:25 - [Producer clientId=producer-5] Node 0 disconnected.
2026-02-09 21:00:25 - [Producer clientId=producer-5] Connection to node 0 (localhost/127.0.0.1:9094) could not be established. Node may not be available.
2026-02-09 21:00:25 - HHH000026: Second-level cache disabled
2026-02-09 21:00:25 - [Producer clientId=producer-2] Node 0 disconnected.
2026-02-09 21:00:25 - [Producer clientId=producer-2] Connection to node 0 (localhost/127.0.0.1:9094) could not be established. Node may not be available.
2026-02-09 21:00:25 - No LoadTimeWeaver setup: ignoring JPA class transformer
2026-02-09 21:00:25 - HikariPool-2 - Starting...
2026-02-09 21:00:25 - HikariPool-2 - Added connection conn5: url=jdbc:h2:mem:testdb user=SA
2026-02-09 21:00:25 - HikariPool-2 - Start completed.
2026-02-09 21:00:25 - HHH90000025: H2Dialect does not need to be specified explicitly using 'hibernate.dialect' (remove the property setting and it will be selected by default)
2026-02-09 21:00:25 - [Producer clientId=producer-1] Node 0 disconnected.
2026-02-09 21:00:25 - [Producer clientId=producer-1] Connection to node 0 (localhost/127.0.0.1:9094) could not be established. Node may not be available.
2026-02-09 21:00:25 - HHH000489: No JTA platform available (set 'hibernate.transaction.jta.platform' to enable JTA platform integration)
2026-02-09 21:00:25 - drop table if exists historico_status cascade 
2026-02-09 21:00:25 - drop table if exists ordem_servico cascade 
2026-02-09 21:00:25 - create table historico_status (data_alteracao timestamp(6) not null, id uuid not null, ordem_servico_id uuid not null, usuario_alteracao varchar(100), observacao TEXT, novo_status enum ('AGUARDANDO_APROVACAO','AGUARDANDO_PAGAMENTO','CANCELADA','EM_DIAGNOSTICO','EM_EXECUCAO','ENTREGUE','FINALIZADA','RECEBIDA') not null, status_anterior enum ('AGUARDANDO_APROVACAO','AGUARDANDO_PAGAMENTO','CANCELADA','EM_DIAGNOSTICO','EM_EXECUCAO','ENTREGUE','FINALIZADA','RECEBIDA'), primary key (id))
2026-02-09 21:00:25 - create table ordem_servico (valor_total numeric(10,2) not null, version integer not null, created_at timestamp(6) not null, data_criacao timestamp(6) not null, data_entrega timestamp(6), data_finalizacao timestamp(6), updated_at timestamp(6), cliente_id uuid not null, id uuid not null, veiculo_id uuid not null, descricao_problema TEXT, status enum ('AGUARDANDO_APROVACAO','AGUARDANDO_PAGAMENTO','CANCELADA','EM_DIAGNOSTICO','EM_EXECUCAO','ENTREGUE','FINALIZADA','RECEBIDA') not null, primary key (id))
2026-02-09 21:00:25 - alter table if exists historico_status add constraint FK3ckvki9ebuup3rfaeq7sbkmt foreign key (ordem_servico_id) references ordem_servico
2026-02-09 21:00:25 - Initialized JPA EntityManagerFactory for persistence unit 'default'
2026-02-09 21:00:26 - 📊 Kafka Metrics configurado para monitoramento
2026-02-09 21:00:26 - [Producer clientId=producer-6] Node 0 disconnected.
2026-02-09 21:00:26 - [Producer clientId=producer-6] Connection to node 0 (localhost/127.0.0.1:9094) could not be established. Node may not be available.
2026-02-09 21:00:26 - [Producer clientId=producer-4] Node 0 disconnected.
2026-02-09 21:00:26 - [Producer clientId=producer-4] Connection to node 0 (localhost/127.0.0.1:9094) could not be established. Node may not be available.
2026-02-09 21:00:26 - [Producer clientId=producer-3] Node 0 disconnected.
2026-02-09 21:00:26 - [Producer clientId=producer-3] Connection to node 0 (localhost/127.0.0.1:9094) could not be established. Node may not be available.
2026-02-09 21:00:26 - [Producer clientId=producer-5] Node 0 disconnected.
2026-02-09 21:00:26 - [Producer clientId=producer-5] Connection to node 0 (localhost/127.0.0.1:9094) could not be established. Node may not be available.
2026-02-09 21:00:26 - [Producer clientId=producer-2] Node 0 disconnected.
2026-02-09 21:00:26 - [Producer clientId=producer-2] Connection to node 0 (localhost/127.0.0.1:9094) could not be established. Node may not be available.
2026-02-09 21:00:26 - [Producer clientId=producer-1] Node 0 disconnected.
2026-02-09 21:00:26 - [Producer clientId=producer-1] Connection to node 0 (localhost/127.0.0.1:9094) could not be established. Node may not be available.
2026-02-09 21:00:27 - [Producer clientId=producer-6] Node 0 disconnected.
2026-02-09 21:00:27 - [Producer clientId=producer-6] Connection to node 0 (localhost/127.0.0.1:9094) could not be established. Node may not be available.
2026-02-09 21:00:27 - [Producer clientId=producer-4] Node 0 disconnected.
2026-02-09 21:00:27 - [Producer clientId=producer-4] Connection to node 0 (localhost/127.0.0.1:9094) could not be established. Node may not be available.
2026-02-09 21:00:27 - [Producer clientId=producer-3] Node 0 disconnected.
2026-02-09 21:00:27 - [Producer clientId=producer-3] Connection to node 0 (localhost/127.0.0.1:9094) could not be established. Node may not be available.
2026-02-09 21:00:27 - [Producer clientId=producer-5] Node 0 disconnected.
2026-02-09 21:00:27 - [Producer clientId=producer-5] Connection to node 0 (localhost/127.0.0.1:9094) could not be established. Node may not be available.
2026-02-09 21:00:27 - [Producer clientId=producer-2] Node 0 disconnected.
2026-02-09 21:00:27 - [Producer clientId=producer-2] Connection to node 0 (localhost/127.0.0.1:9094) could not be established. Node may not be available.
2026-02-09 21:00:27 - [Producer clientId=producer-1] Node 0 disconnected.
2026-02-09 21:00:27 - [Producer clientId=producer-1] Connection to node 0 (localhost/127.0.0.1:9094) could not be established. Node may not be available.
2026-02-09 21:00:28 - spring.jpa.open-in-view is enabled by default. Therefore, database queries may be performed during view rendering. Explicitly configure spring.jpa.open-in-view to disable this warning
2026-02-09 21:00:28 - [Controller id=0] Processing automatic preferred replica leader election
2026-02-09 21:00:28 - [Producer clientId=producer-6] Node 0 disconnected.
2026-02-09 21:00:28 - [Producer clientId=producer-6] Connection to node 0 (localhost/127.0.0.1:9094) could not be established. Node may not be available.
2026-02-09 21:00:28 - [Producer clientId=producer-4] Node 0 disconnected.
2026-02-09 21:00:28 - [Producer clientId=producer-4] Connection to node 0 (localhost/127.0.0.1:9094) could not be established. Node may not be available.
2026-02-09 21:00:28 - [Producer clientId=producer-3] Node 0 disconnected.
2026-02-09 21:00:28 - [Producer clientId=producer-3] Connection to node 0 (localhost/127.0.0.1:9094) could not be established. Node may not be available.
2026-02-09 21:00:28 - [Producer clientId=producer-5] Node 0 disconnected.
2026-02-09 21:00:28 - [Producer clientId=producer-5] Connection to node 0 (localhost/127.0.0.1:9094) could not be established. Node may not be available.
2026-02-09 21:00:28 - [Producer clientId=producer-2] Node 0 disconnected.
2026-02-09 21:00:28 - [Producer clientId=producer-2] Connection to node 0 (localhost/127.0.0.1:9094) could not be established. Node may not be available.
2026-02-09 21:00:28 - Exposing 3 endpoints beneath base path '/actuator'
2026-02-09 21:00:28 - [Producer clientId=producer-1] Node 0 disconnected.
2026-02-09 21:00:28 - [Producer clientId=producer-1] Connection to node 0 (localhost/127.0.0.1:9094) could not be established. Node may not be available.
2026-02-09 21:00:29 - You are asking Spring Security to ignore Deferred [Mvc [pattern='/api/v1/auth/**'], Ant [pattern='/api/v1/auth/**']]. This is not recommended -- please use permitAll via HttpSecurity#authorizeHttpRequests instead.
2026-02-09 21:00:29 - You are asking Spring Security to ignore Deferred [Mvc [pattern='/actuator/health/**'], Ant [pattern='/actuator/health/**']]. This is not recommended -- please use permitAll via HttpSecurity#authorizeHttpRequests instead.
2026-02-09 21:00:29 - You are asking Spring Security to ignore Deferred [Mvc [pattern='/actuator/health'], Ant [pattern='/actuator/health']]. This is not recommended -- please use permitAll via HttpSecurity#authorizeHttpRequests instead.
2026-02-09 21:00:29 - You are asking Spring Security to ignore Deferred [Mvc [pattern='/swagger-ui.html'], Ant [pattern='/swagger-ui.html']]. This is not recommended -- please use permitAll via HttpSecurity#authorizeHttpRequests instead.
2026-02-09 21:00:29 - You are asking Spring Security to ignore Deferred [Mvc [pattern='/swagger-ui/**'], Ant [pattern='/swagger-ui/**']]. This is not recommended -- please use permitAll via HttpSecurity#authorizeHttpRequests instead.
2026-02-09 21:00:29 - You are asking Spring Security to ignore Deferred [Mvc [pattern='/api-docs/**'], Ant [pattern='/api-docs/**']]. This is not recommended -- please use permitAll via HttpSecurity#authorizeHttpRequests instead.
2026-02-09 21:00:29 - You are asking Spring Security to ignore Deferred [Mvc [pattern='/v3/api-docs/**'], Ant [pattern='/v3/api-docs/**']]. This is not recommended -- please use permitAll via HttpSecurity#authorizeHttpRequests instead.
2026-02-09 21:00:29 - You are asking Spring Security to ignore Deferred [Mvc [pattern='/swagger-resources'], Ant [pattern='/swagger-resources']]. This is not recommended -- please use permitAll via HttpSecurity#authorizeHttpRequests instead.
2026-02-09 21:00:29 - You are asking Spring Security to ignore Deferred [Mvc [pattern='/swagger-resources/**'], Ant [pattern='/swagger-resources/**']]. This is not recommended -- please use permitAll via HttpSecurity#authorizeHttpRequests instead.
2026-02-09 21:00:29 - You are asking Spring Security to ignore Deferred [Mvc [pattern='/configuration/ui'], Ant [pattern='/configuration/ui']]. This is not recommended -- please use permitAll via HttpSecurity#authorizeHttpRequests instead.
2026-02-09 21:00:29 - You are asking Spring Security to ignore Deferred [Mvc [pattern='/configuration/security'], Ant [pattern='/configuration/security']]. This is not recommended -- please use permitAll via HttpSecurity#authorizeHttpRequests instead.
2026-02-09 21:00:29 - You are asking Spring Security to ignore Deferred [Mvc [pattern='/webjars/**'], Ant [pattern='/webjars/**']]. This is not recommended -- please use permitAll via HttpSecurity#authorizeHttpRequests instead.
2026-02-09 21:00:29 - [Producer clientId=producer-6] Node 0 disconnected.
2026-02-09 21:00:29 - [Producer clientId=producer-6] Connection to node 0 (localhost/127.0.0.1:9094) could not be established. Node may not be available.
2026-02-09 21:00:29 - [Producer clientId=producer-4] Node 0 disconnected.
2026-02-09 21:00:29 - [Producer clientId=producer-4] Connection to node 0 (localhost/127.0.0.1:9094) could not be established. Node may not be available.
2026-02-09 21:00:29 - [Producer clientId=producer-3] Node 0 disconnected.
2026-02-09 21:00:29 - [Producer clientId=producer-3] Connection to node 0 (localhost/127.0.0.1:9094) could not be established. Node may not be available.
2026-02-09 21:00:29 - [Producer clientId=producer-2] Node 0 disconnected.
2026-02-09 21:00:29 - [Producer clientId=producer-2] Connection to node 0 (localhost/127.0.0.1:9094) could not be established. Node may not be available.
2026-02-09 21:00:29 - [Producer clientId=producer-5] Node 0 disconnected.
2026-02-09 21:00:29 - [Producer clientId=producer-5] Connection to node 0 (localhost/127.0.0.1:9094) could not be established. Node may not be available.
2026-02-09 21:00:29 - [Producer clientId=producer-1] Node 0 disconnected.
2026-02-09 21:00:29 - [Producer clientId=producer-1] Connection to node 0 (localhost/127.0.0.1:9094) could not be established. Node may not be available.
2026-02-09 21:00:30 - [Producer clientId=producer-6] Node 0 disconnected.
2026-02-09 21:00:30 - [Producer clientId=producer-6] Connection to node 0 (localhost/127.0.0.1:9094) could not be established. Node may not be available.
2026-02-09 21:00:30 - [Producer clientId=producer-4] Node 0 disconnected.
2026-02-09 21:00:30 - [Producer clientId=producer-4] Connection to node 0 (localhost/127.0.0.1:9094) could not be established. Node may not be available.
2026-02-09 21:00:30 - [Producer clientId=producer-3] Node 0 disconnected.
2026-02-09 21:00:30 - [Producer clientId=producer-3] Connection to node 0 (localhost/127.0.0.1:9094) could not be established. Node may not be available.
2026-02-09 21:00:30 - [Producer clientId=producer-2] Node 0 disconnected.
2026-02-09 21:00:30 - [Producer clientId=producer-2] Connection to node 0 (localhost/127.0.0.1:9094) could not be established. Node may not be available.
2026-02-09 21:00:30 - [Producer clientId=producer-5] Node 0 disconnected.
2026-02-09 21:00:30 - [Producer clientId=producer-5] Connection to node 0 (localhost/127.0.0.1:9094) could not be established. Node may not be available.
2026-02-09 21:00:30 - [Producer clientId=producer-1] Node 0 disconnected.
2026-02-09 21:00:30 - [Producer clientId=producer-1] Connection to node 0 (localhost/127.0.0.1:9094) could not be established. Node may not be available.
2026-02-09 21:00:31 - [Producer clientId=producer-6] Node 0 disconnected.
2026-02-09 21:00:31 - [Producer clientId=producer-6] Connection to node 0 (localhost/127.0.0.1:9094) could not be established. Node may not be available.
2026-02-09 21:00:31 - [Producer clientId=producer-4] Node 0 disconnected.
2026-02-09 21:00:31 - [Producer clientId=producer-4] Connection to node 0 (localhost/127.0.0.1:9094) could not be established. Node may not be available.
2026-02-09 21:00:31 - [Producer clientId=producer-3] Node 0 disconnected.
2026-02-09 21:00:31 - [Producer clientId=producer-3] Connection to node 0 (localhost/127.0.0.1:9094) could not be established. Node may not be available.
2026-02-09 21:00:31 - AdminClientConfig values: 
	auto.include.jmx.reporter = true
	bootstrap.controllers = []
	bootstrap.servers = [127.0.0.1:9093]
	client.dns.lookup = use_all_dns_ips
	client.id = os-service-test-admin-1
	connections.max.idle.ms = 300000
	default.api.timeout.ms = 60000
	enable.metrics.push = true
	metadata.max.age.ms = 300000
	metric.reporters = []
	metrics.num.samples = 2
	metrics.recording.level = INFO
	metrics.sample.window.ms = 30000
	receive.buffer.bytes = 65536
	reconnect.backoff.max.ms = 1000
	reconnect.backoff.ms = 50
	request.timeout.ms = 30000
	retries = 2147483647
	retry.backoff.max.ms = 1000
	retry.backoff.ms = 100
	sasl.client.callback.handler.class = null
	sasl.jaas.config = null
	sasl.kerberos.kinit.cmd = /usr/bin/kinit
	sasl.kerberos.min.time.before.relogin = 60000
	sasl.kerberos.service.name = null
	sasl.kerberos.ticket.renew.jitter = 0.05
	sasl.kerberos.ticket.renew.window.factor = 0.8
	sasl.login.callback.handler.class = null
	sasl.login.class = null
	sasl.login.connect.timeout.ms = null
	sasl.login.read.timeout.ms = null
	sasl.login.refresh.buffer.seconds = 300
	sasl.login.refresh.min.period.seconds = 60
	sasl.login.refresh.window.factor = 0.8
	sasl.login.refresh.window.jitter = 0.05
	sasl.login.retry.backoff.max.ms = 10000
	sasl.login.retry.backoff.ms = 100
	sasl.mechanism = GSSAPI
	sasl.oauthbearer.clock.skew.seconds = 30
	sasl.oauthbearer.expected.audience = null
	sasl.oauthbearer.expected.issuer = null
	sasl.oauthbearer.jwks.endpoint.refresh.ms = 3600000
	sasl.oauthbearer.jwks.endpoint.retry.backoff.max.ms = 10000
	sasl.oauthbearer.jwks.endpoint.retry.backoff.ms = 100
	sasl.oauthbearer.jwks.endpoint.url = null
	sasl.oauthbearer.scope.claim.name = scope
	sasl.oauthbearer.sub.claim.name = sub
	sasl.oauthbearer.token.endpoint.url = null
	security.protocol = PLAINTEXT
	security.providers = null
	send.buffer.bytes = 131072
	socket.connection.setup.timeout.max.ms = 30000
	socket.connection.setup.timeout.ms = 10000
	ssl.cipher.suites = null
	ssl.enabled.protocols = [TLSv1.2, TLSv1.3]
	ssl.endpoint.identification.algorithm = https
	ssl.engine.factory.class = null
	ssl.key.password = null
	ssl.keymanager.algorithm = SunX509
	ssl.keystore.certificate.chain = null
	ssl.keystore.key = null
	ssl.keystore.location = null
	ssl.keystore.password = null
	ssl.keystore.type = JKS
	ssl.protocol = TLSv1.3
	ssl.provider = null
	ssl.secure.random.implementation = null
	ssl.trustmanager.algorithm = PKIX
	ssl.truststore.certificates = null
	ssl.truststore.location = null
	ssl.truststore.password = null
	ssl.truststore.type = JKS

2026-02-09 21:00:31 - Kafka version: 3.7.2
2026-02-09 21:00:31 - Kafka commitId: 79a8f2b5f44f9d5a
2026-02-09 21:00:31 - Kafka startTimeMs: 1770681631627
2026-02-09 21:00:31 - Topic 'os-events' exists but has a different partition count: 1 not 6, increasing if the broker supports it
2026-02-09 21:00:31 - Topic 'billing-events' exists but has a different partition count: 1 not 3, increasing if the broker supports it
2026-02-09 21:00:31 - Topic 'execution-events' exists but has a different partition count: 1 not 3, increasing if the broker supports it
2026-02-09 21:00:31 - Creating topic os-events.DLT with configuration {retention.ms=604800000} and initial partition assignment HashMap(0 -> ArrayBuffer(0))
2026-02-09 21:00:31 - [Controller id=0] New topics: [Set(os-events.DLT)], deleted topics: [HashSet()], new partition replica assignment [Set(TopicIdReplicaAssignment(os-events.DLT,Some(wB1YdgBxT8q2DyphIO3Kkw),Map(os-events.DLT-0 -> ReplicaAssignment(replicas=0, addingReplicas=, removingReplicas=))))]
2026-02-09 21:00:31 - [Controller id=0] New partition creation callback for os-events.DLT-0
2026-02-09 21:00:31 - [Controller id=0 epoch=1] Changed partition os-events.DLT-0 state from NonExistentPartition to NewPartition with assigned replicas 0
2026-02-09 21:00:31 - [Controller id=0 epoch=1] Sending UpdateMetadata request to brokers HashSet() for 0 partitions
2026-02-09 21:00:31 - [Controller id=0 epoch=1] Sending UpdateMetadata request to brokers HashSet() for 0 partitions
2026-02-09 21:00:31 - Creating topic execution-events.DLT with configuration {retention.ms=604800000} and initial partition assignment HashMap(0 -> ArrayBuffer(0))
2026-02-09 21:00:31 - [Controller id=0 epoch=1] Changed partition os-events.DLT-0 from NewPartition to OnlinePartition with state LeaderAndIsr(leader=0, leaderEpoch=0, isrWithBrokerEpoch=List(BrokerState(brokerId=0, brokerEpoch=-1)), leaderRecoveryState=RECOVERED, partitionEpoch=0)
2026-02-09 21:00:31 - [Controller id=0 epoch=1] Sending LeaderAndIsr request to broker 0 with 1 become-leader and 0 become-follower partitions
2026-02-09 21:00:31 - [Controller id=0 epoch=1] Sending UpdateMetadata request to brokers HashSet(0) for 1 partitions
2026-02-09 21:00:31 - [Controller id=0 epoch=1] Sending UpdateMetadata request to brokers HashSet() for 0 partitions
2026-02-09 21:00:31 - [Broker id=0] Handling LeaderAndIsr request correlationId 7 from controller 0 for 1 partitions
2026-02-09 21:00:31 - [ReplicaFetcherManager on broker 0] Removed fetcher for partitions Set(os-events.DLT-0)
2026-02-09 21:00:31 - [Broker id=0] Stopped fetchers as part of LeaderAndIsr request correlationId 7 from controller 0 epoch 1 as part of the become-leader transition for 1 partitions
2026-02-09 21:00:31 - [Controller id=0] New topics: [HashSet(execution-events.DLT)], deleted topics: [HashSet()], new partition replica assignment [Set(TopicIdReplicaAssignment(execution-events.DLT,Some(VGS75RtGSLacXwbfGWaO9A),Map(execution-events.DLT-0 -> ReplicaAssignment(replicas=0, addingReplicas=, removingReplicas=))))]
2026-02-09 21:00:31 - [Controller id=0] New partition creation callback for execution-events.DLT-0
2026-02-09 21:00:31 - [Controller id=0 epoch=1] Changed partition execution-events.DLT-0 state from NonExistentPartition to NewPartition with assigned replicas 0
2026-02-09 21:00:31 - [Controller id=0 epoch=1] Sending UpdateMetadata request to brokers HashSet() for 0 partitions
2026-02-09 21:00:31 - [Controller id=0 epoch=1] Sending UpdateMetadata request to brokers HashSet() for 0 partitions
2026-02-09 21:00:31 - [Controller id=0 epoch=1] Changed partition execution-events.DLT-0 from NewPartition to OnlinePartition with state LeaderAndIsr(leader=0, leaderEpoch=0, isrWithBrokerEpoch=List(BrokerState(brokerId=0, brokerEpoch=-1)), leaderRecoveryState=RECOVERED, partitionEpoch=0)
2026-02-09 21:00:31 - Creating topic billing-events.DLT with configuration {retention.ms=604800000} and initial partition assignment HashMap(0 -> ArrayBuffer(0))
2026-02-09 21:00:31 - [Controller id=0 epoch=1] Sending LeaderAndIsr request to broker 0 with 1 become-leader and 0 become-follower partitions
2026-02-09 21:00:31 - [Controller id=0 epoch=1] Sending UpdateMetadata request to brokers HashSet(0) for 1 partitions
2026-02-09 21:00:31 - [Controller id=0 epoch=1] Sending UpdateMetadata request to brokers HashSet() for 0 partitions
2026-02-09 21:00:31 - [LogLoader partition=os-events.DLT-0, dir=C:\Users\MEUCOM~1\AppData\Local\Temp\spring.kafka.24d59996-5930-4ca0-8d5f-580ec04d2e7114359176375113142042] Loading producer state till offset 0 with message format version 2
2026-02-09 21:00:31 - Created log for partition os-events.DLT-0 in C:\Users\MEUCOM~1\AppData\Local\Temp\spring.kafka.24d59996-5930-4ca0-8d5f-580ec04d2e7114359176375113142042\os-events.DLT-0 with properties {retention.ms=604800000}
2026-02-09 21:00:31 - [Partition os-events.DLT-0 broker=0] No checkpointed highwatermark is found for partition os-events.DLT-0
2026-02-09 21:00:31 - [Partition os-events.DLT-0 broker=0] Log loaded for partition os-events.DLT-0 with initial high watermark 0
2026-02-09 21:00:31 - [Broker id=0] Leader os-events.DLT-0 with topic id Some(wB1YdgBxT8q2DyphIO3Kkw) starts at leader epoch 0 from offset 0 with partition epoch 0, high watermark 0, ISR [0], adding replicas [] and removing replicas [] . Previous leader None and previous leader epoch was -1.
2026-02-09 21:00:31 - [Broker id=0] Finished LeaderAndIsr request in 21ms correlationId 7 from controller 0 for 1 partitions
2026-02-09 21:00:31 - [Broker id=0] Add 1 partitions and deleted 0 partitions from metadata cache in response to UpdateMetadata request sent by controller 0 epoch 1 with correlation id 8
2026-02-09 21:00:31 - [Broker id=0] Handling LeaderAndIsr request correlationId 9 from controller 0 for 1 partitions
2026-02-09 21:00:31 - [ReplicaFetcherManager on broker 0] Removed fetcher for partitions Set(execution-events.DLT-0)
2026-02-09 21:00:31 - [Broker id=0] Stopped fetchers as part of LeaderAndIsr request correlationId 9 from controller 0 epoch 1 as part of the become-leader transition for 1 partitions
2026-02-09 21:00:31 - [Controller id=0] New topics: [HashSet(billing-events.DLT)], deleted topics: [HashSet()], new partition replica assignment [Set(TopicIdReplicaAssignment(billing-events.DLT,Some(VeHXuUsWTXSqjyH3inRnvA),Map(billing-events.DLT-0 -> ReplicaAssignment(replicas=0, addingReplicas=, removingReplicas=))))]
2026-02-09 21:00:31 - [Controller id=0] New partition creation callback for billing-events.DLT-0
2026-02-09 21:00:31 - [Controller id=0 epoch=1] Changed partition billing-events.DLT-0 state from NonExistentPartition to NewPartition with assigned replicas 0
2026-02-09 21:00:31 - [Controller id=0 epoch=1] Sending UpdateMetadata request to brokers HashSet() for 0 partitions
2026-02-09 21:00:31 - [Controller id=0 epoch=1] Sending UpdateMetadata request to brokers HashSet() for 0 partitions
2026-02-09 21:00:31 - [LogLoader partition=execution-events.DLT-0, dir=C:\Users\MEUCOM~1\AppData\Local\Temp\spring.kafka.24d59996-5930-4ca0-8d5f-580ec04d2e7114359176375113142042] Loading producer state till offset 0 with message format version 2
2026-02-09 21:00:31 - [Controller id=0 epoch=1] Changed partition billing-events.DLT-0 from NewPartition to OnlinePartition with state LeaderAndIsr(leader=0, leaderEpoch=0, isrWithBrokerEpoch=List(BrokerState(brokerId=0, brokerEpoch=-1)), leaderRecoveryState=RECOVERED, partitionEpoch=0)
2026-02-09 21:00:31 - [Controller id=0 epoch=1] Sending LeaderAndIsr request to broker 0 with 1 become-leader and 0 become-follower partitions
2026-02-09 21:00:31 - [Controller id=0 epoch=1] Sending UpdateMetadata request to brokers HashSet(0) for 1 partitions
2026-02-09 21:00:31 - Created log for partition execution-events.DLT-0 in C:\Users\MEUCOM~1\AppData\Local\Temp\spring.kafka.24d59996-5930-4ca0-8d5f-580ec04d2e7114359176375113142042\execution-events.DLT-0 with properties {retention.ms=604800000}
2026-02-09 21:00:31 - [Partition execution-events.DLT-0 broker=0] No checkpointed highwatermark is found for partition execution-events.DLT-0
2026-02-09 21:00:31 - [Controller id=0 epoch=1] Sending UpdateMetadata request to brokers HashSet() for 0 partitions
2026-02-09 21:00:31 - [Partition execution-events.DLT-0 broker=0] Log loaded for partition execution-events.DLT-0 with initial high watermark 0
2026-02-09 21:00:31 - [Broker id=0] Leader execution-events.DLT-0 with topic id Some(VGS75RtGSLacXwbfGWaO9A) starts at leader epoch 0 from offset 0 with partition epoch 0, high watermark 0, ISR [0], adding replicas [] and removing replicas [] . Previous leader None and previous leader epoch was -1.
2026-02-09 21:00:31 - [Broker id=0] Finished LeaderAndIsr request in 15ms correlationId 9 from controller 0 for 1 partitions
2026-02-09 21:00:31 - [Broker id=0] Add 1 partitions and deleted 0 partitions from metadata cache in response to UpdateMetadata request sent by controller 0 epoch 1 with correlation id 10
2026-02-09 21:00:31 - [Broker id=0] Handling LeaderAndIsr request correlationId 11 from controller 0 for 1 partitions
2026-02-09 21:00:31 - [ReplicaFetcherManager on broker 0] Removed fetcher for partitions Set(billing-events.DLT-0)
2026-02-09 21:00:31 - [Broker id=0] Stopped fetchers as part of LeaderAndIsr request correlationId 11 from controller 0 epoch 1 as part of the become-leader transition for 1 partitions
2026-02-09 21:00:31 - [Producer clientId=producer-2] Node 0 disconnected.
2026-02-09 21:00:31 - [Producer clientId=producer-2] Connection to node 0 (localhost/127.0.0.1:9094) could not be established. Node may not be available.
2026-02-09 21:00:31 - [Producer clientId=producer-5] Node 0 disconnected.
2026-02-09 21:00:31 - [Producer clientId=producer-5] Connection to node 0 (localhost/127.0.0.1:9094) could not be established. Node may not be available.
2026-02-09 21:00:31 - [LogLoader partition=billing-events.DLT-0, dir=C:\Users\MEUCOM~1\AppData\Local\Temp\spring.kafka.24d59996-5930-4ca0-8d5f-580ec04d2e7114359176375113142042] Loading producer state till offset 0 with message format version 2
2026-02-09 21:00:31 - Created log for partition billing-events.DLT-0 in C:\Users\MEUCOM~1\AppData\Local\Temp\spring.kafka.24d59996-5930-4ca0-8d5f-580ec04d2e7114359176375113142042\billing-events.DLT-0 with properties {retention.ms=604800000}
2026-02-09 21:00:31 - [Partition billing-events.DLT-0 broker=0] No checkpointed highwatermark is found for partition billing-events.DLT-0
2026-02-09 21:00:31 - [Partition billing-events.DLT-0 broker=0] Log loaded for partition billing-events.DLT-0 with initial high watermark 0
[...]
2026-02-09 21:00:39 - [Producer clientId=producer-1] Node 0 disconnected.
2026-02-09 21:00:39 - [Producer clientId=producer-1] Connection to node 0 (localhost/127.0.0.1:9094) could not be established. Node may not be available.
2026-02-09 21:00:39 - [Consumer clientId=consumer-test-consumer-group-ae8f1d30-3f78-441a-8cca-59b0eb00e099-13, groupId=test-consumer-group-ae8f1d30-3f78-441a-8cca-59b0eb00e099] Revoke previously assigned partitions os-events-0, os-events-1, os-events-2, os-events-3, os-events-4, os-events-5
2026-02-09 21:00:39 - [Consumer clientId=consumer-test-consumer-group-ae8f1d30-3f78-441a-8cca-59b0eb00e099-13, groupId=test-consumer-group-ae8f1d30-3f78-441a-8cca-59b0eb00e099] Member consumer-test-consumer-group-ae8f1d30-3f78-441a-8cca-59b0eb00e099-13-54def5f6-310d-4578-b281-110c2acf1ac3 sending LeaveGroup request to coordinator localhost:9093 (id: 2147483647 rack: null) due to the consumer is being closed
2026-02-09 21:00:39 - [Consumer clientId=consumer-test-consumer-group-ae8f1d30-3f78-441a-8cca-59b0eb00e099-13, groupId=test-consumer-group-ae8f1d30-3f78-441a-8cca-59b0eb00e099] Resetting generation and member id due to: consumer pro-actively leaving the group
2026-02-09 21:00:39 - [Consumer clientId=consumer-test-consumer-group-ae8f1d30-3f78-441a-8cca-59b0eb00e099-13, groupId=test-consumer-group-ae8f1d30-3f78-441a-8cca-59b0eb00e099] Request joining group due to: consumer pro-actively leaving the group
2026-02-09 21:00:39 - [GroupCoordinator 0]: Preparing to rebalance group test-consumer-group-ae8f1d30-3f78-441a-8cca-59b0eb00e099 in state PreparingRebalance with old generation 1 (__consumer_offsets-0) (reason: Removing member consumer-test-consumer-group-ae8f1d30-3f78-441a-8cca-59b0eb00e099-13-54def5f6-310d-4578-b281-110c2acf1ac3 on LeaveGroup; client reason: the consumer is being closed)
2026-02-09 21:00:39 - [GroupCoordinator 0]: Group test-consumer-group-ae8f1d30-3f78-441a-8cca-59b0eb00e099 with generation 2 is now empty (__consumer_offsets-0)
2026-02-09 21:00:39 - [GroupCoordinator 0]: Member MemberMetadata(memberId=consumer-test-consumer-group-ae8f1d30-3f78-441a-8cca-59b0eb00e099-13-54def5f6-310d-4578-b281-110c2acf1ac3, groupInstanceId=None, clientId=consumer-test-consumer-group-ae8f1d30-3f78-441a-8cca-59b0eb00e099-13, clientHost=/127.0.0.1, sessionTimeoutMs=60000, rebalanceTimeoutMs=300000, supportedProtocols=List(range, cooperative-sticky)) has left group test-consumer-group-ae8f1d30-3f78-441a-8cca-59b0eb00e099 through explicit `LeaveGroup`; client reason: the consumer is being closed
2026-02-09 21:00:39 - Metrics scheduler closed
2026-02-09 21:00:39 - Closing reporter org.apache.kafka.common.metrics.JmxReporter
2026-02-09 21:00:39 - Closing reporter org.apache.kafka.common.telemetry.internals.ClientTelemetryReporter
2026-02-09 21:00:39 - Metrics reporters closed
2026-02-09 21:00:39 - App info kafka.consumer for consumer-test-consumer-group-ae8f1d30-3f78-441a-8cca-59b0eb00e099-13 unregistered
]]></system-out>
  </testcase>
  <testcase name="devePublicarEventoOSCancelada" classname="br.com.grupo99.osservice.infrastructure.messaging.KafkaEventPublisherTest" time="1.578">
    <system-out><![CDATA[2026-02-09 21:00:39 - ConsumerConfig values: 
	allow.auto.create.topics = true
	auto.commit.interval.ms = 10
	auto.include.jmx.reporter = true
	auto.offset.reset = earliest
	bootstrap.servers = [127.0.0.1:9093]
	check.crcs = true
	client.dns.lookup = use_all_dns_ips
	client.id = consumer-test-consumer-group-ba6e1863-0b00-4b2d-9eaa-abb9df915e52-14
	client.rack = 
	connections.max.idle.ms = 540000
	default.api.timeout.ms = 60000
	enable.auto.commit = true
	enable.metrics.push = true
	exclude.internal.topics = true
	fetch.max.bytes = 52428800
	fetch.max.wait.ms = 500
	fetch.min.bytes = 1
	group.id = test-consumer-group-ba6e1863-0b00-4b2d-9eaa-abb9df915e52
	group.instance.id = null
	group.protocol = classic
	group.remote.assignor = null
	heartbeat.interval.ms = 3000
	interceptor.classes = []
	internal.leave.group.on.close = true
	internal.throw.on.fetch.stable.offset.unsupported = false
	isolation.level = read_uncommitted
	key.deserializer = class org.apache.kafka.common.serialization.StringDeserializer
	max.partition.fetch.bytes = 1048576
	max.poll.interval.ms = 300000
	max.poll.records = 500
	metadata.max.age.ms = 300000
	metric.reporters = []
	metrics.num.samples = 2
	metrics.recording.level = INFO
	metrics.sample.window.ms = 30000
	partition.assignment.strategy = [class org.apache.kafka.clients.consumer.RangeAssignor, class org.apache.kafka.clients.consumer.CooperativeStickyAssignor]
	receive.buffer.bytes = 65536
	reconnect.backoff.max.ms = 1000
	reconnect.backoff.ms = 50
	request.timeout.ms = 30000
	retry.backoff.max.ms = 1000
	retry.backoff.ms = 100
	sasl.client.callback.handler.class = null
	sasl.jaas.config = null
	sasl.kerberos.kinit.cmd = /usr/bin/kinit
	sasl.kerberos.min.time.before.relogin = 60000
	sasl.kerberos.service.name = null
	sasl.kerberos.ticket.renew.jitter = 0.05
	sasl.kerberos.ticket.renew.window.factor = 0.8
	sasl.login.callback.handler.class = null
	sasl.login.class = null
	sasl.login.connect.timeout.ms = null
	sasl.login.read.timeout.ms = null
	sasl.login.refresh.buffer.seconds = 300
	sasl.login.refresh.min.period.seconds = 60
	sasl.login.refresh.window.factor = 0.8
	sasl.login.refresh.window.jitter = 0.05
	sasl.login.retry.backoff.max.ms = 10000
	sasl.login.retry.backoff.ms = 100
	sasl.mechanism = GSSAPI
	sasl.oauthbearer.clock.skew.seconds = 30
	sasl.oauthbearer.expected.audience = null
	sasl.oauthbearer.expected.issuer = null
	sasl.oauthbearer.jwks.endpoint.refresh.ms = 3600000
	sasl.oauthbearer.jwks.endpoint.retry.backoff.max.ms = 10000
	sasl.oauthbearer.jwks.endpoint.retry.backoff.ms = 100
	sasl.oauthbearer.jwks.endpoint.url = null
	sasl.oauthbearer.scope.claim.name = scope
	sasl.oauthbearer.sub.claim.name = sub
	sasl.oauthbearer.token.endpoint.url = null
	security.protocol = PLAINTEXT
	security.providers = null
	send.buffer.bytes = 131072
	session.timeout.ms = 60000
	socket.connection.setup.timeout.max.ms = 30000
	socket.connection.setup.timeout.ms = 10000
	ssl.cipher.suites = null
	ssl.enabled.protocols = [TLSv1.2, TLSv1.3]
	ssl.endpoint.identification.algorithm = https
	ssl.engine.factory.class = null
	ssl.key.password = null
	ssl.keymanager.algorithm = SunX509
	ssl.keystore.certificate.chain = null
	ssl.keystore.key = null
	ssl.keystore.location = null
	ssl.keystore.password = null
	ssl.keystore.type = JKS
	ssl.protocol = TLSv1.3
	ssl.provider = null
	ssl.secure.random.implementation = null
	ssl.trustmanager.algorithm = PKIX
	ssl.truststore.certificates = null
	ssl.truststore.location = null
	ssl.truststore.password = null
	ssl.truststore.type = JKS
	value.deserializer = class org.springframework.kafka.support.serializer.JsonDeserializer

2026-02-09 21:00:39 - initializing Kafka metrics collector
2026-02-09 21:00:39 - Kafka version: 3.7.2
2026-02-09 21:00:39 - Kafka commitId: 79a8f2b5f44f9d5a
2026-02-09 21:00:39 - Kafka startTimeMs: 1770681639986
2026-02-09 21:00:39 - [Consumer clientId=consumer-test-consumer-group-ba6e1863-0b00-4b2d-9eaa-abb9df915e52-14, groupId=test-consumer-group-ba6e1863-0b00-4b2d-9eaa-abb9df915e52] Subscribed to topic(s): os-events
2026-02-09 21:00:40 - 🔄 Evento de compensação OS_CANCELADA publicado. OS ID: f40db43e-e291-4eb6-bd12-77b3e938714d, Motivo: Cliente cancelou, Partition: 0, Offset: 3
2026-02-09 21:00:40 - [Producer clientId=producer-6] Node 0 disconnected.
2026-02-09 21:00:40 - [Producer clientId=producer-6] Connection to node 0 (localhost/127.0.0.1:9094) could not be established. Node may not be available.
2026-02-09 21:00:40 - [Producer clientId=producer-4] Node 0 disconnected.
2026-02-09 21:00:40 - [Producer clientId=producer-4] Connection to node 0 (localhost/127.0.0.1:9094) could not be established. Node may not be available.
2026-02-09 21:00:40 - [Producer clientId=producer-3] Node 0 disconnected.
2026-02-09 21:00:40 - [Producer clientId=producer-3] Connection to node 0 (localhost/127.0.0.1:9094) could not be established. Node may not be available.
2026-02-09 21:00:40 - [Producer clientId=producer-5] Node 0 disconnected.
2026-02-09 21:00:40 - [Producer clientId=producer-5] Connection to node 0 (localhost/127.0.0.1:9094) could not be established. Node may not be available.
2026-02-09 21:00:40 - [Producer clientId=producer-2] Node 0 disconnected.
2026-02-09 21:00:40 - [Producer clientId=producer-2] Connection to node 0 (localhost/127.0.0.1:9094) could not be established. Node may not be available.
2026-02-09 21:00:40 - [Producer clientId=producer-1] Node 0 disconnected.
2026-02-09 21:00:40 - [Producer clientId=producer-1] Connection to node 0 (localhost/127.0.0.1:9094) could not be established. Node may not be available.
2026-02-09 21:00:41 - [Consumer clientId=consumer-test-consumer-group-ba6e1863-0b00-4b2d-9eaa-abb9df915e52-14, groupId=test-consumer-group-ba6e1863-0b00-4b2d-9eaa-abb9df915e52] Cluster ID: FztsX3jKR4ynM6kDQ657GA
2026-02-09 21:00:41 - [Consumer clientId=consumer-test-consumer-group-ba6e1863-0b00-4b2d-9eaa-abb9df915e52-14, groupId=test-consumer-group-ba6e1863-0b00-4b2d-9eaa-abb9df915e52] Discovered group coordinator localhost:9093 (id: 2147483647 rack: null)
2026-02-09 21:00:41 - [Consumer clientId=consumer-test-consumer-group-ba6e1863-0b00-4b2d-9eaa-abb9df915e52-14, groupId=test-consumer-group-ba6e1863-0b00-4b2d-9eaa-abb9df915e52] (Re-)joining group
2026-02-09 21:00:41 - [GroupCoordinator 0]: Dynamic member with unknown member id joins group test-consumer-group-ba6e1863-0b00-4b2d-9eaa-abb9df915e52 in Empty state. Created a new member id consumer-test-consumer-group-ba6e1863-0b00-4b2d-9eaa-abb9df915e52-14-ceba5967-7053-4433-a19a-c1ed20cc4b75 and request the member to rejoin with this id.
2026-02-09 21:00:41 - [Consumer clientId=consumer-test-consumer-group-ba6e1863-0b00-4b2d-9eaa-abb9df915e52-14, groupId=test-consumer-group-ba6e1863-0b00-4b2d-9eaa-abb9df915e52] Request joining group due to: need to re-join with the given member-id: consumer-test-consumer-group-ba6e1863-0b00-4b2d-9eaa-abb9df915e52-14-ceba5967-7053-4433-a19a-c1ed20cc4b75
2026-02-09 21:00:41 - [Consumer clientId=consumer-test-consumer-group-ba6e1863-0b00-4b2d-9eaa-abb9df915e52-14, groupId=test-consumer-group-ba6e1863-0b00-4b2d-9eaa-abb9df915e52] (Re-)joining group
2026-02-09 21:00:41 - [GroupCoordinator 0]: Preparing to rebalance group test-consumer-group-ba6e1863-0b00-4b2d-9eaa-abb9df915e52 in state PreparingRebalance with old generation 0 (__consumer_offsets-2) (reason: Adding new member consumer-test-consumer-group-ba6e1863-0b00-4b2d-9eaa-abb9df915e52-14-ceba5967-7053-4433-a19a-c1ed20cc4b75 with group instance id None; client reason: need to re-join with the given member-id: consumer-test-consumer-group-ba6e1863-0b00-4b2d-9eaa-abb9df915e52-14-ceba5967-7053-4433-a19a-c1ed20cc4b75)
2026-02-09 21:00:41 - [GroupCoordinator 0]: Stabilized group test-consumer-group-ba6e1863-0b00-4b2d-9eaa-abb9df915e52 generation 1 (__consumer_offsets-2) with 1 members
2026-02-09 21:00:41 - [Consumer clientId=consumer-test-consumer-group-ba6e1863-0b00-4b2d-9eaa-abb9df915e52-14, groupId=test-consumer-group-ba6e1863-0b00-4b2d-9eaa-abb9df915e52] Successfully joined group with generation Generation{generationId=1, memberId='consumer-test-consumer-group-ba6e1863-0b00-4b2d-9eaa-abb9df915e52-14-ceba5967-7053-4433-a19a-c1ed20cc4b75', protocol='range'}
2026-02-09 21:00:41 - [Consumer clientId=consumer-test-consumer-group-ba6e1863-0b00-4b2d-9eaa-abb9df915e52-14, groupId=test-consumer-group-ba6e1863-0b00-4b2d-9eaa-abb9df915e52] Finished assignment for group at generation 1: {consumer-test-consumer-group-ba6e1863-0b00-4b2d-9eaa-abb9df915e52-14-ceba5967-7053-4433-a19a-c1ed20cc4b75=Assignment(partitions=[os-events-0, os-events-1, os-events-2, os-events-3, os-events-4, os-events-5])}
2026-02-09 21:00:41 - [GroupCoordinator 0]: Assignment received from leader consumer-test-consumer-group-ba6e1863-0b00-4b2d-9eaa-abb9df915e52-14-ceba5967-7053-4433-a19a-c1ed20cc4b75 for group test-consumer-group-ba6e1863-0b00-4b2d-9eaa-abb9df915e52 for generation 1. The group has 1 members, 0 of which are static.
2026-02-09 21:00:41 - [Consumer clientId=consumer-test-consumer-group-ba6e1863-0b00-4b2d-9eaa-abb9df915e52-14, groupId=test-consumer-group-ba6e1863-0b00-4b2d-9eaa-abb9df915e52] Successfully synced group in generation Generation{generationId=1, memberId='consumer-test-consumer-group-ba6e1863-0b00-4b2d-9eaa-abb9df915e52-14-ceba5967-7053-4433-a19a-c1ed20cc4b75', protocol='range'}
2026-02-09 21:00:41 - [Consumer clientId=consumer-test-consumer-group-ba6e1863-0b00-4b2d-9eaa-abb9df915e52-14, groupId=test-consumer-group-ba6e1863-0b00-4b2d-9eaa-abb9df915e52] Notifying assignor about the new Assignment(partitions=[os-events-0, os-events-1, os-events-2, os-events-3, os-events-4, os-events-5])
2026-02-09 21:00:41 - [Consumer clientId=consumer-test-consumer-group-ba6e1863-0b00-4b2d-9eaa-abb9df915e52-14, groupId=test-consumer-group-ba6e1863-0b00-4b2d-9eaa-abb9df915e52] Adding newly assigned partitions: os-events-0, os-events-1, os-events-2, os-events-3, os-events-4, os-events-5
2026-02-09 21:00:41 - [Consumer clientId=consumer-test-consumer-group-ba6e1863-0b00-4b2d-9eaa-abb9df915e52-14, groupId=test-consumer-group-ba6e1863-0b00-4b2d-9eaa-abb9df915e52] Found no committed offset for partition os-events-0
2026-02-09 21:00:41 - [Consumer clientId=consumer-test-consumer-group-ba6e1863-0b00-4b2d-9eaa-abb9df915e52-14, groupId=test-consumer-group-ba6e1863-0b00-4b2d-9eaa-abb9df915e52] Found no committed offset for partition os-events-1
2026-02-09 21:00:41 - [Consumer clientId=consumer-test-consumer-group-ba6e1863-0b00-4b2d-9eaa-abb9df915e52-14, groupId=test-consumer-group-ba6e1863-0b00-4b2d-9eaa-abb9df915e52] Found no committed offset for partition os-events-2
2026-02-09 21:00:41 - [Consumer clientId=consumer-test-consumer-group-ba6e1863-0b00-4b2d-9eaa-abb9df915e52-14, groupId=test-consumer-group-ba6e1863-0b00-4b2d-9eaa-abb9df915e52] Found no committed offset for partition os-events-3
2026-02-09 21:00:41 - [Consumer clientId=consumer-test-consumer-group-ba6e1863-0b00-4b2d-9eaa-abb9df915e52-14, groupId=test-consumer-group-ba6e1863-0b00-4b2d-9eaa-abb9df915e52] Found no committed offset for partition os-events-4
2026-02-09 21:00:41 - [Consumer clientId=consumer-test-consumer-group-ba6e1863-0b00-4b2d-9eaa-abb9df915e52-14, groupId=test-consumer-group-ba6e1863-0b00-4b2d-9eaa-abb9df915e52] Found no committed offset for partition os-events-5
2026-02-09 21:00:41 - [Consumer clientId=consumer-test-consumer-group-ba6e1863-0b00-4b2d-9eaa-abb9df915e52-14, groupId=test-consumer-group-ba6e1863-0b00-4b2d-9eaa-abb9df915e52] Resetting offset for partition os-events-0 to position FetchPosition{offset=0, offsetEpoch=Optional.empty, currentLeader=LeaderAndEpoch{leader=Optional[localhost:9093 (id: 0 rack: null)], epoch=0}}.
2026-02-09 21:00:41 - [Consumer clientId=consumer-test-consumer-group-ba6e1863-0b00-4b2d-9eaa-abb9df915e52-14, groupId=test-consumer-group-ba6e1863-0b00-4b2d-9eaa-abb9df915e52] Resetting offset for partition os-events-1 to position FetchPosition{offset=0, offsetEpoch=Optional.empty, currentLeader=LeaderAndEpoch{leader=Optional[localhost:9093 (id: 0 rack: null)], epoch=0}}.
2026-02-09 21:00:41 - [Consumer clientId=consumer-test-consumer-group-ba6e1863-0b00-4b2d-9eaa-abb9df915e52-14, groupId=test-consumer-group-ba6e1863-0b00-4b2d-9eaa-abb9df915e52] Resetting offset for partition os-events-2 to position FetchPosition{offset=0, offsetEpoch=Optional.empty, currentLeader=LeaderAndEpoch{leader=Optional[localhost:9093 (id: 0 rack: null)], epoch=0}}.
2026-02-09 21:00:41 - [Consumer clientId=consumer-test-consumer-group-ba6e1863-0b00-4b2d-9eaa-abb9df915e52-14, groupId=test-consumer-group-ba6e1863-0b00-4b2d-9eaa-abb9df915e52] Resetting offset for partition os-events-3 to position FetchPosition{offset=0, offsetEpoch=Optional.empty, currentLeader=LeaderAndEpoch{leader=Optional[localhost:9093 (id: 0 rack: null)], epoch=0}}.
2026-02-09 21:00:41 - [Consumer clientId=consumer-test-consumer-group-ba6e1863-0b00-4b2d-9eaa-abb9df915e52-14, groupId=test-consumer-group-ba6e1863-0b00-4b2d-9eaa-abb9df915e52] Resetting offset for partition os-events-4 to position FetchPosition{offset=0, offsetEpoch=Optional.empty, currentLeader=LeaderAndEpoch{leader=Optional[localhost:9093 (id: 0 rack: null)], epoch=0}}.
2026-02-09 21:00:41 - [Consumer clientId=consumer-test-consumer-group-ba6e1863-0b00-4b2d-9eaa-abb9df915e52-14, groupId=test-consumer-group-ba6e1863-0b00-4b2d-9eaa-abb9df915e52] Resetting offset for partition os-events-5 to position FetchPosition{offset=0, offsetEpoch=Optional.empty, currentLeader=LeaderAndEpoch{leader=Optional[localhost:9093 (id: 0 rack: null)], epoch=0}}.
2026-02-09 21:00:41 - [Consumer clientId=consumer-test-consumer-group-ba6e1863-0b00-4b2d-9eaa-abb9df915e52-14, groupId=test-consumer-group-ba6e1863-0b00-4b2d-9eaa-abb9df915e52] Revoke previously assigned partitions os-events-0, os-events-1, os-events-2, os-events-3, os-events-4, os-events-5
2026-02-09 21:00:41 - [Consumer clientId=consumer-test-consumer-group-ba6e1863-0b00-4b2d-9eaa-abb9df915e52-14, groupId=test-consumer-group-ba6e1863-0b00-4b2d-9eaa-abb9df915e52] Member consumer-test-consumer-group-ba6e1863-0b00-4b2d-9eaa-abb9df915e52-14-ceba5967-7053-4433-a19a-c1ed20cc4b75 sending LeaveGroup request to coordinator localhost:9093 (id: 2147483647 rack: null) due to the consumer is being closed
2026-02-09 21:00:41 - [Consumer clientId=consumer-test-consumer-group-ba6e1863-0b00-4b2d-9eaa-abb9df915e52-14, groupId=test-consumer-group-ba6e1863-0b00-4b2d-9eaa-abb9df915e52] Resetting generation and member id due to: consumer pro-actively leaving the group
2026-02-09 21:00:41 - [Consumer clientId=consumer-test-consumer-group-ba6e1863-0b00-4b2d-9eaa-abb9df915e52-14, groupId=test-consumer-group-ba6e1863-0b00-4b2d-9eaa-abb9df915e52] Request joining group due to: consumer pro-actively leaving the group
2026-02-09 21:00:41 - [GroupCoordinator 0]: Preparing to rebalance group test-consumer-group-ba6e1863-0b00-4b2d-9eaa-abb9df915e52 in state PreparingRebalance with old generation 1 (__consumer_offsets-2) (reason: Removing member consumer-test-consumer-group-ba6e1863-0b00-4b2d-9eaa-abb9df915e52-14-ceba5967-7053-4433-a19a-c1ed20cc4b75 on LeaveGroup; client reason: the consumer is being closed)
2026-02-09 21:00:41 - [GroupCoordinator 0]: Group test-consumer-group-ba6e1863-0b00-4b2d-9eaa-abb9df915e52 with generation 2 is now empty (__consumer_offsets-2)
2026-02-09 21:00:41 - [GroupCoordinator 0]: Member MemberMetadata(memberId=consumer-test-consumer-group-ba6e1863-0b00-4b2d-9eaa-abb9df915e52-14-ceba5967-7053-4433-a19a-c1ed20cc4b75, groupInstanceId=None, clientId=consumer-test-consumer-group-ba6e1863-0b00-4b2d-9eaa-abb9df915e52-14, clientHost=/127.0.0.1, sessionTimeoutMs=60000, rebalanceTimeoutMs=300000, supportedProtocols=List(range, cooperative-sticky)) has left group test-consumer-group-ba6e1863-0b00-4b2d-9eaa-abb9df915e52 through explicit `LeaveGroup`; client reason: the consumer is being closed
2026-02-09 21:00:41 - [Producer clientId=producer-4] Node 0 disconnected.
2026-02-09 21:00:41 - [Producer clientId=producer-6] Node 0 disconnected.
2026-02-09 21:00:41 - [Producer clientId=producer-6] Connection to node 0 (localhost/127.0.0.1:9094) could not be established. Node may not be available.
2026-02-09 21:00:41 - [Producer clientId=producer-4] Connection to node 0 (localhost/127.0.0.1:9094) could not be established. Node may not be available.
2026-02-09 21:00:41 - Metrics scheduler closed
2026-02-09 21:00:41 - Closing reporter org.apache.kafka.common.metrics.JmxReporter
2026-02-09 21:00:41 - Closing reporter org.apache.kafka.common.telemetry.internals.ClientTelemetryReporter
2026-02-09 21:00:41 - Metrics reporters closed
2026-02-09 21:00:41 - App info kafka.consumer for consumer-test-consumer-group-ba6e1863-0b00-4b2d-9eaa-abb9df915e52-14 unregistered
]]></system-out>
  </testcase>
</testsuite>