<?xml version="1.0" encoding="UTF-8"?>
<testsuite xmlns:xsi="http://www.w3.org/2001/XMLSchema-instance" xsi:noNamespaceSchemaLocation="https://maven.apache.org/surefire/maven-surefire-plugin/xsd/surefire-test-report-3.0.xsd" version="3.0" name="br.com.grupo99.osservice.infrastructure.repository.OrdemServicoRepositoryTest" time="48.685" tests="8" errors="0" skipped="0" failures="0">
  <properties>
[...]
</properties>
  <testcase name="deveBuscarOrdensServicoPorStatus" classname="br.com.grupo99.osservice.infrastructure.repository.OrdemServicoRepositoryTest" time="0.683">
    <system-out><![CDATA[2026-02-09 21:00:42 - Could not detect default configuration classes for test class [br.com.grupo99.osservice.infrastructure.repository.OrdemServicoRepositoryTest]: OrdemServicoRepositoryTest does not declare any static, non-private, non-final, nested classes annotated with @Configuration.
2026-02-09 21:00:42 - Found @SpringBootConfiguration br.com.grupo99.osservice.OsServiceApplication for test class br.com.grupo99.osservice.infrastructure.repository.OrdemServicoRepositoryTest

  .   ____          _            __ _ _
 /\\ / ___'_ __ _ _(_)_ __  __ _ \ \ \ \
( ( )\___ | '_ | '_| | '_ \/ _` | \ \ \ \
 \\/  ___)| |_)| | | | | || (_| |  ) ) ) )
  '  |____| .__|_| |_|_| |_\__, | / / / /
 =========|_|==============|___/=/_/_/_/

 :: Spring Boot ::               (v3.3.13)

2026-02-09 21:00:42 - Starting OrdemServicoRepositoryTest using Java 21.0.9 with PID 23604 (started by Meu Computador in C:\Users\Meu Computador\OneDrive\Área de Trabalho\FIAP\projeto\fase_quatro\oficina-os-service)
2026-02-09 21:00:42 - The following 1 profile is active: "test"
2026-02-09 21:00:42 - [Producer clientId=producer-3] Node 0 disconnected.
2026-02-09 21:00:42 - [Producer clientId=producer-3] Connection to node 0 (localhost/127.0.0.1:9094) could not be established. Node may not be available.
2026-02-09 21:00:42 - [Producer clientId=producer-5] Node 0 disconnected.
2026-02-09 21:00:42 - [Producer clientId=producer-5] Connection to node 0 (localhost/127.0.0.1:9094) could not be established. Node may not be available.
2026-02-09 21:00:42 - [Producer clientId=producer-2] Node 0 disconnected.
2026-02-09 21:00:42 - [Producer clientId=producer-2] Connection to node 0 (localhost/127.0.0.1:9094) could not be established. Node may not be available.
2026-02-09 21:00:42 - [Producer clientId=producer-1] Node 0 disconnected.
2026-02-09 21:00:42 - [Producer clientId=producer-1] Connection to node 0 (localhost/127.0.0.1:9094) could not be established. Node may not be available.
2026-02-09 21:00:43 - SessionTrackerImpl exited loop!
2026-02-09 21:00:43 - Bootstrapping Spring Data JPA repositories in DEFAULT mode.
2026-02-09 21:00:43 - Finished Spring Data repository scanning in 12 ms. Found 1 JPA repository interface.
2026-02-09 21:00:43 - [Producer clientId=producer-6] Node 0 disconnected.
2026-02-09 21:00:43 - [Producer clientId=producer-6] Connection to node 0 (localhost/127.0.0.1:9094) could not be established. Node may not be available.
2026-02-09 21:00:43 - [Producer clientId=producer-4] Node 0 disconnected.
2026-02-09 21:00:43 - [Producer clientId=producer-4] Connection to node 0 (localhost/127.0.0.1:9094) could not be established. Node may not be available.
2026-02-09 21:00:43 - [Producer clientId=producer-3] Node 0 disconnected.
2026-02-09 21:00:43 - [Producer clientId=producer-3] Connection to node 0 (localhost/127.0.0.1:9094) could not be established. Node may not be available.
2026-02-09 21:00:43 - [Producer clientId=producer-5] Node 0 disconnected.
2026-02-09 21:00:43 - [Producer clientId=producer-5] Connection to node 0 (localhost/127.0.0.1:9094) could not be established. Node may not be available.
2026-02-09 21:00:43 - [Producer clientId=producer-2] Node 0 disconnected.
2026-02-09 21:00:43 - [Producer clientId=producer-2] Connection to node 0 (localhost/127.0.0.1:9094) could not be established. Node may not be available.
2026-02-09 21:00:43 - [Producer clientId=producer-1] Node 0 disconnected.
2026-02-09 21:00:43 - [Producer clientId=producer-1] Connection to node 0 (localhost/127.0.0.1:9094) could not be established. Node may not be available.
2026-02-09 21:00:44 - [Producer clientId=producer-6] Node 0 disconnected.
2026-02-09 21:00:44 - [Producer clientId=producer-6] Connection to node 0 (localhost/127.0.0.1:9094) could not be established. Node may not be available.
2026-02-09 21:00:44 - [Producer clientId=producer-4] Node 0 disconnected.
2026-02-09 21:00:44 - [Producer clientId=producer-4] Connection to node 0 (localhost/127.0.0.1:9094) could not be established. Node may not be available.
2026-02-09 21:00:44 - [Producer clientId=producer-3] Node 0 disconnected.
2026-02-09 21:00:44 - [Producer clientId=producer-3] Connection to node 0 (localhost/127.0.0.1:9094) could not be established. Node may not be available.
2026-02-09 21:00:44 - HHH000204: Processing PersistenceUnitInfo [name: default]
2026-02-09 21:00:44 - HHH000026: Second-level cache disabled
2026-02-09 21:00:44 - [Producer clientId=producer-5] Node 0 disconnected.
2026-02-09 21:00:44 - [Producer clientId=producer-5] Connection to node 0 (localhost/127.0.0.1:9094) could not be established. Node may not be available.
2026-02-09 21:00:44 - No LoadTimeWeaver setup: ignoring JPA class transformer
2026-02-09 21:00:44 - HikariPool-3 - Starting...
2026-02-09 21:00:44 - HikariPool-3 - Added connection conn10: url=jdbc:h2:mem:testdb user=SA
2026-02-09 21:00:44 - HikariPool-3 - Start completed.
2026-02-09 21:00:44 - HHH90000025: H2Dialect does not need to be specified explicitly using 'hibernate.dialect' (remove the property setting and it will be selected by default)
2026-02-09 21:00:44 - [Producer clientId=producer-2] Node 0 disconnected.
2026-02-09 21:00:44 - [Producer clientId=producer-2] Connection to node 0 (localhost/127.0.0.1:9094) could not be established. Node may not be available.
2026-02-09 21:00:44 - [Producer clientId=producer-1] Node 0 disconnected.
2026-02-09 21:00:44 - [Producer clientId=producer-1] Connection to node 0 (localhost/127.0.0.1:9094) could not be established. Node may not be available.
2026-02-09 21:00:45 - HHH000489: No JTA platform available (set 'hibernate.transaction.jta.platform' to enable JTA platform integration)
2026-02-09 21:00:45 - drop table if exists historico_status cascade 
2026-02-09 21:00:45 - drop table if exists ordem_servico cascade 
2026-02-09 21:00:45 - create table historico_status (data_alteracao timestamp(6) not null, id uuid not null, ordem_servico_id uuid not null, usuario_alteracao varchar(100), observacao TEXT, novo_status enum ('AGUARDANDO_APROVACAO','AGUARDANDO_PAGAMENTO','CANCELADA','EM_DIAGNOSTICO','EM_EXECUCAO','ENTREGUE','FINALIZADA','RECEBIDA') not null, status_anterior enum ('AGUARDANDO_APROVACAO','AGUARDANDO_PAGAMENTO','CANCELADA','EM_DIAGNOSTICO','EM_EXECUCAO','ENTREGUE','FINALIZADA','RECEBIDA'), primary key (id))
2026-02-09 21:00:45 - create table ordem_servico (valor_total numeric(10,2) not null, version integer not null, created_at timestamp(6) not null, data_criacao timestamp(6) not null, data_entrega timestamp(6), data_finalizacao timestamp(6), updated_at timestamp(6), cliente_id uuid not null, id uuid not null, veiculo_id uuid not null, descricao_problema TEXT, status enum ('AGUARDANDO_APROVACAO','AGUARDANDO_PAGAMENTO','CANCELADA','EM_DIAGNOSTICO','EM_EXECUCAO','ENTREGUE','FINALIZADA','RECEBIDA') not null, primary key (id))
2026-02-09 21:00:45 - alter table if exists historico_status add constraint FK3ckvki9ebuup3rfaeq7sbkmt foreign key (ordem_servico_id) references ordem_servico
2026-02-09 21:00:45 - Initialized JPA EntityManagerFactory for persistence unit 'default'
2026-02-09 21:00:45 - 📊 Kafka Metrics configurado para monitoramento
2026-02-09 21:00:45 - [Producer clientId=producer-6] Node 0 disconnected.
2026-02-09 21:00:45 - [Producer clientId=producer-6] Connection to node 0 (localhost/127.0.0.1:9094) could not be established. Node may not be available.
2026-02-09 21:00:45 - [Producer clientId=producer-4] Node 0 disconnected.
2026-02-09 21:00:45 - [Producer clientId=producer-3] Node 0 disconnected.
2026-02-09 21:00:45 - [Producer clientId=producer-4] Connection to node 0 (localhost/127.0.0.1:9094) could not be established. Node may not be available.
2026-02-09 21:00:45 - [Producer clientId=producer-3] Connection to node 0 (localhost/127.0.0.1:9094) could not be established. Node may not be available.
2026-02-09 21:00:45 - [Producer clientId=producer-5] Node 0 disconnected.
2026-02-09 21:00:45 - [Producer clientId=producer-5] Connection to node 0 (localhost/127.0.0.1:9094) could not be established. Node may not be available.
2026-02-09 21:00:45 - [Producer clientId=producer-2] Node 0 disconnected.
2026-02-09 21:00:45 - [Producer clientId=producer-2] Connection to node 0 (localhost/127.0.0.1:9094) could not be established. Node may not be available.
2026-02-09 21:00:45 - [Producer clientId=producer-1] Node 0 disconnected.
2026-02-09 21:00:45 - [Producer clientId=producer-1] Connection to node 0 (localhost/127.0.0.1:9094) could not be established. Node may not be available.
2026-02-09 21:00:46 - spring.jpa.open-in-view is enabled by default. Therefore, database queries may be performed during view rendering. Explicitly configure spring.jpa.open-in-view to disable this warning
2026-02-09 21:00:46 - [Producer clientId=producer-6] Node 0 disconnected.
2026-02-09 21:00:46 - [Producer clientId=producer-6] Connection to node 0 (localhost/127.0.0.1:9094) could not be established. Node may not be available.
2026-02-09 21:00:46 - [Producer clientId=producer-3] Node 0 disconnected.
2026-02-09 21:00:46 - [Producer clientId=producer-4] Node 0 disconnected.
2026-02-09 21:00:46 - [Producer clientId=producer-3] Connection to node 0 (localhost/127.0.0.1:9094) could not be established. Node may not be available.
2026-02-09 21:00:46 - [Producer clientId=producer-4] Connection to node 0 (localhost/127.0.0.1:9094) could not be established. Node may not be available.
2026-02-09 21:00:46 - [Producer clientId=producer-5] Node 0 disconnected.
2026-02-09 21:00:46 - [Producer clientId=producer-5] Connection to node 0 (localhost/127.0.0.1:9094) could not be established. Node may not be available.
2026-02-09 21:00:46 - [Producer clientId=producer-2] Node 0 disconnected.
2026-02-09 21:00:46 - [Producer clientId=producer-2] Connection to node 0 (localhost/127.0.0.1:9094) could not be established. Node may not be available.
2026-02-09 21:00:46 - [Producer clientId=producer-1] Node 0 disconnected.
2026-02-09 21:00:46 - [Producer clientId=producer-1] Connection to node 0 (localhost/127.0.0.1:9094) could not be established. Node may not be available.
2026-02-09 21:00:47 - Exposing 3 endpoints beneath base path '/actuator'
2026-02-09 21:00:47 - You are asking Spring Security to ignore Deferred [Mvc [pattern='/api/v1/auth/**'], Ant [pattern='/api/v1/auth/**']]. This is not recommended -- please use permitAll via HttpSecurity#authorizeHttpRequests instead.
2026-02-09 21:00:47 - You are asking Spring Security to ignore Deferred [Mvc [pattern='/actuator/health/**'], Ant [pattern='/actuator/health/**']]. This is not recommended -- please use permitAll via HttpSecurity#authorizeHttpRequests instead.
2026-02-09 21:00:47 - You are asking Spring Security to ignore Deferred [Mvc [pattern='/actuator/health'], Ant [pattern='/actuator/health']]. This is not recommended -- please use permitAll via HttpSecurity#authorizeHttpRequests instead.
2026-02-09 21:00:47 - You are asking Spring Security to ignore Deferred [Mvc [pattern='/swagger-ui.html'], Ant [pattern='/swagger-ui.html']]. This is not recommended -- please use permitAll via HttpSecurity#authorizeHttpRequests instead.
2026-02-09 21:00:47 - You are asking Spring Security to ignore Deferred [Mvc [pattern='/swagger-ui/**'], Ant [pattern='/swagger-ui/**']]. This is not recommended -- please use permitAll via HttpSecurity#authorizeHttpRequests instead.
2026-02-09 21:00:47 - You are asking Spring Security to ignore Deferred [Mvc [pattern='/api-docs/**'], Ant [pattern='/api-docs/**']]. This is not recommended -- please use permitAll via HttpSecurity#authorizeHttpRequests instead.
2026-02-09 21:00:47 - You are asking Spring Security to ignore Deferred [Mvc [pattern='/v3/api-docs/**'], Ant [pattern='/v3/api-docs/**']]. This is not recommended -- please use permitAll via HttpSecurity#authorizeHttpRequests instead.
2026-02-09 21:00:47 - You are asking Spring Security to ignore Deferred [Mvc [pattern='/swagger-resources'], Ant [pattern='/swagger-resources']]. This is not recommended -- please use permitAll via HttpSecurity#authorizeHttpRequests instead.
2026-02-09 21:00:47 - You are asking Spring Security to ignore Deferred [Mvc [pattern='/swagger-resources/**'], Ant [pattern='/swagger-resources/**']]. This is not recommended -- please use permitAll via HttpSecurity#authorizeHttpRequests instead.
2026-02-09 21:00:47 - You are asking Spring Security to ignore Deferred [Mvc [pattern='/configuration/ui'], Ant [pattern='/configuration/ui']]. This is not recommended -- please use permitAll via HttpSecurity#authorizeHttpRequests instead.
2026-02-09 21:00:47 - You are asking Spring Security to ignore Deferred [Mvc [pattern='/configuration/security'], Ant [pattern='/configuration/security']]. This is not recommended -- please use permitAll via HttpSecurity#authorizeHttpRequests instead.
2026-02-09 21:00:47 - You are asking Spring Security to ignore Deferred [Mvc [pattern='/webjars/**'], Ant [pattern='/webjars/**']]. This is not recommended -- please use permitAll via HttpSecurity#authorizeHttpRequests instead.
2026-02-09 21:00:47 - [Producer clientId=producer-6] Node 0 disconnected.
2026-02-09 21:00:47 - [Producer clientId=producer-6] Connection to node 0 (localhost/127.0.0.1:9094) could not be established. Node may not be available.
2026-02-09 21:00:47 - [Producer clientId=producer-3] Node 0 disconnected.
2026-02-09 21:00:47 - [Producer clientId=producer-3] Connection to node 0 (localhost/127.0.0.1:9094) could not be established. Node may not be available.
2026-02-09 21:00:47 - [Producer clientId=producer-4] Node 0 disconnected.
2026-02-09 21:00:47 - [Producer clientId=producer-4] Connection to node 0 (localhost/127.0.0.1:9094) could not be established. Node may not be available.
2026-02-09 21:00:47 - [Producer clientId=producer-5] Node 0 disconnected.
2026-02-09 21:00:47 - [Producer clientId=producer-5] Connection to node 0 (localhost/127.0.0.1:9094) could not be established. Node may not be available.
2026-02-09 21:00:47 - [Producer clientId=producer-2] Node 0 disconnected.
2026-02-09 21:00:47 - [Producer clientId=producer-2] Connection to node 0 (localhost/127.0.0.1:9094) could not be established. Node may not be available.
2026-02-09 21:00:47 - [Producer clientId=producer-1] Node 0 disconnected.
2026-02-09 21:00:47 - [Producer clientId=producer-1] Connection to node 0 (localhost/127.0.0.1:9094) could not be established. Node may not be available.
2026-02-09 21:00:48 - [Producer clientId=producer-6] Node 0 disconnected.
2026-02-09 21:00:48 - [Producer clientId=producer-6] Connection to node 0 (localhost/127.0.0.1:9094) could not be established. Node may not be available.
2026-02-09 21:00:48 - [Producer clientId=producer-4] Node 0 disconnected.
2026-02-09 21:00:48 - [Producer clientId=producer-4] Connection to node 0 (localhost/127.0.0.1:9094) could not be established. Node may not be available.
2026-02-09 21:00:48 - [Producer clientId=producer-3] Node 0 disconnected.
2026-02-09 21:00:48 - [Producer clientId=producer-3] Connection to node 0 (localhost/127.0.0.1:9094) could not be established. Node may not be available.
2026-02-09 21:00:48 - [Producer clientId=producer-5] Node 0 disconnected.
2026-02-09 21:00:48 - [Producer clientId=producer-5] Connection to node 0 (localhost/127.0.0.1:9094) could not be established. Node may not be available.
2026-02-09 21:00:48 - [Producer clientId=producer-2] Node 0 disconnected.
2026-02-09 21:00:48 - [Producer clientId=producer-2] Connection to node 0 (localhost/127.0.0.1:9094) could not be established. Node may not be available.
2026-02-09 21:00:48 - [Producer clientId=producer-1] Node 0 disconnected.
2026-02-09 21:00:48 - [Producer clientId=producer-1] Connection to node 0 (localhost/127.0.0.1:9094) could not be established. Node may not be available.
2026-02-09 21:00:49 - AdminClientConfig values: 
	auto.include.jmx.reporter = true
	bootstrap.controllers = []
	bootstrap.servers = [localhost:9092]
	client.dns.lookup = use_all_dns_ips
	client.id = os-service-test-admin-2
	connections.max.idle.ms = 300000
	default.api.timeout.ms = 60000
	enable.metrics.push = true
	metadata.max.age.ms = 300000
	metric.reporters = []
	metrics.num.samples = 2
	metrics.recording.level = INFO
	metrics.sample.window.ms = 30000
	receive.buffer.bytes = 65536
	reconnect.backoff.max.ms = 1000
	reconnect.backoff.ms = 50
	request.timeout.ms = 30000
	retries = 2147483647
	retry.backoff.max.ms = 1000
	retry.backoff.ms = 100
	sasl.client.callback.handler.class = null
	sasl.jaas.config = null
	sasl.kerberos.kinit.cmd = /usr/bin/kinit
	sasl.kerberos.min.time.before.relogin = 60000
	sasl.kerberos.service.name = null
	sasl.kerberos.ticket.renew.jitter = 0.05
	sasl.kerberos.ticket.renew.window.factor = 0.8
	sasl.login.callback.handler.class = null
	sasl.login.class = null
	sasl.login.connect.timeout.ms = null
	sasl.login.read.timeout.ms = null
	sasl.login.refresh.buffer.seconds = 300
	sasl.login.refresh.min.period.seconds = 60
	sasl.login.refresh.window.factor = 0.8
	sasl.login.refresh.window.jitter = 0.05
	sasl.login.retry.backoff.max.ms = 10000
	sasl.login.retry.backoff.ms = 100
	sasl.mechanism = GSSAPI
	sasl.oauthbearer.clock.skew.seconds = 30
	sasl.oauthbearer.expected.audience = null
	sasl.oauthbearer.expected.issuer = null
	sasl.oauthbearer.jwks.endpoint.refresh.ms = 3600000
	sasl.oauthbearer.jwks.endpoint.retry.backoff.max.ms = 10000
	sasl.oauthbearer.jwks.endpoint.retry.backoff.ms = 100
	sasl.oauthbearer.jwks.endpoint.url = null
	sasl.oauthbearer.scope.claim.name = scope
	sasl.oauthbearer.sub.claim.name = sub
	sasl.oauthbearer.token.endpoint.url = null
	security.protocol = PLAINTEXT
	security.providers = null
	send.buffer.bytes = 131072
	socket.connection.setup.timeout.max.ms = 30000
	socket.connection.setup.timeout.ms = 10000
	ssl.cipher.suites = null
	ssl.enabled.protocols = [TLSv1.2, TLSv1.3]
	ssl.endpoint.identification.algorithm = https
	ssl.engine.factory.class = null
	ssl.key.password = null
	ssl.keymanager.algorithm = SunX509
	ssl.keystore.certificate.chain = null
	ssl.keystore.key = null
	ssl.keystore.location = null
	ssl.keystore.password = null
	ssl.keystore.type = JKS
	ssl.protocol = TLSv1.3
	ssl.provider = null
	ssl.secure.random.implementation = null
	ssl.trustmanager.algorithm = PKIX
	ssl.truststore.certificates = null
	ssl.truststore.location = null
	ssl.truststore.password = null
	ssl.truststore.type = JKS

2026-02-09 21:00:49 - Kafka version: 3.7.2
2026-02-09 21:00:49 - Kafka commitId: 79a8f2b5f44f9d5a
2026-02-09 21:00:49 - Kafka startTimeMs: 1770681649036
2026-02-09 21:00:49 - [AdminClient clientId=os-service-test-admin-2] Node -1 disconnected.
2026-02-09 21:00:49 - [AdminClient clientId=os-service-test-admin-2] Connection to node -1 (localhost/127.0.0.1:9092) could not be established. Node may not be available.
2026-02-09 21:00:49 - [AdminClient clientId=os-service-test-admin-2] Node -1 disconnected.
2026-02-09 21:00:49 - [AdminClient clientId=os-service-test-admin-2] Connection to node -1 (localhost/127.0.0.1:9092) could not be established. Node may not be available.
2026-02-09 21:00:49 - [AdminClient clientId=os-service-test-admin-2] Node -1 disconnected.
2026-02-09 21:00:49 - [AdminClient clientId=os-service-test-admin-2] Connection to node -1 (localhost/127.0.0.1:9092) could not be established. Node may not be available.
2026-02-09 21:00:49 - [Producer clientId=producer-6] Node 0 disconnected.
2026-02-09 21:00:49 - [Producer clientId=producer-6] Connection to node 0 (localhost/127.0.0.1:9094) could not be established. Node may not be available.
2026-02-09 21:00:49 - [AdminClient clientId=os-service-test-admin-2] Node -1 disconnected.
2026-02-09 21:00:49 - [AdminClient clientId=os-service-test-admin-2] Connection to node -1 (localhost/127.0.0.1:9092) could not be established. Node may not be available.
2026-02-09 21:00:49 - [Producer clientId=producer-3] Node 0 disconnected.
2026-02-09 21:00:49 - [Producer clientId=producer-4] Node 0 disconnected.
2026-02-09 21:00:49 - [Producer clientId=producer-3] Connection to node 0 (localhost/127.0.0.1:9094) could not be established. Node may not be available.
2026-02-09 21:00:49 - [Producer clientId=producer-4] Connection to node 0 (localhost/127.0.0.1:9094) could not be established. Node may not be available.
2026-02-09 21:00:49 - [Producer clientId=producer-5] Node 0 disconnected.
2026-02-09 21:00:49 - [Producer clientId=producer-5] Connection to node 0 (localhost/127.0.0.1:9094) could not be established. Node may not be available.
2026-02-09 21:00:49 - [Producer clientId=producer-2] Node 0 disconnected.
2026-02-09 21:00:49 - [Producer clientId=producer-2] Connection to node 0 (localhost/127.0.0.1:9094) could not be established. Node may not be available.
2026-02-09 21:00:49 - [Producer clientId=producer-1] Node 0 disconnected.
2026-02-09 21:00:49 - [Producer clientId=producer-1] Connection to node 0 (localhost/127.0.0.1:9094) could not be established. Node may not be available.
2026-02-09 21:00:50 - [AdminClient clientId=os-service-test-admin-2] Node -1 disconnected.
2026-02-09 21:00:50 - [AdminClient clientId=os-service-test-admin-2] Connection to node -1 (localhost/127.0.0.1:9092) could not be established. Node may not be available.
2026-02-09 21:00:50 - [Producer clientId=producer-6] Node 0 disconnected.
2026-02-09 21:00:50 - [Producer clientId=producer-6] Connection to node 0 (localhost/127.0.0.1:9094) could not be established. Node may not be available.
2026-02-09 21:00:50 - [Producer clientId=producer-4] Node 0 disconnected.
2026-02-09 21:00:50 - [Producer clientId=producer-4] Connection to node 0 (localhost/127.0.0.1:9094) could not be established. Node may not be available.
2026-02-09 21:00:50 - [Producer clientId=producer-3] Node 0 disconnected.
2026-02-09 21:00:50 - [Producer clientId=producer-3] Connection to node 0 (localhost/127.0.0.1:9094) could not be established. Node may not be available.
2026-02-09 21:00:50 - [Producer clientId=producer-5] Node 0 disconnected.
2026-02-09 21:00:50 - [Producer clientId=producer-5] Connection to node 0 (localhost/127.0.0.1:9094) could not be established. Node may not be available.
2026-02-09 21:00:50 - [AdminClient clientId=os-service-test-admin-2] Node -1 disconnected.
2026-02-09 21:00:50 - [AdminClient clientId=os-service-test-admin-2] Connection to node -1 (localhost/127.0.0.1:9092) could not be established. Node may not be available.
2026-02-09 21:00:50 - [Producer clientId=producer-2] Node 0 disconnected.
2026-02-09 21:00:50 - [Producer clientId=producer-2] Connection to node 0 (localhost/127.0.0.1:9094) could not be established. Node may not be available.
2026-02-09 21:00:50 - [Producer clientId=producer-1] Node 0 disconnected.
2026-02-09 21:00:50 - [Producer clientId=producer-1] Connection to node 0 (localhost/127.0.0.1:9094) could not be established. Node may not be available.
2026-02-09 21:00:51 - [Producer clientId=producer-6] Node 0 disconnected.
2026-02-09 21:00:51 - [Producer clientId=producer-6] Connection to node 0 (localhost/127.0.0.1:9094) could not be established. Node may not be available.
2026-02-09 21:00:51 - [Producer clientId=producer-5] Node 0 disconnected.
2026-02-09 21:00:51 - [Producer clientId=producer-3] Node 0 disconnected.
2026-02-09 21:00:51 - [Producer clientId=producer-5] Connection to node 0 (localhost/127.0.0.1:9094) could not be established. Node may not be available.
2026-02-09 21:00:51 - [Producer clientId=producer-3] Connection to node 0 (localhost/127.0.0.1:9094) could not be established. Node may not be available.
2026-02-09 21:00:51 - [Producer clientId=producer-4] Node 0 disconnected.
2026-02-09 21:00:51 - [Producer clientId=producer-4] Connection to node 0 (localhost/127.0.0.1:9094) could not be established. Node may not be available.
2026-02-09 21:00:51 - [Producer clientId=producer-2] Node 0 disconnected.
2026-02-09 21:00:51 - [Producer clientId=producer-2] Connection to node 0 (localhost/127.0.0.1:9094) could not be established. Node may not be available.
2026-02-09 21:00:52 - [AdminClient clientId=os-service-test-admin-2] Node -1 disconnected.
2026-02-09 21:00:52 - [AdminClient clientId=os-service-test-admin-2] Connection to node -1 (localhost/127.0.0.1:9092) could not be established. Node may not be available.
2026-02-09 21:00:52 - [Producer clientId=producer-1] Node 0 disconnected.
2026-02-09 21:00:52 - [Producer clientId=producer-1] Connection to node 0 (localhost/127.0.0.1:9094) could not be established. Node may not be available.
2026-02-09 21:00:52 - [Producer clientId=producer-6] Node 0 disconnected.
2026-02-09 21:00:52 - [Producer clientId=producer-6] Connection to node 0 (localhost/127.0.0.1:9094) could not be established. Node may not be available.
2026-02-09 21:00:52 - [Producer clientId=producer-5] Node 0 disconnected.
2026-02-09 21:00:52 - [Producer clientId=producer-3] Node 0 disconnected.
2026-02-09 21:00:52 - [Producer clientId=producer-4] Node 0 disconnected.
2026-02-09 21:00:52 - [Producer clientId=producer-3] Connection to node 0 (localhost/127.0.0.1:9094) could not be established. Node may not be available.
2026-02-09 21:00:52 - [Producer clientId=producer-4] Connection to node 0 (localhost/127.0.0.1:9094) could not be established. Node may not be available.
2026-02-09 21:00:52 - [Producer clientId=producer-5] Connection to node 0 (localhost/127.0.0.1:9094) could not be established. Node may not be available.
2026-02-09 21:00:52 - [AdminClient clientId=os-service-test-admin-2] Node -1 disconnected.
2026-02-09 21:00:52 - [AdminClient clientId=os-service-test-admin-2] Connection to node -1 (localhost/127.0.0.1:9092) could not be established. Node may not be available.
2026-02-09 21:00:52 - [Producer clientId=producer-2] Node 0 disconnected.
2026-02-09 21:00:52 - [Producer clientId=producer-2] Connection to node 0 (localhost/127.0.0.1:9094) could not be established. Node may not be available.
2026-02-09 21:00:53 - [Producer clientId=producer-1] Node 0 disconnected.
2026-02-09 21:00:53 - [Producer clientId=producer-1] Connection to node 0 (localhost/127.0.0.1:9094) could not be established. Node may not be available.
2026-02-09 21:00:53 - [Producer clientId=producer-6] Node 0 disconnected.
2026-02-09 21:00:53 - [Producer clientId=producer-6] Connection to node 0 (localhost/127.0.0.1:9094) could not be established. Node may not be available.
2026-02-09 21:00:53 - [AdminClient clientId=os-service-test-admin-2] Node -1 disconnected.
2026-02-09 21:00:53 - [AdminClient clientId=os-service-test-admin-2] Connection to node -1 (localhost/127.0.0.1:9092) could not be established. Node may not be available.
2026-02-09 21:00:53 - [Producer clientId=producer-5] Node 0 disconnected.
2026-02-09 21:00:53 - [Producer clientId=producer-5] Connection to node 0 (localhost/127.0.0.1:9094) could not be established. Node may not be available.
2026-02-09 21:00:53 - [Producer clientId=producer-3] Node 0 disconnected.
2026-02-09 21:00:53 - [Producer clientId=producer-4] Node 0 disconnected.
2026-02-09 21:00:53 - [Producer clientId=producer-3] Connection to node 0 (localhost/127.0.0.1:9094) could not be established. Node may not be available.
2026-02-09 21:00:53 - [Producer clientId=producer-4] Connection to node 0 (localhost/127.0.0.1:9094) could not be established. Node may not be available.
2026-02-09 21:00:53 - [Producer clientId=producer-2] Node 0 disconnected.
2026-02-09 21:00:53 - [Producer clientId=producer-2] Connection to node 0 (localhost/127.0.0.1:9094) could not be established. Node may not be available.
2026-02-09 21:00:54 - [Producer clientId=producer-1] Node 0 disconnected.
2026-02-09 21:00:54 - [Producer clientId=producer-1] Connection to node 0 (localhost/127.0.0.1:9094) could not be established. Node may not be available.
2026-02-09 21:00:54 - [Producer clientId=producer-6] Node 0 disconnected.
2026-02-09 21:00:54 - [Producer clientId=producer-6] Connection to node 0 (localhost/127.0.0.1:9094) could not be established. Node may not be available.
2026-02-09 21:00:54 - [AdminClient clientId=os-service-test-admin-2] Node -1 disconnected.
2026-02-09 21:00:54 - [AdminClient clientId=os-service-test-admin-2] Connection to node -1 (localhost/127.0.0.1:9092) could not be established. Node may not be available.
2026-02-09 21:00:54 - [Producer clientId=producer-5] Node 0 disconnected.
2026-02-09 21:00:54 - [Producer clientId=producer-5] Connection to node 0 (localhost/127.0.0.1:9094) could not be established. Node may not be available.
2026-02-09 21:00:54 - [Producer clientId=producer-4] Node 0 disconnected.
2026-02-09 21:00:54 - [Producer clientId=producer-3] Node 0 disconnected.
2026-02-09 21:00:54 - [Producer clientId=producer-4] Connection to node 0 (localhost/127.0.0.1:9094) could not be established. Node may not be available.
2026-02-09 21:00:54 - [Producer clientId=producer-3] Connection to node 0 (localhost/127.0.0.1:9094) could not be established. Node may not be available.
2026-02-09 21:00:54 - [Producer clientId=producer-2] Node 0 disconnected.
2026-02-09 21:00:54 - [Producer clientId=producer-2] Connection to node 0 (localhost/127.0.0.1:9094) could not be established. Node may not be available.
2026-02-09 21:00:55 - [Producer clientId=producer-1] Node 0 disconnected.
2026-02-09 21:00:55 - [Producer clientId=producer-1] Connection to node 0 (localhost/127.0.0.1:9094) could not be established. Node may not be available.
2026-02-09 21:00:55 - [Producer clientId=producer-6] Node 0 disconnected.
2026-02-09 21:00:55 - [Producer clientId=producer-6] Connection to node 0 (localhost/127.0.0.1:9094) could not be established. Node may not be available.
2026-02-09 21:00:55 - [Producer clientId=producer-5] Node 0 disconnected.
2026-02-09 21:00:55 - [Producer clientId=producer-5] Connection to node 0 (localhost/127.0.0.1:9094) could not be established. Node may not be available.
2026-02-09 21:00:55 - [Producer clientId=producer-3] Node 0 disconnected.
2026-02-09 21:00:55 - [AdminClient clientId=os-service-test-admin-2] Node -1 disconnected.
2026-02-09 21:00:55 - [Producer clientId=producer-3] Connection to node 0 (localhost/127.0.0.1:9094) could not be established. Node may not be available.
2026-02-09 21:00:55 - [AdminClient clientId=os-service-test-admin-2] Connection to node -1 (localhost/127.0.0.1:9092) could not be established. Node may not be available.
2026-02-09 21:00:55 - [Producer clientId=producer-4] Node 0 disconnected.
2026-02-09 21:00:55 - [Producer clientId=producer-4] Connection to node 0 (localhost/127.0.0.1:9094) could not be established. Node may not be available.
2026-02-09 21:00:56 - [Producer clientId=producer-2] Node 0 disconnected.
2026-02-09 21:00:56 - [Producer clientId=producer-2] Connection to node 0 (localhost/127.0.0.1:9094) could not be established. Node may not be available.
2026-02-09 21:00:56 - [Producer clientId=producer-1] Node 0 disconnected.
2026-02-09 21:00:56 - [Producer clientId=producer-1] Connection to node 0 (localhost/127.0.0.1:9094) could not be established. Node may not be available.
2026-02-09 21:00:56 - [Producer clientId=producer-6] Node 0 disconnected.
2026-02-09 21:00:56 - [Producer clientId=producer-6] Connection to node 0 (localhost/127.0.0.1:9094) could not be established. Node may not be available.
2026-02-09 21:00:56 - [AdminClient clientId=os-service-test-admin-2] Node -1 disconnected.
2026-02-09 21:00:56 - [AdminClient clientId=os-service-test-admin-2] Connection to node -1 (localhost/127.0.0.1:9092) could not be established. Node may not be available.
2026-02-09 21:00:56 - [Producer clientId=producer-5] Node 0 disconnected.
2026-02-09 21:00:56 - [Producer clientId=producer-5] Connection to node 0 (localhost/127.0.0.1:9094) could not be established. Node may not be available.
2026-02-09 21:00:56 - [Producer clientId=producer-3] Node 0 disconnected.
2026-02-09 21:00:56 - [Producer clientId=producer-3] Connection to node 0 (localhost/127.0.0.1:9094) could not be established. Node may not be available.
2026-02-09 21:00:56 - [Producer clientId=producer-4] Node 0 disconnected.
2026-02-09 21:00:56 - [Producer clientId=producer-4] Connection to node 0 (localhost/127.0.0.1:9094) could not be established. Node may not be available.
2026-02-09 21:00:57 - [Producer clientId=producer-2] Node 0 disconnected.
2026-02-09 21:00:57 - [Producer clientId=producer-2] Connection to node 0 (localhost/127.0.0.1:9094) could not be established. Node may not be available.
2026-02-09 21:00:57 - [Producer clientId=producer-1] Node 0 disconnected.
2026-02-09 21:00:57 - [Producer clientId=producer-1] Connection to node 0 (localhost/127.0.0.1:9094) could not be established. Node may not be available.
2026-02-09 21:00:57 - [Producer clientId=producer-6] Node 0 disconnected.
2026-02-09 21:00:57 - [Producer clientId=producer-6] Connection to node 0 (localhost/127.0.0.1:9094) could not be established. Node may not be available.
2026-02-09 21:00:57 - [AdminClient clientId=os-service-test-admin-2] Node -1 disconnected.
2026-02-09 21:00:57 - [AdminClient clientId=os-service-test-admin-2] Connection to node -1 (localhost/127.0.0.1:9092) could not be established. Node may not be available.
2026-02-09 21:00:57 - [Producer clientId=producer-5] Node 0 disconnected.
2026-02-09 21:00:57 - [Producer clientId=producer-5] Connection to node 0 (localhost/127.0.0.1:9094) could not be established. Node may not be available.
2026-02-09 21:00:57 - [Producer clientId=producer-4] Node 0 disconnected.
2026-02-09 21:00:57 - [Producer clientId=producer-4] Connection to node 0 (localhost/127.0.0.1:9094) could not be established. Node may not be available.
2026-02-09 21:00:57 - [Producer clientId=producer-3] Node 0 disconnected.
2026-02-09 21:00:57 - [Producer clientId=producer-3] Connection to node 0 (localhost/127.0.0.1:9094) could not be established. Node may not be available.
2026-02-09 21:00:58 - [Producer clientId=producer-2] Node 0 disconnected.
2026-02-09 21:00:58 - [Producer clientId=producer-2] Connection to node 0 (localhost/127.0.0.1:9094) could not be established. Node may not be available.
2026-02-09 21:00:58 - [Producer clientId=producer-1] Node 0 disconnected.
2026-02-09 21:00:58 - [Producer clientId=producer-1] Connection to node 0 (localhost/127.0.0.1:9094) could not be established. Node may not be available.
2026-02-09 21:00:58 - [Producer clientId=producer-6] Node 0 disconnected.
2026-02-09 21:00:58 - [Producer clientId=producer-6] Connection to node 0 (localhost/127.0.0.1:9094) could not be established. Node may not be available.
2026-02-09 21:00:58 - [AdminClient clientId=os-service-test-admin-2] Node -1 disconnected.
2026-02-09 21:00:58 - [AdminClient clientId=os-service-test-admin-2] Connection to node -1 (localhost/127.0.0.1:9092) could not be established. Node may not be available.
2026-02-09 21:00:58 - [Producer clientId=producer-5] Node 0 disconnected.
2026-02-09 21:00:58 - [Producer clientId=producer-5] Connection to node 0 (localhost/127.0.0.1:9094) could not be established. Node may not be available.
2026-02-09 21:00:58 - [Producer clientId=producer-4] Node 0 disconnected.
2026-02-09 21:00:58 - [Producer clientId=producer-4] Connection to node 0 (localhost/127.0.0.1:9094) could not be established. Node may not be available.
2026-02-09 21:00:58 - [Producer clientId=producer-3] Node 0 disconnected.
2026-02-09 21:00:58 - [Producer clientId=producer-3] Connection to node 0 (localhost/127.0.0.1:9094) could not be established. Node may not be available.
2026-02-09 21:00:59 - [Producer clientId=producer-2] Node 0 disconnected.
2026-02-09 21:00:59 - [Producer clientId=producer-2] Connection to node 0 (localhost/127.0.0.1:9094) could not be established. Node may not be available.
2026-02-09 21:00:59 - [Producer clientId=producer-1] Node 0 disconnected.
2026-02-09 21:00:59 - [Producer clientId=producer-1] Connection to node 0 (localhost/127.0.0.1:9094) could not be established. Node may not be available.
2026-02-09 21:00:59 - [Producer clientId=producer-6] Node 0 disconnected.
2026-02-09 21:00:59 - [Producer clientId=producer-6] Connection to node 0 (localhost/127.0.0.1:9094) could not be established. Node may not be available.
2026-02-09 21:00:59 - [AdminClient clientId=os-service-test-admin-2] Node -1 disconnected.
2026-02-09 21:00:59 - [AdminClient clientId=os-service-test-admin-2] Connection to node -1 (localhost/127.0.0.1:9092) could not be established. Node may not be available.
2026-02-09 21:00:59 - [Producer clientId=producer-5] Node 0 disconnected.
2026-02-09 21:00:59 - [Producer clientId=producer-5] Connection to node 0 (localhost/127.0.0.1:9094) could not be established. Node may not be available.
2026-02-09 21:00:59 - [Producer clientId=producer-4] Node 0 disconnected.
2026-02-09 21:00:59 - [Producer clientId=producer-4] Connection to node 0 (localhost/127.0.0.1:9094) could not be established. Node may not be available.
2026-02-09 21:00:59 - [Producer clientId=producer-3] Node 0 disconnected.
2026-02-09 21:00:59 - [Producer clientId=producer-3] Connection to node 0 (localhost/127.0.0.1:9094) could not be established. Node may not be available.
2026-02-09 21:01:00 - [Producer clientId=producer-2] Node 0 disconnected.
2026-02-09 21:01:00 - [Producer clientId=producer-2] Connection to node 0 (localhost/127.0.0.1:9094) could not be established. Node may not be available.
2026-02-09 21:01:00 - [Producer clientId=producer-1] Node 0 disconnected.
2026-02-09 21:01:00 - [Producer clientId=producer-1] Connection to node 0 (localhost/127.0.0.1:9094) could not be established. Node may not be available.
2026-02-09 21:01:00 - [Producer clientId=producer-6] Node 0 disconnected.
2026-02-09 21:01:00 - [Producer clientId=producer-6] Connection to node 0 (localhost/127.0.0.1:9094) could not be established. Node may not be available.
2026-02-09 21:01:00 - [Producer clientId=producer-5] Node 0 disconnected.
2026-02-09 21:01:00 - [Producer clientId=producer-5] Connection to node 0 (localhost/127.0.0.1:9094) could not be established. Node may not be available.
2026-02-09 21:01:00 - [AdminClient clientId=os-service-test-admin-2] Node -1 disconnected.
2026-02-09 21:01:00 - [AdminClient clientId=os-service-test-admin-2] Connection to node -1 (localhost/127.0.0.1:9092) could not be established. Node may not be available.
2026-02-09 21:01:00 - [Producer clientId=producer-3] Node 0 disconnected.
2026-02-09 21:01:00 - [Producer clientId=producer-3] Connection to node 0 (localhost/127.0.0.1:9094) could not be established. Node may not be available.
2026-02-09 21:01:00 - [Producer clientId=producer-4] Node 0 disconnected.
2026-02-09 21:01:00 - [Producer clientId=producer-4] Connection to node 0 (localhost/127.0.0.1:9094) could not be established. Node may not be available.
2026-02-09 21:01:01 - [Producer clientId=producer-2] Node 0 disconnected.
2026-02-09 21:01:01 - [Producer clientId=producer-2] Connection to node 0 (localhost/127.0.0.1:9094) could not be established. Node may not be available.
2026-02-09 21:01:01 - [Producer clientId=producer-1] Node 0 disconnected.
2026-02-09 21:01:01 - [Producer clientId=producer-1] Connection to node 0 (localhost/127.0.0.1:9094) could not be established. Node may not be available.
2026-02-09 21:01:01 - [Producer clientId=producer-6] Node 0 disconnected.
2026-02-09 21:01:01 - [Producer clientId=producer-6] Connection to node 0 (localhost/127.0.0.1:9094) could not be established. Node may not be available.
2026-02-09 21:01:01 - [Producer clientId=producer-5] Node 0 disconnected.
2026-02-09 21:01:01 - [Producer clientId=producer-5] Connection to node 0 (localhost/127.0.0.1:9094) could not be established. Node may not be available.
2026-02-09 21:01:01 - [Producer clientId=producer-3] Node 0 disconnected.
2026-02-09 21:01:01 - [Producer clientId=producer-3] Connection to node 0 (localhost/127.0.0.1:9094) could not be established. Node may not be available.
2026-02-09 21:01:01 - [Producer clientId=producer-4] Node 0 disconnected.
2026-02-09 21:01:01 - [Producer clientId=producer-4] Connection to node 0 (localhost/127.0.0.1:9094) could not be established. Node may not be available.
2026-02-09 21:01:01 - [AdminClient clientId=os-service-test-admin-2] Node -1 disconnected.
2026-02-09 21:01:01 - [AdminClient clientId=os-service-test-admin-2] Connection to node -1 (localhost/127.0.0.1:9092) could not be established. Node may not be available.
2026-02-09 21:01:02 - [Producer clientId=producer-2] Node 0 disconnected.
2026-02-09 21:01:02 - [Producer clientId=producer-2] Connection to node 0 (localhost/127.0.0.1:9094) could not be established. Node may not be available.
2026-02-09 21:01:02 - [Producer clientId=producer-1] Node 0 disconnected.
2026-02-09 21:01:02 - [Producer clientId=producer-1] Connection to node 0 (localhost/127.0.0.1:9094) could not be established. Node may not be available.
2026-02-09 21:01:02 - [Producer clientId=producer-6] Node 0 disconnected.
2026-02-09 21:01:02 - [Producer clientId=producer-6] Connection to node 0 (localhost/127.0.0.1:9094) could not be established. Node may not be available.
2026-02-09 21:01:02 - [AdminClient clientId=os-service-test-admin-2] Node -1 disconnected.
2026-02-09 21:01:02 - [AdminClient clientId=os-service-test-admin-2] Connection to node -1 (localhost/127.0.0.1:9092) could not be established. Node may not be available.
2026-02-09 21:01:02 - [Producer clientId=producer-5] Node 0 disconnected.
2026-02-09 21:01:02 - [Producer clientId=producer-5] Connection to node 0 (localhost/127.0.0.1:9094) could not be established. Node may not be available.
2026-02-09 21:01:02 - [Producer clientId=producer-4] Node 0 disconnected.
2026-02-09 21:01:02 - [Producer clientId=producer-4] Connection to node 0 (localhost/127.0.0.1:9094) could not be established. Node may not be available.
2026-02-09 21:01:02 - [Producer clientId=producer-3] Node 0 disconnected.
2026-02-09 21:01:02 - [Producer clientId=producer-3] Connection to node 0 (localhost/127.0.0.1:9094) could not be established. Node may not be available.
2026-02-09 21:01:03 - [Producer clientId=producer-2] Node 0 disconnected.
2026-02-09 21:01:03 - [Producer clientId=producer-2] Connection to node 0 (localhost/127.0.0.1:9094) could not be established. Node may not be available.
2026-02-09 21:01:03 - [Producer clientId=producer-1] Node 0 disconnected.
2026-02-09 21:01:03 - [Producer clientId=producer-1] Connection to node 0 (localhost/127.0.0.1:9094) could not be established. Node may not be available.
2026-02-09 21:01:03 - [Producer clientId=producer-6] Node 0 disconnected.
2026-02-09 21:01:03 - [Producer clientId=producer-6] Connection to node 0 (localhost/127.0.0.1:9094) could not be established. Node may not be available.
2026-02-09 21:01:03 - [Producer clientId=producer-4] Node 0 disconnected.
2026-02-09 21:01:03 - [Producer clientId=producer-4] Connection to node 0 (localhost/127.0.0.1:9094) could not be established. Node may not be available.
2026-02-09 21:01:03 - [AdminClient clientId=os-service-test-admin-2] Node -1 disconnected.
2026-02-09 21:01:03 - [AdminClient clientId=os-service-test-admin-2] Connection to node -1 (localhost/127.0.0.1:9092) could not be established. Node may not be available.
2026-02-09 21:01:03 - [Producer clientId=producer-5] Node 0 disconnected.
2026-02-09 21:01:03 - [Producer clientId=producer-5] Connection to node 0 (localhost/127.0.0.1:9094) could not be established. Node may not be available.
2026-02-09 21:01:03 - [Producer clientId=producer-3] Node 0 disconnected.
2026-02-09 21:01:03 - [Producer clientId=producer-3] Connection to node 0 (localhost/127.0.0.1:9094) could not be established. Node may not be available.
2026-02-09 21:01:04 - [Producer clientId=producer-2] Node 0 disconnected.
2026-02-09 21:01:04 - [Producer clientId=producer-2] Connection to node 0 (localhost/127.0.0.1:9094) could not be established. Node may not be available.
2026-02-09 21:01:04 - [Producer clientId=producer-1] Node 0 disconnected.
2026-02-09 21:01:04 - [Producer clientId=producer-1] Connection to node 0 (localhost/127.0.0.1:9094) could not be established. Node may not be available.
2026-02-09 21:01:04 - [Producer clientId=producer-6] Node 0 disconnected.
2026-02-09 21:01:04 - [Producer clientId=producer-6] Connection to node 0 (localhost/127.0.0.1:9094) could not be established. Node may not be available.
2026-02-09 21:01:04 - [AdminClient clientId=os-service-test-admin-2] Node -1 disconnected.
2026-02-09 21:01:04 - [AdminClient clientId=os-service-test-admin-2] Connection to node -1 (localhost/127.0.0.1:9092) could not be established. Node may not be available.
2026-02-09 21:01:04 - [Producer clientId=producer-4] Node 0 disconnected.
2026-02-09 21:01:04 - [Producer clientId=producer-4] Connection to node 0 (localhost/127.0.0.1:9094) could not be established. Node may not be available.
2026-02-09 21:01:04 - [Producer clientId=producer-5] Node 0 disconnected.
2026-02-09 21:01:04 - [Producer clientId=producer-5] Connection to node 0 (localhost/127.0.0.1:9094) could not be established. Node may not be available.
2026-02-09 21:01:04 - [Producer clientId=producer-3] Node 0 disconnected.
2026-02-09 21:01:04 - [Producer clientId=producer-3] Connection to node 0 (localhost/127.0.0.1:9094) could not be established. Node may not be available.
2026-02-09 21:01:05 - [Producer clientId=producer-2] Node 0 disconnected.
2026-02-09 21:01:05 - [Producer clientId=producer-2] Connection to node 0 (localhost/127.0.0.1:9094) could not be established. Node may not be available.
2026-02-09 21:01:05 - [Producer clientId=producer-1] Node 0 disconnected.
2026-02-09 21:01:05 - [Producer clientId=producer-1] Connection to node 0 (localhost/127.0.0.1:9094) could not be established. Node may not be available.
2026-02-09 21:01:05 - [Producer clientId=producer-6] Node 0 disconnected.
2026-02-09 21:01:05 - [Producer clientId=producer-6] Connection to node 0 (localhost/127.0.0.1:9094) could not be established. Node may not be available.
2026-02-09 21:01:05 - [Producer clientId=producer-4] Node 0 disconnected.
2026-02-09 21:01:05 - [Producer clientId=producer-4] Connection to node 0 (localhost/127.0.0.1:9094) could not be established. Node may not be available.
2026-02-09 21:01:05 - [AdminClient clientId=os-service-test-admin-2] Node -1 disconnected.
2026-02-09 21:01:05 - [AdminClient clientId=os-service-test-admin-2] Connection to node -1 (localhost/127.0.0.1:9092) could not be established. Node may not be available.
2026-02-09 21:01:05 - [Producer clientId=producer-5] Node 0 disconnected.
2026-02-09 21:01:05 - [Producer clientId=producer-5] Connection to node 0 (localhost/127.0.0.1:9094) could not be established. Node may not be available.
2026-02-09 21:01:05 - [Producer clientId=producer-3] Node 0 disconnected.
2026-02-09 21:01:05 - [Producer clientId=producer-3] Connection to node 0 (localhost/127.0.0.1:9094) could not be established. Node may not be available.
2026-02-09 21:01:06 - [Producer clientId=producer-2] Node 0 disconnected.
2026-02-09 21:01:06 - [Producer clientId=producer-2] Connection to node 0 (localhost/127.0.0.1:9094) could not be established. Node may not be available.
2026-02-09 21:01:06 - [Producer clientId=producer-1] Node 0 disconnected.
2026-02-09 21:01:06 - [Producer clientId=producer-1] Connection to node 0 (localhost/127.0.0.1:9094) could not be established. Node may not be available.
2026-02-09 21:01:06 - [Producer clientId=producer-6] Node 0 disconnected.
2026-02-09 21:01:06 - [Producer clientId=producer-6] Connection to node 0 (localhost/127.0.0.1:9094) could not be established. Node may not be available.
2026-02-09 21:01:06 - [Producer clientId=producer-4] Node 0 disconnected.
2026-02-09 21:01:06 - [Producer clientId=producer-4] Connection to node 0 (localhost/127.0.0.1:9094) could not be established. Node may not be available.
2026-02-09 21:01:06 - [Producer clientId=producer-5] Node 0 disconnected.
2026-02-09 21:01:06 - [Producer clientId=producer-5] Connection to node 0 (localhost/127.0.0.1:9094) could not be established. Node may not be available.
2026-02-09 21:01:06 - [AdminClient clientId=os-service-test-admin-2] Node -1 disconnected.
2026-02-09 21:01:06 - [AdminClient clientId=os-service-test-admin-2] Connection to node -1 (localhost/127.0.0.1:9092) could not be established. Node may not be available.
2026-02-09 21:01:06 - [Producer clientId=producer-3] Node 0 disconnected.
2026-02-09 21:01:06 - [Producer clientId=producer-3] Connection to node 0 (localhost/127.0.0.1:9094) could not be established. Node may not be available.
2026-02-09 21:01:07 - [Producer clientId=producer-2] Node 0 disconnected.
2026-02-09 21:01:07 - [Producer clientId=producer-2] Connection to node 0 (localhost/127.0.0.1:9094) could not be established. Node may not be available.
2026-02-09 21:01:07 - [Producer clientId=producer-1] Node 0 disconnected.
2026-02-09 21:01:07 - [Producer clientId=producer-1] Connection to node 0 (localhost/127.0.0.1:9094) could not be established. Node may not be available.
2026-02-09 21:01:07 - [Producer clientId=producer-6] Node 0 disconnected.
2026-02-09 21:01:07 - [Producer clientId=producer-6] Connection to node 0 (localhost/127.0.0.1:9094) could not be established. Node may not be available.
2026-02-09 21:01:07 - [AdminClient clientId=os-service-test-admin-2] Node -1 disconnected.
2026-02-09 21:01:07 - [Producer clientId=producer-4] Node 0 disconnected.
2026-02-09 21:01:07 - [AdminClient clientId=os-service-test-admin-2] Connection to node -1 (localhost/127.0.0.1:9092) could not be established. Node may not be available.
2026-02-09 21:01:07 - [Producer clientId=producer-4] Connection to node 0 (localhost/127.0.0.1:9094) could not be established. Node may not be available.
2026-02-09 21:01:07 - [Producer clientId=producer-5] Node 0 disconnected.
2026-02-09 21:01:07 - [Producer clientId=producer-5] Connection to node 0 (localhost/127.0.0.1:9094) could not be established. Node may not be available.
2026-02-09 21:01:07 - [Producer clientId=producer-3] Node 0 disconnected.
2026-02-09 21:01:07 - [Producer clientId=producer-3] Connection to node 0 (localhost/127.0.0.1:9094) could not be established. Node may not be available.
2026-02-09 21:01:08 - [Producer clientId=producer-2] Node 0 disconnected.
2026-02-09 21:01:08 - [Producer clientId=producer-2] Connection to node 0 (localhost/127.0.0.1:9094) could not be established. Node may not be available.
2026-02-09 21:01:08 - [Producer clientId=producer-1] Node 0 disconnected.
2026-02-09 21:01:08 - [Producer clientId=producer-1] Connection to node 0 (localhost/127.0.0.1:9094) could not be established. Node may not be available.
2026-02-09 21:01:08 - [AdminClient clientId=os-service-test-admin-2] Node -1 disconnected.
2026-02-09 21:01:08 - [AdminClient clientId=os-service-test-admin-2] Connection to node -1 (localhost/127.0.0.1:9092) could not be established. Node may not be available.
2026-02-09 21:01:08 - [Producer clientId=producer-6] Node 0 disconnected.
2026-02-09 21:01:08 - [Producer clientId=producer-6] Connection to node 0 (localhost/127.0.0.1:9094) could not be established. Node may not be available.
2026-02-09 21:01:08 - [Producer clientId=producer-4] Node 0 disconnected.
2026-02-09 21:01:08 - [Producer clientId=producer-4] Connection to node 0 (localhost/127.0.0.1:9094) could not be established. Node may not be available.
2026-02-09 21:01:08 - [Producer clientId=producer-5] Node 0 disconnected.
2026-02-09 21:01:08 - [Producer clientId=producer-5] Connection to node 0 (localhost/127.0.0.1:9094) could not be established. Node may not be available.
2026-02-09 21:01:08 - [Producer clientId=producer-3] Node 0 disconnected.
2026-02-09 21:01:08 - [Producer clientId=producer-3] Connection to node 0 (localhost/127.0.0.1:9094) could not be established. Node may not be available.
2026-02-09 21:01:09 - [Producer clientId=producer-2] Node 0 disconnected.
2026-02-09 21:01:09 - [Producer clientId=producer-2] Connection to node 0 (localhost/127.0.0.1:9094) could not be established. Node may not be available.
2026-02-09 21:01:09 - [Producer clientId=producer-1] Node 0 disconnected.
2026-02-09 21:01:09 - [Producer clientId=producer-1] Connection to node 0 (localhost/127.0.0.1:9094) could not be established. Node may not be available.
2026-02-09 21:01:09 - [AdminClient clientId=os-service-test-admin-2] Node -1 disconnected.
2026-02-09 21:01:09 - [AdminClient clientId=os-service-test-admin-2] Connection to node -1 (localhost/127.0.0.1:9092) could not be established. Node may not be available.
2026-02-09 21:01:09 - [Producer clientId=producer-6] Node 0 disconnected.
2026-02-09 21:01:09 - [Producer clientId=producer-6] Connection to node 0 (localhost/127.0.0.1:9094) could not be established. Node may not be available.
2026-02-09 21:01:09 - [Producer clientId=producer-4] Node 0 disconnected.
2026-02-09 21:01:09 - [Producer clientId=producer-4] Connection to node 0 (localhost/127.0.0.1:9094) could not be established. Node may not be available.
2026-02-09 21:01:09 - [Producer clientId=producer-5] Node 0 disconnected.
2026-02-09 21:01:09 - [Producer clientId=producer-5] Connection to node 0 (localhost/127.0.0.1:9094) could not be established. Node may not be available.
2026-02-09 21:01:09 - [Producer clientId=producer-3] Node 0 disconnected.
2026-02-09 21:01:09 - [Producer clientId=producer-3] Connection to node 0 (localhost/127.0.0.1:9094) could not be established. Node may not be available.
2026-02-09 21:01:10 - [Producer clientId=producer-2] Node 0 disconnected.
2026-02-09 21:01:10 - [Producer clientId=producer-2] Connection to node 0 (localhost/127.0.0.1:9094) could not be established. Node may not be available.
2026-02-09 21:01:10 - [Producer clientId=producer-1] Node 0 disconnected.
2026-02-09 21:01:10 - [Producer clientId=producer-1] Connection to node 0 (localhost/127.0.0.1:9094) could not be established. Node may not be available.
2026-02-09 21:01:10 - [AdminClient clientId=os-service-test-admin-2] Node -1 disconnected.
2026-02-09 21:01:10 - [AdminClient clientId=os-service-test-admin-2] Connection to node -1 (localhost/127.0.0.1:9092) could not be established. Node may not be available.
2026-02-09 21:01:10 - [Producer clientId=producer-6] Node 0 disconnected.
2026-02-09 21:01:10 - [Producer clientId=producer-6] Connection to node 0 (localhost/127.0.0.1:9094) could not be established. Node may not be available.
2026-02-09 21:01:10 - [Producer clientId=producer-5] Node 0 disconnected.
2026-02-09 21:01:10 - [Producer clientId=producer-5] Connection to node 0 (localhost/127.0.0.1:9094) could not be established. Node may not be available.
2026-02-09 21:01:10 - [Producer clientId=producer-4] Node 0 disconnected.
2026-02-09 21:01:10 - [Producer clientId=producer-4] Connection to node 0 (localhost/127.0.0.1:9094) could not be established. Node may not be available.
2026-02-09 21:01:10 - [Producer clientId=producer-3] Node 0 disconnected.
2026-02-09 21:01:10 - [Producer clientId=producer-3] Connection to node 0 (localhost/127.0.0.1:9094) could not be established. Node may not be available.
2026-02-09 21:01:11 - [Producer clientId=producer-2] Node 0 disconnected.
2026-02-09 21:01:11 - [Producer clientId=producer-2] Connection to node 0 (localhost/127.0.0.1:9094) could not be established. Node may not be available.
2026-02-09 21:01:11 - [Producer clientId=producer-1] Node 0 disconnected.
2026-02-09 21:01:11 - [Producer clientId=producer-1] Connection to node 0 (localhost/127.0.0.1:9094) could not be established. Node may not be available.
2026-02-09 21:01:11 - [AdminClient clientId=os-service-test-admin-2] Node -1 disconnected.
2026-02-09 21:01:11 - [AdminClient clientId=os-service-test-admin-2] Connection to node -1 (localhost/127.0.0.1:9092) could not be established. Node may not be available.
2026-02-09 21:01:11 - [Producer clientId=producer-6] Node 0 disconnected.
2026-02-09 21:01:11 - [Producer clientId=producer-6] Connection to node 0 (localhost/127.0.0.1:9094) could not be established. Node may not be available.
2026-02-09 21:01:11 - [Producer clientId=producer-4] Node 0 disconnected.
2026-02-09 21:01:11 - [Producer clientId=producer-5] Node 0 disconnected.
2026-02-09 21:01:11 - [Producer clientId=producer-4] Connection to node 0 (localhost/127.0.0.1:9094) could not be established. Node may not be available.
2026-02-09 21:01:11 - [Producer clientId=producer-5] Connection to node 0 (localhost/127.0.0.1:9094) could not be established. Node may not be available.
2026-02-09 21:01:11 - [Producer clientId=producer-3] Node 0 disconnected.
2026-02-09 21:01:11 - [Producer clientId=producer-3] Connection to node 0 (localhost/127.0.0.1:9094) could not be established. Node may not be available.
2026-02-09 21:01:12 - [Producer clientId=producer-2] Node 0 disconnected.
2026-02-09 21:01:12 - [Producer clientId=producer-2] Connection to node 0 (localhost/127.0.0.1:9094) could not be established. Node may not be available.
2026-02-09 21:01:12 - [Producer clientId=producer-1] Node 0 disconnected.
2026-02-09 21:01:12 - [Producer clientId=producer-1] Connection to node 0 (localhost/127.0.0.1:9094) could not be established. Node may not be available.
2026-02-09 21:01:12 - [AdminClient clientId=os-service-test-admin-2] Node -1 disconnected.
2026-02-09 21:01:12 - [AdminClient clientId=os-service-test-admin-2] Connection to node -1 (localhost/127.0.0.1:9092) could not be established. Node may not be available.
2026-02-09 21:01:12 - [Producer clientId=producer-6] Node 0 disconnected.
2026-02-09 21:01:12 - [Producer clientId=producer-6] Connection to node 0 (localhost/127.0.0.1:9094) could not be established. Node may not be available.
2026-02-09 21:01:12 - [Producer clientId=producer-4] Node 0 disconnected.
2026-02-09 21:01:12 - [Producer clientId=producer-4] Connection to node 0 (localhost/127.0.0.1:9094) could not be established. Node may not be available.
2026-02-09 21:01:12 - [Producer clientId=producer-5] Node 0 disconnected.
2026-02-09 21:01:12 - [Producer clientId=producer-5] Connection to node 0 (localhost/127.0.0.1:9094) could not be established. Node may not be available.
2026-02-09 21:01:13 - [Producer clientId=producer-3] Node 0 disconnected.
2026-02-09 21:01:13 - [Producer clientId=producer-3] Connection to node 0 (localhost/127.0.0.1:9094) could not be established. Node may not be available.
2026-02-09 21:01:13 - [Producer clientId=producer-2] Node 0 disconnected.
2026-02-09 21:01:13 - [Producer clientId=producer-2] Connection to node 0 (localhost/127.0.0.1:9094) could not be established. Node may not be available.
2026-02-09 21:01:13 - [Producer clientId=producer-1] Node 0 disconnected.
2026-02-09 21:01:13 - [Producer clientId=producer-1] Connection to node 0 (localhost/127.0.0.1:9094) could not be established. Node may not be available.
2026-02-09 21:01:13 - [Producer clientId=producer-6] Node 0 disconnected.
2026-02-09 21:01:13 - [Producer clientId=producer-6] Connection to node 0 (localhost/127.0.0.1:9094) could not be established. Node may not be available.
2026-02-09 21:01:13 - [Producer clientId=producer-4] Node 0 disconnected.
2026-02-09 21:01:13 - [Producer clientId=producer-4] Connection to node 0 (localhost/127.0.0.1:9094) could not be established. Node may not be available.
2026-02-09 21:01:13 - [Producer clientId=producer-5] Node 0 disconnected.
2026-02-09 21:01:13 - [Producer clientId=producer-5] Connection to node 0 (localhost/127.0.0.1:9094) could not be established. Node may not be available.
2026-02-09 21:01:13 - [AdminClient clientId=os-service-test-admin-2] Node -1 disconnected.
2026-02-09 21:01:13 - [AdminClient clientId=os-service-test-admin-2] Connection to node -1 (localhost/127.0.0.1:9092) could not be established. Node may not be available.
2026-02-09 21:01:14 - [Producer clientId=producer-3] Node 0 disconnected.
2026-02-09 21:01:14 - [Producer clientId=producer-3] Connection to node 0 (localhost/127.0.0.1:9094) could not be established. Node may not be available.
2026-02-09 21:01:14 - [Producer clientId=producer-2] Node 0 disconnected.
2026-02-09 21:01:14 - [Producer clientId=producer-2] Connection to node 0 (localhost/127.0.0.1:9094) could not be established. Node may not be available.
2026-02-09 21:01:14 - [Producer clientId=producer-1] Node 0 disconnected.
2026-02-09 21:01:14 - [Producer clientId=producer-1] Connection to node 0 (localhost/127.0.0.1:9094) could not be established. Node may not be available.
2026-02-09 21:01:14 - [Producer clientId=producer-6] Node 0 disconnected.
2026-02-09 21:01:14 - [Producer clientId=producer-6] Connection to node 0 (localhost/127.0.0.1:9094) could not be established. Node may not be available.
2026-02-09 21:01:14 - [AdminClient clientId=os-service-test-admin-2] Node -1 disconnected.
2026-02-09 21:01:14 - [Producer clientId=producer-4] Node 0 disconnected.
2026-02-09 21:01:14 - [AdminClient clientId=os-service-test-admin-2] Connection to node -1 (localhost/127.0.0.1:9092) could not be established. Node may not be available.
2026-02-09 21:01:14 - [Producer clientId=producer-4] Connection to node 0 (localhost/127.0.0.1:9094) could not be established. Node may not be available.
2026-02-09 21:01:14 - [Producer clientId=producer-5] Node 0 disconnected.
2026-02-09 21:01:14 - [Producer clientId=producer-5] Connection to node 0 (localhost/127.0.0.1:9094) could not be established. Node may not be available.
2026-02-09 21:01:15 - [Producer clientId=producer-3] Node 0 disconnected.
2026-02-09 21:01:15 - [Producer clientId=producer-3] Connection to node 0 (localhost/127.0.0.1:9094) could not be established. Node may not be available.
2026-02-09 21:01:15 - [Producer clientId=producer-2] Node 0 disconnected.
2026-02-09 21:01:15 - [Producer clientId=producer-2] Connection to node 0 (localhost/127.0.0.1:9094) could not be established. Node may not be available.
2026-02-09 21:01:15 - [Producer clientId=producer-1] Node 0 disconnected.
2026-02-09 21:01:15 - [Producer clientId=producer-1] Connection to node 0 (localhost/127.0.0.1:9094) could not be established. Node may not be available.
2026-02-09 21:01:15 - [Producer clientId=producer-6] Node 0 disconnected.
2026-02-09 21:01:15 - [Producer clientId=producer-6] Connection to node 0 (localhost/127.0.0.1:9094) could not be established. Node may not be available.
2026-02-09 21:01:15 - [Producer clientId=producer-4] Node 0 disconnected.
2026-02-09 21:01:15 - [Producer clientId=producer-5] Node 0 disconnected.
2026-02-09 21:01:15 - [Producer clientId=producer-4] Connection to node 0 (localhost/127.0.0.1:9094) could not be established. Node may not be available.
2026-02-09 21:01:15 - [Producer clientId=producer-5] Connection to node 0 (localhost/127.0.0.1:9094) could not be established. Node may not be available.
2026-02-09 21:01:15 - [AdminClient clientId=os-service-test-admin-2] Node -1 disconnected.
2026-02-09 21:01:15 - [AdminClient clientId=os-service-test-admin-2] Connection to node -1 (localhost/127.0.0.1:9092) could not be established. Node may not be available.
2026-02-09 21:01:16 - [Producer clientId=producer-3] Node 0 disconnected.
2026-02-09 21:01:16 - [Producer clientId=producer-3] Connection to node 0 (localhost/127.0.0.1:9094) could not be established. Node may not be available.
2026-02-09 21:01:16 - [Producer clientId=producer-2] Node 0 disconnected.
2026-02-09 21:01:16 - [Producer clientId=producer-2] Connection to node 0 (localhost/127.0.0.1:9094) could not be established. Node may not be available.
2026-02-09 21:01:16 - [Producer clientId=producer-1] Node 0 disconnected.
2026-02-09 21:01:16 - [Producer clientId=producer-1] Connection to node 0 (localhost/127.0.0.1:9094) could not be established. Node may not be available.
2026-02-09 21:01:16 - [Producer clientId=producer-6] Node 0 disconnected.
2026-02-09 21:01:16 - [Producer clientId=producer-6] Connection to node 0 (localhost/127.0.0.1:9094) could not be established. Node may not be available.
2026-02-09 21:01:16 - [Producer clientId=producer-5] Node 0 disconnected.
2026-02-09 21:01:16 - [Producer clientId=producer-4] Node 0 disconnected.
2026-02-09 21:01:16 - [Producer clientId=producer-5] Connection to node 0 (localhost/127.0.0.1:9094) could not be established. Node may not be available.
2026-02-09 21:01:16 - [Producer clientId=producer-4] Connection to node 0 (localhost/127.0.0.1:9094) could not be established. Node may not be available.
2026-02-09 21:01:16 - [AdminClient clientId=os-service-test-admin-2] Node -1 disconnected.
2026-02-09 21:01:16 - [AdminClient clientId=os-service-test-admin-2] Connection to node -1 (localhost/127.0.0.1:9092) could not be established. Node may not be available.
2026-02-09 21:01:17 - [Producer clientId=producer-3] Node 0 disconnected.
2026-02-09 21:01:17 - [Producer clientId=producer-3] Connection to node 0 (localhost/127.0.0.1:9094) could not be established. Node may not be available.
2026-02-09 21:01:17 - [Producer clientId=producer-2] Node 0 disconnected.
2026-02-09 21:01:17 - [Producer clientId=producer-2] Connection to node 0 (localhost/127.0.0.1:9094) could not be established. Node may not be available.
2026-02-09 21:01:17 - [Producer clientId=producer-1] Node 0 disconnected.
2026-02-09 21:01:17 - [Producer clientId=producer-1] Connection to node 0 (localhost/127.0.0.1:9094) could not be established. Node may not be available.
2026-02-09 21:01:17 - [Producer clientId=producer-6] Node 0 disconnected.
2026-02-09 21:01:17 - [Producer clientId=producer-6] Connection to node 0 (localhost/127.0.0.1:9094) could not be established. Node may not be available.
2026-02-09 21:01:17 - [Producer clientId=producer-4] Node 0 disconnected.
2026-02-09 21:01:17 - [Producer clientId=producer-4] Connection to node 0 (localhost/127.0.0.1:9094) could not be established. Node may not be available.
2026-02-09 21:01:17 - [Producer clientId=producer-5] Node 0 disconnected.
2026-02-09 21:01:17 - [Producer clientId=producer-5] Connection to node 0 (localhost/127.0.0.1:9094) could not be established. Node may not be available.
2026-02-09 21:01:17 - [AdminClient clientId=os-service-test-admin-2] Node -1 disconnected.
2026-02-09 21:01:17 - [AdminClient clientId=os-service-test-admin-2] Connection to node -1 (localhost/127.0.0.1:9092) could not be established. Node may not be available.
2026-02-09 21:01:18 - [Producer clientId=producer-3] Node 0 disconnected.
2026-02-09 21:01:18 - [Producer clientId=producer-3] Connection to node 0 (localhost/127.0.0.1:9094) could not be established. Node may not be available.
2026-02-09 21:01:18 - [Producer clientId=producer-2] Node 0 disconnected.
2026-02-09 21:01:18 - [Producer clientId=producer-2] Connection to node 0 (localhost/127.0.0.1:9094) could not be established. Node may not be available.
2026-02-09 21:01:18 - [Producer clientId=producer-1] Node 0 disconnected.
2026-02-09 21:01:18 - [Producer clientId=producer-1] Connection to node 0 (localhost/127.0.0.1:9094) could not be established. Node may not be available.
2026-02-09 21:01:18 - [Producer clientId=producer-4] Node 0 disconnected.
2026-02-09 21:01:18 - [Producer clientId=producer-4] Connection to node 0 (localhost/127.0.0.1:9094) could not be established. Node may not be available.
2026-02-09 21:01:18 - [Producer clientId=producer-6] Node 0 disconnected.
2026-02-09 21:01:18 - [Producer clientId=producer-6] Connection to node 0 (localhost/127.0.0.1:9094) could not be established. Node may not be available.
2026-02-09 21:01:18 - [Producer clientId=producer-5] Node 0 disconnected.
2026-02-09 21:01:18 - [Producer clientId=producer-5] Connection to node 0 (localhost/127.0.0.1:9094) could not be established. Node may not be available.
2026-02-09 21:01:18 - [AdminClient clientId=os-service-test-admin-2] Node -1 disconnected.
2026-02-09 21:01:18 - [AdminClient clientId=os-service-test-admin-2] Connection to node -1 (localhost/127.0.0.1:9092) could not be established. Node may not be available.
2026-02-09 21:01:19 - [AdminClient clientId=os-service-test-admin-2] Metadata update failed
org.apache.kafka.common.errors.TimeoutException: Timed out waiting for a node assignment. Call: fetchMetadata
2026-02-09 21:01:19 - Could not configure topics
org.springframework.kafka.KafkaException: Timed out waiting to get existing topics
	at org.springframework.kafka.core.KafkaAdmin.lambda$checkPartitions$13(KafkaAdmin.java:565) ~[spring-kafka-3.2.10.jar:3.2.10]
	at java.base/java.util.HashMap.forEach(HashMap.java:1429) ~[na:na]
	at org.springframework.kafka.core.KafkaAdmin.checkPartitions(KafkaAdmin.java:544) ~[spring-kafka-3.2.10.jar:3.2.10]
	at org.springframework.kafka.core.KafkaAdmin.addOrModifyTopicsIfNeeded(KafkaAdmin.java:437) ~[spring-kafka-3.2.10.jar:3.2.10]
	at org.springframework.kafka.core.KafkaAdmin.initialize(KafkaAdmin.java:276) ~[spring-kafka-3.2.10.jar:3.2.10]
	at org.springframework.kafka.core.KafkaAdmin.afterSingletonsInstantiated(KafkaAdmin.java:245) ~[spring-kafka-3.2.10.jar:3.2.10]
	at org.springframework.beans.factory.support.DefaultListableBeanFactory.preInstantiateSingletons(DefaultListableBeanFactory.java:986) ~[spring-beans-6.1.21.jar:6.1.21]
	at org.springframework.context.support.AbstractApplicationContext.finishBeanFactoryInitialization(AbstractApplicationContext.java:971) ~[spring-context-6.1.21.jar:6.1.21]
	at org.springframework.context.support.AbstractApplicationContext.refresh(AbstractApplicationContext.java:625) ~[spring-context-6.1.21.jar:6.1.21]
	at org.springframework.boot.SpringApplication.refresh(SpringApplication.java:754) ~[spring-boot-3.3.13.jar:3.3.13]
	at org.springframework.boot.SpringApplication.refreshContext(SpringApplication.java:456) ~[spring-boot-3.3.13.jar:3.3.13]
	at org.springframework.boot.SpringApplication.run(SpringApplication.java:335) ~[spring-boot-3.3.13.jar:3.3.13]
	at org.springframework.boot.test.context.SpringBootContextLoader.lambda$loadContext$3(SpringBootContextLoader.java:145) ~[spring-boot-test-3.3.13.jar:3.3.13]
	at org.springframework.util.function.ThrowingSupplier.get(ThrowingSupplier.java:58) ~[spring-core-6.1.21.jar:6.1.21]
	at org.springframework.util.function.ThrowingSupplier.get(ThrowingSupplier.java:46) ~[spring-core-6.1.21.jar:6.1.21]
	at org.springframework.boot.SpringApplication.withHook(SpringApplication.java:1463) ~[spring-boot-3.3.13.jar:3.3.13]
	at org.springframework.boot.test.context.SpringBootContextLoader$ContextLoaderHook.run(SpringBootContextLoader.java:564) ~[spring-boot-test-3.3.13.jar:3.3.13]
	at org.springframework.boot.test.context.SpringBootContextLoader.loadContext(SpringBootContextLoader.java:145) ~[spring-boot-test-3.3.13.jar:3.3.13]
	at org.springframework.boot.test.context.SpringBootContextLoader.loadContext(SpringBootContextLoader.java:116) ~[spring-boot-test-3.3.13.jar:3.3.13]
	at org.springframework.test.context.cache.DefaultCacheAwareContextLoaderDelegate.loadContextInternal(DefaultCacheAwareContextLoaderDelegate.java:225) ~[spring-test-6.1.21.jar:6.1.21]
	at org.springframework.test.context.cache.DefaultCacheAwareContextLoaderDelegate.loadContext(DefaultCacheAwareContextLoaderDelegate.java:152) ~[spring-test-6.1.21.jar:6.1.21]
	at org.springframework.test.context.support.DefaultTestContext.getApplicationContext(DefaultTestContext.java:130) ~[spring-test-6.1.21.jar:6.1.21]
	at org.springframework.test.context.web.ServletTestExecutionListener.setUpRequestContextIfNecessary(ServletTestExecutionListener.java:191) ~[spring-test-6.1.21.jar:6.1.21]
	at org.springframework.test.context.web.ServletTestExecutionListener.prepareTestInstance(ServletTestExecutionListener.java:130) ~[spring-test-6.1.21.jar:6.1.21]
	at org.springframework.test.context.TestContextManager.prepareTestInstance(TestContextManager.java:260) ~[spring-test-6.1.21.jar:6.1.21]
	at org.springframework.test.context.junit.jupiter.SpringExtension.postProcessTestInstance(SpringExtension.java:163) ~[spring-test-6.1.21.jar:6.1.21]
	at org.junit.jupiter.engine.descriptor.ClassBasedTestDescriptor.lambda$invokeTestInstancePostProcessors$10(ClassBasedTestDescriptor.java:378) ~[junit-jupiter-engine-5.10.5.jar:5.10.5]
	at org.junit.jupiter.engine.descriptor.ClassBasedTestDescriptor.executeAndMaskThrowable(ClassBasedTestDescriptor.java:383) ~[junit-jupiter-engine-5.10.5.jar:5.10.5]
	at org.junit.jupiter.engine.descriptor.ClassBasedTestDescriptor.lambda$invokeTestInstancePostProcessors$11(ClassBasedTestDescriptor.java:378) ~[junit-jupiter-engine-5.10.5.jar:5.10.5]
	at java.base/java.util.stream.ReferencePipeline$3$1.accept(ReferencePipeline.java:197) ~[na:na]
	at java.base/java.util.stream.ReferencePipeline$2$1.accept(ReferencePipeline.java:179) ~[na:na]
	at java.base/java.util.ArrayList$ArrayListSpliterator.forEachRemaining(ArrayList.java:1708) ~[na:na]
	at java.base/java.util.stream.AbstractPipeline.copyInto(AbstractPipeline.java:509) ~[na:na]
	at java.base/java.util.stream.AbstractPipeline.wrapAndCopyInto(AbstractPipeline.java:499) ~[na:na]
	at java.base/java.util.stream.StreamSpliterators$WrappingSpliterator.forEachRemaining(StreamSpliterators.java:310) ~[na:na]
	at java.base/java.util.stream.Streams$ConcatSpliterator.forEachRemaining(Streams.java:735) ~[na:na]
	at java.base/java.util.stream.Streams$ConcatSpliterator.forEachRemaining(Streams.java:734) ~[na:na]
	at java.base/java.util.stream.ReferencePipeline$Head.forEach(ReferencePipeline.java:762) ~[na:na]
	at org.junit.jupiter.engine.descriptor.ClassBasedTestDescriptor.invokeTestInstancePostProcessors(ClassBasedTestDescriptor.java:377) ~[junit-jupiter-engine-5.10.5.jar:5.10.5]
	at org.junit.jupiter.engine.descriptor.ClassBasedTestDescriptor.lambda$instantiateAndPostProcessTestInstance$6(ClassBasedTestDescriptor.java:290) ~[junit-jupiter-engine-5.10.5.jar:5.10.5]
	at org.junit.platform.engine.support.hierarchical.ThrowableCollector.execute(ThrowableCollector.java:73) ~[junit-platform-engine-1.10.5.jar:1.10.5]
	at org.junit.jupiter.engine.descriptor.ClassBasedTestDescriptor.instantiateAndPostProcessTestInstance(ClassBasedTestDescriptor.java:289) ~[junit-jupiter-engine-5.10.5.jar:5.10.5]
	at org.junit.jupiter.engine.descriptor.ClassBasedTestDescriptor.lambda$testInstancesProvider$4(ClassBasedTestDescriptor.java:279) ~[junit-jupiter-engine-5.10.5.jar:5.10.5]
	at java.base/java.util.Optional.orElseGet(Optional.java:364) ~[na:na]
	at org.junit.jupiter.engine.descriptor.ClassBasedTestDescriptor.lambda$testInstancesProvider$5(ClassBasedTestDescriptor.java:278) ~[junit-jupiter-engine-5.10.5.jar:5.10.5]
	at org.junit.jupiter.engine.execution.TestInstancesProvider.getTestInstances(TestInstancesProvider.java:31) ~[junit-jupiter-engine-5.10.5.jar:5.10.5]
	at org.junit.jupiter.engine.descriptor.TestMethodTestDescriptor.lambda$prepare$0(TestMethodTestDescriptor.java:106) ~[junit-jupiter-engine-5.10.5.jar:5.10.5]
	at org.junit.platform.engine.support.hierarchical.ThrowableCollector.execute(ThrowableCollector.java:73) ~[junit-platform-engine-1.10.5.jar:1.10.5]
	at org.junit.jupiter.engine.descriptor.TestMethodTestDescriptor.prepare(TestMethodTestDescriptor.java:105) ~[junit-jupiter-engine-5.10.5.jar:5.10.5]
	at org.junit.jupiter.engine.descriptor.TestMethodTestDescriptor.prepare(TestMethodTestDescriptor.java:69) ~[junit-jupiter-engine-5.10.5.jar:5.10.5]
	at org.junit.platform.engine.support.hierarchical.NodeTestTask.lambda$prepare$2(NodeTestTask.java:128) ~[junit-platform-engine-1.10.5.jar:1.10.5]
	at org.junit.platform.engine.support.hierarchical.ThrowableCollector.execute(ThrowableCollector.java:73) ~[junit-platform-engine-1.10.5.jar:1.10.5]
	at org.junit.platform.engine.support.hierarchical.NodeTestTask.prepare(NodeTestTask.java:128) ~[junit-platform-engine-1.10.5.jar:1.10.5]
	at org.junit.platform.engine.support.hierarchical.NodeTestTask.execute(NodeTestTask.java:95) ~[junit-platform-engine-1.10.5.jar:1.10.5]
	at java.base/java.util.ArrayList.forEach(ArrayList.java:1596) ~[na:na]
	at org.junit.platform.engine.support.hierarchical.SameThreadHierarchicalTestExecutorService.invokeAll(SameThreadHierarchicalTestExecutorService.java:41) ~[junit-platform-engine-1.10.5.jar:1.10.5]
	at org.junit.platform.engine.support.hierarchical.NodeTestTask.lambda$executeRecursively$6(NodeTestTask.java:160) ~[junit-platform-engine-1.10.5.jar:1.10.5]
	at org.junit.platform.engine.support.hierarchical.ThrowableCollector.execute(ThrowableCollector.java:73) ~[junit-platform-engine-1.10.5.jar:1.10.5]
	at org.junit.platform.engine.support.hierarchical.NodeTestTask.lambda$executeRecursively$8(NodeTestTask.java:146) ~[junit-platform-engine-1.10.5.jar:1.10.5]
	at org.junit.platform.engine.support.hierarchical.Node.around(Node.java:137) ~[junit-platform-engine-1.10.5.jar:1.10.5]
	at org.junit.platform.engine.support.hierarchical.NodeTestTask.lambda$executeRecursively$9(NodeTestTask.java:144) ~[junit-platform-engine-1.10.5.jar:1.10.5]
	at org.junit.platform.engine.support.hierarchical.ThrowableCollector.execute(ThrowableCollector.java:73) ~[junit-platform-engine-1.10.5.jar:1.10.5]
	at org.junit.platform.engine.support.hierarchical.NodeTestTask.executeRecursively(NodeTestTask.java:143) ~[junit-platform-engine-1.10.5.jar:1.10.5]
	at org.junit.platform.engine.support.hierarchical.NodeTestTask.execute(NodeTestTask.java:100) ~[junit-platform-engine-1.10.5.jar:1.10.5]
	at java.base/java.util.ArrayList.forEach(ArrayList.java:1596) ~[na:na]
	at org.junit.platform.engine.support.hierarchical.SameThreadHierarchicalTestExecutorService.invokeAll(SameThreadHierarchicalTestExecutorService.java:41) ~[junit-platform-engine-1.10.5.jar:1.10.5]
	at org.junit.platform.engine.support.hierarchical.NodeTestTask.lambda$executeRecursively$6(NodeTestTask.java:160) ~[junit-platform-engine-1.10.5.jar:1.10.5]
	at org.junit.platform.engine.support.hierarchical.ThrowableCollector.execute(ThrowableCollector.java:73) ~[junit-platform-engine-1.10.5.jar:1.10.5]
	at org.junit.platform.engine.support.hierarchical.NodeTestTask.lambda$executeRecursively$8(NodeTestTask.java:146) ~[junit-platform-engine-1.10.5.jar:1.10.5]
	at org.junit.platform.engine.support.hierarchical.Node.around(Node.java:137) ~[junit-platform-engine-1.10.5.jar:1.10.5]
	at org.junit.platform.engine.support.hierarchical.NodeTestTask.lambda$executeRecursively$9(NodeTestTask.java:144) ~[junit-platform-engine-1.10.5.jar:1.10.5]
	at org.junit.platform.engine.support.hierarchical.ThrowableCollector.execute(ThrowableCollector.java:73) ~[junit-platform-engine-1.10.5.jar:1.10.5]
	at org.junit.platform.engine.support.hierarchical.NodeTestTask.executeRecursively(NodeTestTask.java:143) ~[junit-platform-engine-1.10.5.jar:1.10.5]
	at org.junit.platform.engine.support.hierarchical.NodeTestTask.execute(NodeTestTask.java:100) ~[junit-platform-engine-1.10.5.jar:1.10.5]
	at org.junit.platform.engine.support.hierarchical.SameThreadHierarchicalTestExecutorService.submit(SameThreadHierarchicalTestExecutorService.java:35) ~[junit-platform-engine-1.10.5.jar:1.10.5]
	at org.junit.platform.engine.support.hierarchical.HierarchicalTestExecutor.execute(HierarchicalTestExecutor.java:57) ~[junit-platform-engine-1.10.5.jar:1.10.5]
	at org.junit.platform.engine.support.hierarchical.HierarchicalTestEngine.execute(HierarchicalTestEngine.java:54) ~[junit-platform-engine-1.10.5.jar:1.10.5]
	at org.junit.platform.launcher.core.EngineExecutionOrchestrator.execute(EngineExecutionOrchestrator.java:198) ~[junit-platform-launcher-1.10.5.jar:1.10.5]
	at org.junit.platform.launcher.core.EngineExecutionOrchestrator.execute(EngineExecutionOrchestrator.java:169) ~[junit-platform-launcher-1.10.5.jar:1.10.5]
[...]
2026-02-09 21:01:29 - [Consumer clientId=consumer-os-service-test-group-19, groupId=os-service-test-group] Node -1 disconnected.
2026-02-09 21:01:29 - [Consumer clientId=consumer-os-service-test-group-19, groupId=os-service-test-group] Connection to node -1 (localhost/127.0.0.1:9092) could not be established. Node may not be available.
2026-02-09 21:01:29 - [Consumer clientId=consumer-os-service-test-group-19, groupId=os-service-test-group] Bootstrap broker localhost:9092 (id: -1 rack: null) disconnected
2026-02-09 21:01:29 - [Consumer clientId=consumer-os-service-test-group-18, groupId=os-service-test-group] Node -1 disconnected.
2026-02-09 21:01:29 - [Consumer clientId=consumer-os-service-test-group-18, groupId=os-service-test-group] Connection to node -1 (localhost/127.0.0.1:9092) could not be established. Node may not be available.
2026-02-09 21:01:29 - [Consumer clientId=consumer-os-service-test-group-18, groupId=os-service-test-group] Bootstrap broker localhost:9092 (id: -1 rack: null) disconnected
2026-02-09 21:01:29 - select os1_0.id,os1_0.cliente_id,os1_0.created_at,os1_0.data_criacao,os1_0.data_entrega,os1_0.data_finalizacao,os1_0.descricao_problema,os1_0.status,os1_0.updated_at,os1_0.valor_total,os1_0.veiculo_id,os1_0.version,h1_0.ordem_servico_id,h1_0.id,h1_0.data_alteracao,h1_0.novo_status,h1_0.observacao,h1_0.status_anterior,h1_0.usuario_alteracao from ordem_servico os1_0 left join historico_status h1_0 on os1_0.id=h1_0.ordem_servico_id where os1_0.id=?
2026-02-09 21:01:29 - [Consumer clientId=consumer-os-service-test-group-16, groupId=os-service-test-group] Node -1 disconnected.
2026-02-09 21:01:29 - [Consumer clientId=consumer-os-service-test-group-16, groupId=os-service-test-group] Connection to node -1 (localhost/127.0.0.1:9092) could not be established. Node may not be available.
2026-02-09 21:01:29 - [Consumer clientId=consumer-os-service-test-group-16, groupId=os-service-test-group] Bootstrap broker localhost:9092 (id: -1 rack: null) disconnected
2026-02-09 21:01:29 - select os1_0.id,os1_0.cliente_id,os1_0.created_at,os1_0.data_criacao,os1_0.data_entrega,os1_0.data_finalizacao,os1_0.descricao_problema,os1_0.status,os1_0.updated_at,os1_0.valor_total,os1_0.veiculo_id,os1_0.version,h1_0.ordem_servico_id,h1_0.id,h1_0.data_alteracao,h1_0.novo_status,h1_0.observacao,h1_0.status_anterior,h1_0.usuario_alteracao from ordem_servico os1_0 left join historico_status h1_0 on os1_0.id=h1_0.ordem_servico_id where os1_0.id=?
2026-02-09 21:01:29 - select os1_0.id,os1_0.cliente_id,os1_0.created_at,os1_0.data_criacao,os1_0.data_entrega,os1_0.data_finalizacao,os1_0.descricao_problema,os1_0.status,os1_0.updated_at,os1_0.valor_total,os1_0.veiculo_id,os1_0.version,h1_0.ordem_servico_id,h1_0.id,h1_0.data_alteracao,h1_0.novo_status,h1_0.observacao,h1_0.status_anterior,h1_0.usuario_alteracao from ordem_servico os1_0 left join historico_status h1_0 on os1_0.id=h1_0.ordem_servico_id where os1_0.id=?
2026-02-09 21:01:29 - insert into ordem_servico (cliente_id,created_at,data_criacao,data_entrega,data_finalizacao,descricao_problema,status,updated_at,valor_total,veiculo_id,version,id) values (?,?,?,?,?,?,?,?,?,?,?,?)
2026-02-09 21:01:29 - insert into ordem_servico (cliente_id,created_at,data_criacao,data_entrega,data_finalizacao,descricao_problema,status,updated_at,valor_total,veiculo_id,version,id) values (?,?,?,?,?,?,?,?,?,?,?,?)
2026-02-09 21:01:29 - insert into historico_status (data_alteracao,novo_status,observacao,ordem_servico_id,status_anterior,usuario_alteracao,id) values (?,?,?,?,?,?,?)
2026-02-09 21:01:29 - insert into historico_status (data_alteracao,novo_status,observacao,ordem_servico_id,status_anterior,usuario_alteracao,id) values (?,?,?,?,?,?,?)
2026-02-09 21:01:29 - insert into ordem_servico (cliente_id,created_at,data_criacao,data_entrega,data_finalizacao,descricao_problema,status,updated_at,valor_total,veiculo_id,version,id) values (?,?,?,?,?,?,?,?,?,?,?,?)
2026-02-09 21:01:29 - insert into historico_status (data_alteracao,novo_status,observacao,ordem_servico_id,status_anterior,usuario_alteracao,id) values (?,?,?,?,?,?,?)
2026-02-09 21:01:29 - insert into historico_status (data_alteracao,novo_status,observacao,ordem_servico_id,status_anterior,usuario_alteracao,id) values (?,?,?,?,?,?,?)
2026-02-09 21:01:29 - select os1_0.id,os1_0.cliente_id,os1_0.created_at,os1_0.data_criacao,os1_0.data_entrega,os1_0.data_finalizacao,os1_0.descricao_problema,os1_0.status,os1_0.updated_at,os1_0.valor_total,os1_0.veiculo_id,os1_0.version from ordem_servico os1_0 where os1_0.status=?
2026-02-09 21:01:29 - select os1_0.id,os1_0.cliente_id,os1_0.created_at,os1_0.data_criacao,os1_0.data_entrega,os1_0.data_finalizacao,os1_0.descricao_problema,os1_0.status,os1_0.updated_at,os1_0.valor_total,os1_0.veiculo_id,os1_0.version from ordem_servico os1_0 where os1_0.status=?
]]></system-out>
  </testcase>
  <testcase name="deveSalvarOrdemServicoComSucesso" classname="br.com.grupo99.osservice.infrastructure.repository.OrdemServicoRepositoryTest" time="0.014">
    <system-out><![CDATA[2026-02-09 21:01:29 - select os1_0.id,os1_0.cliente_id,os1_0.created_at,os1_0.data_criacao,os1_0.data_entrega,os1_0.data_finalizacao,os1_0.descricao_problema,os1_0.status,os1_0.updated_at,os1_0.valor_total,os1_0.veiculo_id,os1_0.version from ordem_servico os1_0
2026-02-09 21:01:29 - select os1_0.id,os1_0.cliente_id,os1_0.created_at,os1_0.data_criacao,os1_0.data_entrega,os1_0.data_finalizacao,os1_0.descricao_problema,os1_0.status,os1_0.updated_at,os1_0.valor_total,os1_0.veiculo_id,os1_0.version,h1_0.ordem_servico_id,h1_0.id,h1_0.data_alteracao,h1_0.novo_status,h1_0.observacao,h1_0.status_anterior,h1_0.usuario_alteracao from ordem_servico os1_0 left join historico_status h1_0 on os1_0.id=h1_0.ordem_servico_id where os1_0.id=?
]]></system-out>
  </testcase>
  <testcase name="deveDeletarOrdemServico" classname="br.com.grupo99.osservice.infrastructure.repository.OrdemServicoRepositoryTest" time="1.029">
    <system-out><![CDATA[2026-02-09 21:01:29 - select os1_0.id,os1_0.cliente_id,os1_0.created_at,os1_0.data_criacao,os1_0.data_entrega,os1_0.data_finalizacao,os1_0.descricao_problema,os1_0.status,os1_0.updated_at,os1_0.valor_total,os1_0.veiculo_id,os1_0.version from ordem_servico os1_0
2026-02-09 21:01:29 - select os1_0.id,os1_0.cliente_id,os1_0.created_at,os1_0.data_criacao,os1_0.data_entrega,os1_0.data_finalizacao,os1_0.descricao_problema,os1_0.status,os1_0.updated_at,os1_0.valor_total,os1_0.veiculo_id,os1_0.version,h1_0.ordem_servico_id,h1_0.id,h1_0.data_alteracao,h1_0.novo_status,h1_0.observacao,h1_0.status_anterior,h1_0.usuario_alteracao from ordem_servico os1_0 left join historico_status h1_0 on os1_0.id=h1_0.ordem_servico_id where os1_0.id=?
2026-02-09 21:01:29 - [Producer clientId=producer-4] Node 0 disconnected.
2026-02-09 21:01:29 - [Producer clientId=producer-4] Connection to node 0 (localhost/127.0.0.1:9094) could not be established. Node may not be available.
2026-02-09 21:01:29 - [Consumer clientId=consumer-os-service-test-group-17, groupId=os-service-test-group] Node -1 disconnected.
2026-02-09 21:01:29 - [Consumer clientId=consumer-os-service-test-group-17, groupId=os-service-test-group] Connection to node -1 (localhost/127.0.0.1:9092) could not be established. Node may not be available.
2026-02-09 21:01:29 - [Consumer clientId=consumer-os-service-test-group-17, groupId=os-service-test-group] Bootstrap broker localhost:9092 (id: -1 rack: null) disconnected
2026-02-09 21:01:29 - [Consumer clientId=consumer-os-service-test-group-16, groupId=os-service-test-group] Node -1 disconnected.
2026-02-09 21:01:29 - [Consumer clientId=consumer-os-service-test-group-16, groupId=os-service-test-group] Connection to node -1 (localhost/127.0.0.1:9092) could not be established. Node may not be available.
2026-02-09 21:01:29 - [Consumer clientId=consumer-os-service-test-group-16, groupId=os-service-test-group] Bootstrap broker localhost:9092 (id: -1 rack: null) disconnected
2026-02-09 21:01:30 - [Consumer clientId=consumer-os-service-test-group-18, groupId=os-service-test-group] Node -1 disconnected.
2026-02-09 21:01:30 - [Consumer clientId=consumer-os-service-test-group-18, groupId=os-service-test-group] Connection to node -1 (localhost/127.0.0.1:9092) could not be established. Node may not be available.
2026-02-09 21:01:30 - [Consumer clientId=consumer-os-service-test-group-18, groupId=os-service-test-group] Bootstrap broker localhost:9092 (id: -1 rack: null) disconnected
2026-02-09 21:01:30 - [Producer clientId=producer-6] Node 0 disconnected.
2026-02-09 21:01:30 - [Producer clientId=producer-6] Connection to node 0 (localhost/127.0.0.1:9094) could not be established. Node may not be available.
2026-02-09 21:01:30 - [Producer clientId=producer-5] Node 0 disconnected.
2026-02-09 21:01:30 - [Producer clientId=producer-5] Connection to node 0 (localhost/127.0.0.1:9094) could not be established. Node may not be available.
2026-02-09 21:01:30 - [Consumer clientId=consumer-os-service-test-group-15, groupId=os-service-test-group] Node -1 disconnected.
2026-02-09 21:01:30 - [Consumer clientId=consumer-os-service-test-group-15, groupId=os-service-test-group] Connection to node -1 (localhost/127.0.0.1:9092) could not be established. Node may not be available.
2026-02-09 21:01:30 - [Consumer clientId=consumer-os-service-test-group-15, groupId=os-service-test-group] Bootstrap broker localhost:9092 (id: -1 rack: null) disconnected
2026-02-09 21:01:30 - [Consumer clientId=consumer-os-service-test-group-19, groupId=os-service-test-group] Node -1 disconnected.
2026-02-09 21:01:30 - [Consumer clientId=consumer-os-service-test-group-19, groupId=os-service-test-group] Connection to node -1 (localhost/127.0.0.1:9092) could not be established. Node may not be available.
2026-02-09 21:01:30 - [Consumer clientId=consumer-os-service-test-group-19, groupId=os-service-test-group] Bootstrap broker localhost:9092 (id: -1 rack: null) disconnected
2026-02-09 21:01:30 - [Producer clientId=producer-3] Node 0 disconnected.
2026-02-09 21:01:30 - [Producer clientId=producer-3] Connection to node 0 (localhost/127.0.0.1:9094) could not be established. Node may not be available.
2026-02-09 21:01:30 - [Producer clientId=producer-2] Node 0 disconnected.
2026-02-09 21:01:30 - [Producer clientId=producer-2] Connection to node 0 (localhost/127.0.0.1:9094) could not be established. Node may not be available.
2026-02-09 21:01:30 - [Producer clientId=producer-1] Node 0 disconnected.
2026-02-09 21:01:30 - [Producer clientId=producer-1] Connection to node 0 (localhost/127.0.0.1:9094) could not be established. Node may not be available.
2026-02-09 21:01:30 - insert into ordem_servico (cliente_id,created_at,data_criacao,data_entrega,data_finalizacao,descricao_problema,status,updated_at,valor_total,veiculo_id,version,id) values (?,?,?,?,?,?,?,?,?,?,?,?)
2026-02-09 21:01:30 - delete from ordem_servico where id=? and version=?
2026-02-09 21:01:30 - select count(*) from ordem_servico os1_0 where os1_0.id=?
2026-02-09 21:01:30 - [Consumer clientId=consumer-os-service-test-group-18, groupId=os-service-test-group] Node -1 disconnected.
2026-02-09 21:01:30 - [Consumer clientId=consumer-os-service-test-group-16, groupId=os-service-test-group] Node -1 disconnected.
2026-02-09 21:01:30 - [Consumer clientId=consumer-os-service-test-group-18, groupId=os-service-test-group] Connection to node -1 (localhost/127.0.0.1:9092) could not be established. Node may not be available.
2026-02-09 21:01:30 - [Consumer clientId=consumer-os-service-test-group-16, groupId=os-service-test-group] Connection to node -1 (localhost/127.0.0.1:9092) could not be established. Node may not be available.
2026-02-09 21:01:30 - [Consumer clientId=consumer-os-service-test-group-18, groupId=os-service-test-group] Bootstrap broker localhost:9092 (id: -1 rack: null) disconnected
2026-02-09 21:01:30 - [Consumer clientId=consumer-os-service-test-group-16, groupId=os-service-test-group] Bootstrap broker localhost:9092 (id: -1 rack: null) disconnected
2026-02-09 21:01:30 - [Producer clientId=producer-4] Node 0 disconnected.
2026-02-09 21:01:30 - [Producer clientId=producer-4] Connection to node 0 (localhost/127.0.0.1:9094) could not be established. Node may not be available.
]]></system-out>
  </testcase>
  <testcase name="deveBuscarOrdemServicoPorId" classname="br.com.grupo99.osservice.infrastructure.repository.OrdemServicoRepositoryTest" time="0.019">
    <system-out><![CDATA[2026-02-09 21:01:30 - select os1_0.id,os1_0.cliente_id,os1_0.created_at,os1_0.data_criacao,os1_0.data_entrega,os1_0.data_finalizacao,os1_0.descricao_problema,os1_0.status,os1_0.updated_at,os1_0.valor_total,os1_0.veiculo_id,os1_0.version from ordem_servico os1_0
2026-02-09 21:01:30 - select os1_0.id,os1_0.cliente_id,os1_0.created_at,os1_0.data_criacao,os1_0.data_entrega,os1_0.data_finalizacao,os1_0.descricao_problema,os1_0.status,os1_0.updated_at,os1_0.valor_total,os1_0.veiculo_id,os1_0.version,h1_0.ordem_servico_id,h1_0.id,h1_0.data_alteracao,h1_0.novo_status,h1_0.observacao,h1_0.status_anterior,h1_0.usuario_alteracao from ordem_servico os1_0 left join historico_status h1_0 on os1_0.id=h1_0.ordem_servico_id where os1_0.id=?
]]></system-out>
  </testcase>
  <testcase name="deveManterIntegridadeReferencialComHistorico" classname="br.com.grupo99.osservice.infrastructure.repository.OrdemServicoRepositoryTest" time="0.031">
    <system-out><![CDATA[2026-02-09 21:01:30 - select os1_0.id,os1_0.cliente_id,os1_0.created_at,os1_0.data_criacao,os1_0.data_entrega,os1_0.data_finalizacao,os1_0.descricao_problema,os1_0.status,os1_0.updated_at,os1_0.valor_total,os1_0.veiculo_id,os1_0.version from ordem_servico os1_0
2026-02-09 21:01:30 - select os1_0.id,os1_0.cliente_id,os1_0.created_at,os1_0.data_criacao,os1_0.data_entrega,os1_0.data_finalizacao,os1_0.descricao_problema,os1_0.status,os1_0.updated_at,os1_0.valor_total,os1_0.veiculo_id,os1_0.version,h1_0.ordem_servico_id,h1_0.id,h1_0.data_alteracao,h1_0.novo_status,h1_0.observacao,h1_0.status_anterior,h1_0.usuario_alteracao from ordem_servico os1_0 left join historico_status h1_0 on os1_0.id=h1_0.ordem_servico_id where os1_0.id=?
]]></system-out>
  </testcase>
  <testcase name="deveListarTodasAsOrdensServico" classname="br.com.grupo99.osservice.infrastructure.repository.OrdemServicoRepositoryTest" time="0.031">
    <system-out><![CDATA[2026-02-09 21:01:30 - select os1_0.id,os1_0.cliente_id,os1_0.created_at,os1_0.data_criacao,os1_0.data_entrega,os1_0.data_finalizacao,os1_0.descricao_problema,os1_0.status,os1_0.updated_at,os1_0.valor_total,os1_0.veiculo_id,os1_0.version from ordem_servico os1_0
2026-02-09 21:01:30 - select os1_0.id,os1_0.cliente_id,os1_0.created_at,os1_0.data_criacao,os1_0.data_entrega,os1_0.data_finalizacao,os1_0.descricao_problema,os1_0.status,os1_0.updated_at,os1_0.valor_total,os1_0.veiculo_id,os1_0.version,h1_0.ordem_servico_id,h1_0.id,h1_0.data_alteracao,h1_0.novo_status,h1_0.observacao,h1_0.status_anterior,h1_0.usuario_alteracao from ordem_servico os1_0 left join historico_status h1_0 on os1_0.id=h1_0.ordem_servico_id where os1_0.id=?
2026-02-09 21:01:30 - select os1_0.id,os1_0.cliente_id,os1_0.created_at,os1_0.data_criacao,os1_0.data_entrega,os1_0.data_finalizacao,os1_0.descricao_problema,os1_0.status,os1_0.updated_at,os1_0.valor_total,os1_0.veiculo_id,os1_0.version,h1_0.ordem_servico_id,h1_0.id,h1_0.data_alteracao,h1_0.novo_status,h1_0.observacao,h1_0.status_anterior,h1_0.usuario_alteracao from ordem_servico os1_0 left join historico_status h1_0 on os1_0.id=h1_0.ordem_servico_id where os1_0.id=?
2026-02-09 21:01:30 - select os1_0.id,os1_0.cliente_id,os1_0.created_at,os1_0.data_criacao,os1_0.data_entrega,os1_0.data_finalizacao,os1_0.descricao_problema,os1_0.status,os1_0.updated_at,os1_0.valor_total,os1_0.veiculo_id,os1_0.version,h1_0.ordem_servico_id,h1_0.id,h1_0.data_alteracao,h1_0.novo_status,h1_0.observacao,h1_0.status_anterior,h1_0.usuario_alteracao from ordem_servico os1_0 left join historico_status h1_0 on os1_0.id=h1_0.ordem_servico_id where os1_0.id=?
2026-02-09 21:01:30 - [Consumer clientId=consumer-os-service-test-group-17, groupId=os-service-test-group] Node -1 disconnected.
2026-02-09 21:01:30 - [Consumer clientId=consumer-os-service-test-group-17, groupId=os-service-test-group] Connection to node -1 (localhost/127.0.0.1:9092) could not be established. Node may not be available.
2026-02-09 21:01:30 - [Consumer clientId=consumer-os-service-test-group-17, groupId=os-service-test-group] Bootstrap broker localhost:9092 (id: -1 rack: null) disconnected
2026-02-09 21:01:30 - insert into ordem_servico (cliente_id,created_at,data_criacao,data_entrega,data_finalizacao,descricao_problema,status,updated_at,valor_total,veiculo_id,version,id) values (?,?,?,?,?,?,?,?,?,?,?,?)
2026-02-09 21:01:30 - insert into ordem_servico (cliente_id,created_at,data_criacao,data_entrega,data_finalizacao,descricao_problema,status,updated_at,valor_total,veiculo_id,version,id) values (?,?,?,?,?,?,?,?,?,?,?,?)
2026-02-09 21:01:30 - insert into ordem_servico (cliente_id,created_at,data_criacao,data_entrega,data_finalizacao,descricao_problema,status,updated_at,valor_total,veiculo_id,version,id) values (?,?,?,?,?,?,?,?,?,?,?,?)
2026-02-09 21:01:30 - select os1_0.id,os1_0.cliente_id,os1_0.created_at,os1_0.data_criacao,os1_0.data_entrega,os1_0.data_finalizacao,os1_0.descricao_problema,os1_0.status,os1_0.updated_at,os1_0.valor_total,os1_0.veiculo_id,os1_0.version from ordem_servico os1_0
2026-02-09 21:01:30 - [Consumer clientId=consumer-os-service-test-group-15, groupId=os-service-test-group] Node -1 disconnected.
2026-02-09 21:01:30 - [Consumer clientId=consumer-os-service-test-group-15, groupId=os-service-test-group] Connection to node -1 (localhost/127.0.0.1:9092) could not be established. Node may not be available.
2026-02-09 21:01:30 - [Consumer clientId=consumer-os-service-test-group-15, groupId=os-service-test-group] Bootstrap broker localhost:9092 (id: -1 rack: null) disconnected
]]></system-out>
  </testcase>
  <testcase name="deveVerificarSeExisteOrdemServico" classname="br.com.grupo99.osservice.infrastructure.repository.OrdemServicoRepositoryTest" time="0.022">
    <system-out><![CDATA[2026-02-09 21:01:30 - select os1_0.id,os1_0.cliente_id,os1_0.created_at,os1_0.data_criacao,os1_0.data_entrega,os1_0.data_finalizacao,os1_0.descricao_problema,os1_0.status,os1_0.updated_at,os1_0.valor_total,os1_0.veiculo_id,os1_0.version from ordem_servico os1_0
2026-02-09 21:01:30 - select os1_0.id,os1_0.cliente_id,os1_0.created_at,os1_0.data_criacao,os1_0.data_entrega,os1_0.data_finalizacao,os1_0.descricao_problema,os1_0.status,os1_0.updated_at,os1_0.valor_total,os1_0.veiculo_id,os1_0.version,h1_0.ordem_servico_id,h1_0.id,h1_0.data_alteracao,h1_0.novo_status,h1_0.observacao,h1_0.status_anterior,h1_0.usuario_alteracao from ordem_servico os1_0 left join historico_status h1_0 on os1_0.id=h1_0.ordem_servico_id where os1_0.id=?
]]></system-out>
  </testcase>
  <testcase name="deveAtualizarStatusEManterHistorico" classname="br.com.grupo99.osservice.infrastructure.repository.OrdemServicoRepositoryTest" time="0.024">
    <system-out><![CDATA[2026-02-09 21:01:30 - select os1_0.id,os1_0.cliente_id,os1_0.created_at,os1_0.data_criacao,os1_0.data_entrega,os1_0.data_finalizacao,os1_0.descricao_problema,os1_0.status,os1_0.updated_at,os1_0.valor_total,os1_0.veiculo_id,os1_0.version from ordem_servico os1_0
2026-02-09 21:01:30 - select os1_0.id,os1_0.cliente_id,os1_0.created_at,os1_0.data_criacao,os1_0.data_entrega,os1_0.data_finalizacao,os1_0.descricao_problema,os1_0.status,os1_0.updated_at,os1_0.valor_total,os1_0.veiculo_id,os1_0.version,h1_0.ordem_servico_id,h1_0.id,h1_0.data_alteracao,h1_0.novo_status,h1_0.observacao,h1_0.status_anterior,h1_0.usuario_alteracao from ordem_servico os1_0 left join historico_status h1_0 on os1_0.id=h1_0.ordem_servico_id where os1_0.id=?
]]></system-out>
  </testcase>
</testsuite>