<?xml version="1.0" encoding="UTF-8"?>
<testsuite xmlns:xsi="http://www.w3.org/2001/XMLSchema-instance" xsi:noNamespaceSchemaLocation="https://maven.apache.org/surefire/maven-surefire-plugin/xsd/surefire-test-report-3.0.xsd" version="3.0" name="br.com.grupo99.billingservice.bdd.CucumberTest" time="17.206" tests="11" errors="0" skipped="0" failures="0">
  <properties>
[...]
</properties>
  <testcase name="Saga Step 1 - Receber OS Criada e Criar Orçamento" classname="Saga Pattern - Orçamento e Pagamento" time="13.354">
    <system-out><![CDATA[{"timestamp":"2026-02-09T20:26:44.1968931-03:00","@version":"1","message":"Starting test run","logger":"io.cucumber.junit.platform.engine.CucumberEngineExecutionContext","thread":"main","level":"DEBUG","level_value":10000}
{"timestamp":"2026-02-09T20:26:45.7222675-03:00","@version":"1","message":"Sending run test started event","logger":"io.cucumber.core.runtime.CucumberExecutionContext","thread":"main","level":"DEBUG","level_value":10000}
{"timestamp":"2026-02-09T20:26:45.7366653-03:00","@version":"1","message":"Running before all hooks","logger":"io.cucumber.junit.platform.engine.CucumberEngineExecutionContext","thread":"main","level":"DEBUG","level_value":10000}
{"timestamp":"2026-02-09T20:26:45.7860995-03:00","@version":"1","message":"Loading glue from [classpath:/br/com/grupo99/billingservice/bdd]","logger":"io.cucumber.core.runner.Runner","thread":"main","level":"DEBUG","level_value":10000}
{"timestamp":"2026-02-09T20:26:45.7860995-03:00","@version":"1","message":"Loading glue for backend io.cucumber.java.JavaBackend","logger":"io.cucumber.core.runner.Runner","thread":"main","level":"DEBUG","level_value":10000}
{"timestamp":"2026-02-09T20:26:45.8402343-03:00","@version":"1","message":"Loading glue for backend io.cucumber.spring.SpringBackend","logger":"io.cucumber.core.runner.Runner","thread":"main","level":"DEBUG","level_value":10000}
{"timestamp":"2026-02-09T20:26:45.8525988-03:00","@version":"1","message":"Sending test source read event for classpath:features/saga_orcamento.feature","logger":"io.cucumber.core.runtime.CucumberExecutionContext","thread":"main","level":"DEBUG","level_value":10000}
{"timestamp":"2026-02-09T20:26:45.9698931-03:00","@version":"1","message":"Executing test case Saga Step 1 - Receber OS Criada e Criar Orçamento","logger":"io.cucumber.junit.platform.engine.CucumberEngineExecutionContext","thread":"main","level":"DEBUG","level_value":10000}
{"timestamp":"2026-02-09T20:26:46.0400006-03:00","@version":"1","message":"Could not detect default configuration classes for test class [br.com.grupo99.billingservice.bdd.SagaOrcamentoSteps]: SagaOrcamentoSteps does not declare any static, non-private, non-final, nested classes annotated with @Configuration.","logger":"org.springframework.test.context.support.AnnotationConfigContextLoaderUtils","thread":"main","level":"INFO","level_value":20000}
{"timestamp":"2026-02-09T20:26:46.0838368-03:00","@version":"1","message":"Found @SpringBootConfiguration br.com.grupo99.billingservice.BillingServiceApplication for test class br.com.grupo99.billingservice.bdd.SagaOrcamentoSteps","logger":"org.springframework.boot.test.context.SpringBootTestContextBootstrapper","thread":"main","level":"INFO","level_value":20000}

  .   ____          _            __ _ _
 /\\ / ___'_ __ _ _(_)_ __  __ _ \ \ \ \
( ( )\___ | '_ | '_| | '_ \/ _` | \ \ \ \
 \\/  ___)| |_)| | | | | || (_| |  ) ) ) )
  '  |____| .__|_| |_|_| |_\__, | / / / /
 =========|_|==============|___/=/_/_/_/

 :: Spring Boot ::               (v3.3.13)

{"timestamp":"2026-02-09T20:26:46.1512801-03:00","@version":"1","message":"Starting SagaOrcamentoSteps using Java 21.0.9 with PID 33068 (started by Meu Computador in C:\\Users\\Meu Computador\\OneDrive\\Área de Trabalho\\FIAP\\projeto\\fase_quatro\\oficina-billing-service)","logger":"br.com.grupo99.billingservice.bdd.SagaOrcamentoSteps","thread":"main","level":"INFO","level_value":20000}
{"timestamp":"2026-02-09T20:26:46.1512801-03:00","@version":"1","message":"Running with Spring Boot v3.3.13, Spring v6.1.21","logger":"br.com.grupo99.billingservice.bdd.SagaOrcamentoSteps","thread":"main","level":"DEBUG","level_value":10000}
{"timestamp":"2026-02-09T20:26:46.1512801-03:00","@version":"1","message":"The following 1 profile is active: \"test\"","logger":"br.com.grupo99.billingservice.bdd.SagaOrcamentoSteps","thread":"main","level":"INFO","level_value":20000}
{"timestamp":"2026-02-09T20:26:47.059465-03:00","@version":"1","message":"Bootstrapping Spring Data MongoDB repositories in DEFAULT mode.","logger":"org.springframework.data.repository.config.RepositoryConfigurationDelegate","thread":"main","level":"INFO","level_value":20000}
{"timestamp":"2026-02-09T20:26:47.1278454-03:00","@version":"1","message":"Finished Spring Data repository scanning in 67 ms. Found 2 MongoDB repository interfaces.","logger":"org.springframework.data.repository.config.RepositoryConfigurationDelegate","thread":"main","level":"INFO","level_value":20000}
{"timestamp":"2026-02-09T20:26:48.7595044-03:00","@version":"1","message":"Erro ao consumir mensagens do SQS (OS): The specified queue does not exist for this wsdl version. (Service: Sqs, Status Code: 400, Request ID: 4ebc4aeb-0aab-5eb1-9771-28ef65599024)","logger":"br.com.grupo99.billingservice.infrastructure.messaging.BillingEventListener","thread":"scheduling-1","level":"ERROR","level_value":40000,"stack_trace":"software.amazon.awssdk.services.sqs.model.QueueDoesNotExistException: The specified queue does not exist for this wsdl version. (Service: Sqs, Status Code: 400, Request ID: 4ebc4aeb-0aab-5eb1-9771-28ef65599024)\r\n\tat software.amazon.awssdk.core.internal.http.CombinedResponseHandler.handleErrorResponse(CombinedResponseHandler.java:125)\r\n\tat software.amazon.awssdk.core.internal.http.CombinedResponseHandler.handleResponse(CombinedResponseHandler.java:82)\r\n\tat software.amazon.awssdk.core.internal.http.CombinedResponseHandler.handle(CombinedResponseHandler.java:60)\r\n\tat software.amazon.awssdk.core.internal.http.CombinedResponseHandler.handle(CombinedResponseHandler.java:41)\r\n\tat software.amazon.awssdk.core.internal.http.pipeline.stages.HandleResponseStage.execute(HandleResponseStage.java:40)\r\n\tat software.amazon.awssdk.core.internal.http.pipeline.stages.HandleResponseStage.execute(HandleResponseStage.java:30)\r\n\tat software.amazon.awssdk.core.internal.http.pipeline.RequestPipelineBuilder$ComposingRequestPipelineStage.execute(RequestPipelineBuilder.java:206)\r\n\tat software.amazon.awssdk.core.internal.http.pipeline.stages.ApiCallAttemptTimeoutTrackingStage.execute(ApiCallAttemptTimeoutTrackingStage.java:73)\r\n\tat software.amazon.awssdk.core.internal.http.pipeline.stages.ApiCallAttemptTimeoutTrackingStage.execute(ApiCallAttemptTimeoutTrackingStage.java:42)\r\n\tat software.amazon.awssdk.core.internal.http.pipeline.stages.TimeoutExceptionHandlingStage.execute(TimeoutExceptionHandlingStage.java:78)\r\n\tat software.amazon.awssdk.core.internal.http.pipeline.stages.TimeoutExceptionHandlingStage.execute(TimeoutExceptionHandlingStage.java:40)\r\n\tat software.amazon.awssdk.core.internal.http.pipeline.stages.ApiCallAttemptMetricCollectionStage.execute(ApiCallAttemptMetricCollectionStage.java:50)\r\n\tat software.amazon.awssdk.core.internal.http.pipeline.stages.ApiCallAttemptMetricCollectionStage.execute(ApiCallAttemptMetricCollectionStage.java:36)\r\n\tat software.amazon.awssdk.core.internal.http.pipeline.stages.RetryableStage.execute(RetryableStage.java:81)\r\n\tat software.amazon.awssdk.core.internal.http.pipeline.stages.RetryableStage.execute(RetryableStage.java:36)\r\n\tat software.amazon.awssdk.core.internal.http.pipeline.RequestPipelineBuilder$ComposingRequestPipelineStage.execute(RequestPipelineBuilder.java:206)\r\n\tat software.amazon.awssdk.core.internal.http.StreamManagingStage.execute(StreamManagingStage.java:56)\r\n\tat software.amazon.awssdk.core.internal.http.StreamManagingStage.execute(StreamManagingStage.java:36)\r\n\tat software.amazon.awssdk.core.internal.http.pipeline.stages.ApiCallTimeoutTrackingStage.executeWithTimer(ApiCallTimeoutTrackingStage.java:80)\r\n\tat software.amazon.awssdk.core.internal.http.pipeline.stages.ApiCallTimeoutTrackingStage.execute(ApiCallTimeoutTrackingStage.java:60)\r\n\tat software.amazon.awssdk.core.internal.http.pipeline.stages.ApiCallTimeoutTrackingStage.execute(ApiCallTimeoutTrackingStage.java:42)\r\n\tat software.amazon.awssdk.core.internal.http.pipeline.stages.ApiCallMetricCollectionStage.execute(ApiCallMetricCollectionStage.java:48)\r\n\tat software.amazon.awssdk.core.internal.http.pipeline.stages.ApiCallMetricCollectionStage.execute(ApiCallMetricCollectionStage.java:31)\r\n\tat software.amazon.awssdk.core.internal.http.pipeline.RequestPipelineBuilder$ComposingRequestPipelineStage.execute(RequestPipelineBuilder.java:206)\r\n\tat software.amazon.awssdk.core.internal.http.pipeline.RequestPipelineBuilder$ComposingRequestPipelineStage.execute(RequestPipelineBuilder.java:206)\r\n\tat software.amazon.awssdk.core.internal.http.pipeline.stages.ExecutionFailureExceptionReportingStage.execute(ExecutionFailureExceptionReportingStage.java:37)\r\n\tat software.amazon.awssdk.core.internal.http.pipeline.stages.ExecutionFailureExceptionReportingStage.execute(ExecutionFailureExceptionReportingStage.java:26)\r\n\tat software.amazon.awssdk.core.internal.http.AmazonSyncHttpClient$RequestExecutionBuilderImpl.execute(AmazonSyncHttpClient.java:193)\r\n\tat software.amazon.awssdk.core.internal.handler.BaseSyncClientHandler.invoke(BaseSyncClientHandler.java:103)\r\n\tat software.amazon.awssdk.core.internal.handler.BaseSyncClientHandler.doExecute(BaseSyncClientHandler.java:171)\r\n\tat software.amazon.awssdk.core.internal.handler.BaseSyncClientHandler.lambda$execute$1(BaseSyncClientHandler.java:82)\r\n\tat software.amazon.awssdk.core.internal.handler.BaseSyncClientHandler.measureApiCallSuccess(BaseSyncClientHandler.java:179)\r\n\tat software.amazon.awssdk.core.internal.handler.BaseSyncClientHandler.execute(BaseSyncClientHandler.java:76)\r\n\tat software.amazon.awssdk.core.client.handler.SdkSyncClientHandler.execute(SdkSyncClientHandler.java:45)\r\n\tat software.amazon.awssdk.awscore.client.handler.AwsSyncClientHandler.execute(AwsSyncClientHandler.java:56)\r\n\tat software.amazon.awssdk.services.sqs.DefaultSqsClient.receiveMessage(DefaultSqsClient.java:1396)\r\n\tat br.com.grupo99.billingservice.infrastructure.messaging.BillingEventListener.consumeOSEvents(BillingEventListener.java:68)\r\n\tat java.base/jdk.internal.reflect.DirectMethodHandleAccessor.invoke(DirectMethodHandleAccessor.java:103)\r\n\tat java.base/java.lang.reflect.Method.invoke(Method.java:580)\r\n\tat org.springframework.scheduling.support.ScheduledMethodRunnable.runInternal(ScheduledMethodRunnable.java:130)\r\n\tat org.springframework.scheduling.support.ScheduledMethodRunnable.lambda$run$2(ScheduledMethodRunnable.java:124)\r\n\tat io.micrometer.observation.Observation.observe(Observation.java:499)\r\n\tat org.springframework.scheduling.support.ScheduledMethodRunnable.run(ScheduledMethodRunnable.java:124)\r\n\tat org.springframework.scheduling.support.DelegatingErrorHandlingRunnable.run(DelegatingErrorHandlingRunnable.java:54)\r\n\tat java.base/java.util.concurrent.Executors$RunnableAdapter.call(Executors.java:572)\r\n\tat java.base/java.util.concurrent.FutureTask.runAndReset(FutureTask.java:358)\r\n\tat java.base/java.util.concurrent.ScheduledThreadPoolExecutor$ScheduledFutureTask.run(ScheduledThreadPoolExecutor.java:305)\r\n\tat java.base/java.util.concurrent.ThreadPoolExecutor.runWorker(ThreadPoolExecutor.java:1144)\r\n\tat java.base/java.util.concurrent.ThreadPoolExecutor$Worker.run(ThreadPoolExecutor.java:642)\r\n\tat java.base/java.lang.Thread.run(Thread.java:1583)\r\n"}
{"timestamp":"2026-02-09T20:26:48.9300665-03:00","@version":"1","message":"Erro ao consumir mensagens do SQS (Execution): The specified queue does not exist for this wsdl version. (Service: Sqs, Status Code: 400, Request ID: d458c8f8-0278-5e7d-9c78-aafc6d8ac0e8)","logger":"br.com.grupo99.billingservice.infrastructure.messaging.BillingEventListener","thread":"scheduling-1","level":"ERROR","level_value":40000,"stack_trace":"software.amazon.awssdk.services.sqs.model.QueueDoesNotExistException: The specified queue does not exist for this wsdl version. (Service: Sqs, Status Code: 400, Request ID: d458c8f8-0278-5e7d-9c78-aafc6d8ac0e8)\r\n\tat software.amazon.awssdk.core.internal.http.CombinedResponseHandler.handleErrorResponse(CombinedResponseHandler.java:125)\r\n\tat software.amazon.awssdk.core.internal.http.CombinedResponseHandler.handleResponse(CombinedResponseHandler.java:82)\r\n\tat software.amazon.awssdk.core.internal.http.CombinedResponseHandler.handle(CombinedResponseHandler.java:60)\r\n\tat software.amazon.awssdk.core.internal.http.CombinedResponseHandler.handle(CombinedResponseHandler.java:41)\r\n\tat software.amazon.awssdk.core.internal.http.pipeline.stages.HandleResponseStage.execute(HandleResponseStage.java:40)\r\n\tat software.amazon.awssdk.core.internal.http.pipeline.stages.HandleResponseStage.execute(HandleResponseStage.java:30)\r\n\tat software.amazon.awssdk.core.internal.http.pipeline.RequestPipelineBuilder$ComposingRequestPipelineStage.execute(RequestPipelineBuilder.java:206)\r\n\tat software.amazon.awssdk.core.internal.http.pipeline.stages.ApiCallAttemptTimeoutTrackingStage.execute(ApiCallAttemptTimeoutTrackingStage.java:73)\r\n\tat software.amazon.awssdk.core.internal.http.pipeline.stages.ApiCallAttemptTimeoutTrackingStage.execute(ApiCallAttemptTimeoutTrackingStage.java:42)\r\n\tat software.amazon.awssdk.core.internal.http.pipeline.stages.TimeoutExceptionHandlingStage.execute(TimeoutExceptionHandlingStage.java:78)\r\n\tat software.amazon.awssdk.core.internal.http.pipeline.stages.TimeoutExceptionHandlingStage.execute(TimeoutExceptionHandlingStage.java:40)\r\n\tat software.amazon.awssdk.core.internal.http.pipeline.stages.ApiCallAttemptMetricCollectionStage.execute(ApiCallAttemptMetricCollectionStage.java:50)\r\n\tat software.amazon.awssdk.core.internal.http.pipeline.stages.ApiCallAttemptMetricCollectionStage.execute(ApiCallAttemptMetricCollectionStage.java:36)\r\n\tat software.amazon.awssdk.core.internal.http.pipeline.stages.RetryableStage.execute(RetryableStage.java:81)\r\n\tat software.amazon.awssdk.core.internal.http.pipeline.stages.RetryableStage.execute(RetryableStage.java:36)\r\n\tat software.amazon.awssdk.core.internal.http.pipeline.RequestPipelineBuilder$ComposingRequestPipelineStage.execute(RequestPipelineBuilder.java:206)\r\n\tat software.amazon.awssdk.core.internal.http.StreamManagingStage.execute(StreamManagingStage.java:56)\r\n\tat software.amazon.awssdk.core.internal.http.StreamManagingStage.execute(StreamManagingStage.java:36)\r\n\tat software.amazon.awssdk.core.internal.http.pipeline.stages.ApiCallTimeoutTrackingStage.executeWithTimer(ApiCallTimeoutTrackingStage.java:80)\r\n\tat software.amazon.awssdk.core.internal.http.pipeline.stages.ApiCallTimeoutTrackingStage.execute(ApiCallTimeoutTrackingStage.java:60)\r\n\tat software.amazon.awssdk.core.internal.http.pipeline.stages.ApiCallTimeoutTrackingStage.execute(ApiCallTimeoutTrackingStage.java:42)\r\n\tat software.amazon.awssdk.core.internal.http.pipeline.stages.ApiCallMetricCollectionStage.execute(ApiCallMetricCollectionStage.java:48)\r\n\tat software.amazon.awssdk.core.internal.http.pipeline.stages.ApiCallMetricCollectionStage.execute(ApiCallMetricCollectionStage.java:31)\r\n\tat software.amazon.awssdk.core.internal.http.pipeline.RequestPipelineBuilder$ComposingRequestPipelineStage.execute(RequestPipelineBuilder.java:206)\r\n\tat software.amazon.awssdk.core.internal.http.pipeline.RequestPipelineBuilder$ComposingRequestPipelineStage.execute(RequestPipelineBuilder.java:206)\r\n\tat software.amazon.awssdk.core.internal.http.pipeline.stages.ExecutionFailureExceptionReportingStage.execute(ExecutionFailureExceptionReportingStage.java:37)\r\n\tat software.amazon.awssdk.core.internal.http.pipeline.stages.ExecutionFailureExceptionReportingStage.execute(ExecutionFailureExceptionReportingStage.java:26)\r\n\tat software.amazon.awssdk.core.internal.http.AmazonSyncHttpClient$RequestExecutionBuilderImpl.execute(AmazonSyncHttpClient.java:193)\r\n\tat software.amazon.awssdk.core.internal.handler.BaseSyncClientHandler.invoke(BaseSyncClientHandler.java:103)\r\n\tat software.amazon.awssdk.core.internal.handler.BaseSyncClientHandler.doExecute(BaseSyncClientHandler.java:171)\r\n\tat software.amazon.awssdk.core.internal.handler.BaseSyncClientHandler.lambda$execute$1(BaseSyncClientHandler.java:82)\r\n\tat software.amazon.awssdk.core.internal.handler.BaseSyncClientHandler.measureApiCallSuccess(BaseSyncClientHandler.java:179)\r\n\tat software.amazon.awssdk.core.internal.handler.BaseSyncClientHandler.execute(BaseSyncClientHandler.java:76)\r\n\tat software.amazon.awssdk.core.client.handler.SdkSyncClientHandler.execute(SdkSyncClientHandler.java:45)\r\n\tat software.amazon.awssdk.awscore.client.handler.AwsSyncClientHandler.execute(AwsSyncClientHandler.java:56)\r\n\tat software.amazon.awssdk.services.sqs.DefaultSqsClient.receiveMessage(DefaultSqsClient.java:1396)\r\n\tat br.com.grupo99.billingservice.infrastructure.messaging.BillingEventListener.consumeExecutionEvents(BillingEventListener.java:101)\r\n\tat java.base/jdk.internal.reflect.DirectMethodHandleAccessor.invoke(DirectMethodHandleAccessor.java:103)\r\n\tat java.base/java.lang.reflect.Method.invoke(Method.java:580)\r\n\tat org.springframework.scheduling.support.ScheduledMethodRunnable.runInternal(ScheduledMethodRunnable.java:130)\r\n\tat org.springframework.scheduling.support.ScheduledMethodRunnable.lambda$run$2(ScheduledMethodRunnable.java:124)\r\n\tat io.micrometer.observation.Observation.observe(Observation.java:499)\r\n\tat org.springframework.scheduling.support.ScheduledMethodRunnable.run(ScheduledMethodRunnable.java:124)\r\n\tat org.springframework.scheduling.support.DelegatingErrorHandlingRunnable.run(DelegatingErrorHandlingRunnable.java:54)\r\n\tat java.base/java.util.concurrent.Executors$RunnableAdapter.call(Executors.java:572)\r\n\tat java.base/java.util.concurrent.FutureTask.runAndReset(FutureTask.java:358)\r\n\tat java.base/java.util.concurrent.ScheduledThreadPoolExecutor$ScheduledFutureTask.run(ScheduledThreadPoolExecutor.java:305)\r\n\tat java.base/java.util.concurrent.ThreadPoolExecutor.runWorker(ThreadPoolExecutor.java:1144)\r\n\tat java.base/java.util.concurrent.ThreadPoolExecutor$Worker.run(ThreadPoolExecutor.java:642)\r\n\tat java.base/java.lang.Thread.run(Thread.java:1583)\r\n"}
{"timestamp":"2026-02-09T20:26:49.8619761-03:00","@version":"1","message":"MongoClient with metadata {\"driver\": {\"name\": \"mongo-java-driver|sync|spring-boot\", \"version\": \"5.0.1\"}, \"os\": {\"type\": \"Windows\", \"name\": \"Windows 11\", \"architecture\": \"amd64\", \"version\": \"10.0\"}, \"platform\": \"Java/Oracle Corporation/21.0.9+7-LTS-338\"} created with settings MongoClientSettings{readPreference=primary, writeConcern=WriteConcern{w=null, wTimeout=null ms, journal=null}, retryWrites=true, retryReads=true, readConcern=ReadConcern{level=null}, credential=null, transportSettings=null, commandListeners=[io.micrometer.core.instrument.binder.mongodb.MongoMetricsCommandListener@6d225c7a], codecRegistry=ProvidersCodecRegistry{codecProviders=[ValueCodecProvider{}, BsonValueCodecProvider{}, DBRefCodecProvider{}, DBObjectCodecProvider{}, DocumentCodecProvider{}, CollectionCodecProvider{}, IterableCodecProvider{}, MapCodecProvider{}, GeoJsonCodecProvider{}, GridFSFileCodecProvider{}, Jsr310CodecProvider{}, JsonObjectCodecProvider{}, BsonCodecProvider{}, EnumCodecProvider{}, com.mongodb.client.model.mql.ExpressionCodecProvider@29458e18, com.mongodb.Jep395RecordCodecProvider@1859c7a0, com.mongodb.KotlinCodecProvider@3ada8d96]}, loggerSettings=LoggerSettings{maxDocumentLength=1000}, clusterSettings={hosts=[localhost:27017], srvServiceName=mongodb, mode=SINGLE, requiredClusterType=UNKNOWN, requiredReplicaSetName='null', serverSelector='null', clusterListeners='[]', serverSelectionTimeout='30000 ms', localThreshold='15 ms'}, socketSettings=SocketSettings{connectTimeoutMS=10000, readTimeoutMS=0, receiveBufferSize=0, proxySettings=ProxySettings{host=null, port=null, username=null, password=null}}, heartbeatSocketSettings=SocketSettings{connectTimeoutMS=10000, readTimeoutMS=10000, receiveBufferSize=0, proxySettings=ProxySettings{host=null, port=null, username=null, password=null}}, connectionPoolSettings=ConnectionPoolSettings{maxSize=100, minSize=0, maxWaitTimeMS=120000, maxConnectionLifeTimeMS=0, maxConnectionIdleTimeMS=0, maintenanceInitialDelayMS=0, maintenanceFrequencyMS=60000, connectionPoolListeners=[io.micrometer.core.instrument.binder.mongodb.MongoMetricsConnectionPoolListener@5d799b4b], maxConnecting=2}, serverSettings=ServerSettings{heartbeatFrequencyMS=10000, minHeartbeatFrequencyMS=500, serverListeners='[]', serverMonitorListeners='[]'}, sslSettings=SslSettings{enabled=false, invalidHostNameAllowed=false, context=null}, applicationName='null', compressorList=[], uuidRepresentation=JAVA_LEGACY, serverApi=null, autoEncryptionSettings=null, dnsClient=null, inetAddressResolver=null, contextProvider=null}","logger":"org.mongodb.driver.client","thread":"main","level":"INFO","level_value":20000}
{"timestamp":"2026-02-09T20:26:49.8913787-03:00","@version":"1","message":"Monitor thread successfully connected to server with description ServerDescription{address=localhost:27017, type=STANDALONE, state=CONNECTED, ok=true, minWireVersion=0, maxWireVersion=27, maxDocumentSize=16777216, logicalSessionTimeoutMinutes=30, roundTripTimeNanos=10460600}","logger":"org.mongodb.driver.cluster","thread":"cluster-ClusterId{value='698a6d39f7bbf8639e751e7f', description='null'}-localhost:27017","level":"INFO","level_value":20000}
{"timestamp":"2026-02-09T20:26:50.5845476-03:00","@version":"1","message":"Analyzing class class br.com.grupo99.billingservice.infrastructure.persistence.entity.OrcamentoEntity$HistoricoStatusEntity for index information","logger":"org.springframework.data.mongodb.core.index.MongoPersistentEntityIndexCreator","thread":"main","level":"DEBUG","level_value":10000}
{"timestamp":"2026-02-09T20:26:50.5855587-03:00","@version":"1","message":"Analyzing class class br.com.grupo99.billingservice.infrastructure.persistence.entity.OrcamentoEntity$ItemOrcamentoEntity for index information","logger":"org.springframework.data.mongodb.core.index.MongoPersistentEntityIndexCreator","thread":"main","level":"DEBUG","level_value":10000}
{"timestamp":"2026-02-09T20:26:50.5865669-03:00","@version":"1","message":"Analyzing class class br.com.grupo99.billingservice.infrastructure.persistence.entity.OrcamentoEntity for index information","logger":"org.springframework.data.mongodb.core.index.MongoPersistentEntityIndexCreator","thread":"main","level":"DEBUG","level_value":10000}
{"timestamp":"2026-02-09T20:26:50.5885684-03:00","@version":"1","message":"Analyzing class class br.com.grupo99.billingservice.infrastructure.persistence.entity.PagamentoEntity for index information","logger":"org.springframework.data.mongodb.core.index.MongoPersistentEntityIndexCreator","thread":"main","level":"DEBUG","level_value":10000}
{"timestamp":"2026-02-09T20:26:51.8676222-03:00","@version":"1","message":"\uD83D\uDCCA Kafka Metrics configurado para monitoramento - Billing Service","logger":"br.com.grupo99.billingservice.infrastructure.config.KafkaMetricsConfig","thread":"main","level":"INFO","level_value":20000}
{"timestamp":"2026-02-09T20:26:53.6458332-03:00","@version":"1","message":"Exception in monitor thread while connecting to server localhost:61100","logger":"org.mongodb.driver.cluster","thread":"cluster-ClusterId{value='698a6d32f7bbf8639e751e7e', description='null'}-localhost:61100","level":"INFO","level_value":20000,"stack_trace":"com.mongodb.MongoSocketOpenException: Exception opening socket\r\n\tat com.mongodb.internal.connection.SocketStream.lambda$open$0(SocketStream.java:86)\r\n\tat java.base/java.util.Optional.orElseThrow(Optional.java:403)\r\n\tat com.mongodb.internal.connection.SocketStream.open(SocketStream.java:86)\r\n\tat com.mongodb.internal.connection.InternalStreamConnection.open(InternalStreamConnection.java:201)\r\n\tat com.mongodb.internal.connection.DefaultServerMonitor$ServerMonitorRunnable.lookupServerDescription(DefaultServerMonitor.java:193)\r\n\tat com.mongodb.internal.connection.DefaultServerMonitor$ServerMonitorRunnable.run(DefaultServerMonitor.java:153)\r\n\tat java.base/java.lang.Thread.run(Thread.java:1583)\r\nCaused by: java.net.ConnectException: Connection refused: getsockopt\r\n\tat java.base/sun.nio.ch.Net.pollConnect(Native Method)\r\n\tat java.base/sun.nio.ch.Net.pollConnectNow(Net.java:690)\r\n\tat java.base/sun.nio.ch.NioSocketImpl.timedFinishConnect(NioSocketImpl.java:542)\r\n\tat java.base/sun.nio.ch.NioSocketImpl.connect(NioSocketImpl.java:592)\r\n\tat java.base/java.net.SocksSocketImpl.connect(SocksSocketImpl.java:327)\r\n\tat java.base/java.net.Socket.connect(Socket.java:751)\r\n\tat com.mongodb.internal.connection.SocketStreamHelper.initialize(SocketStreamHelper.java:76)\r\n\tat com.mongodb.internal.connection.SocketStream.initializeSocket(SocketStream.java:105)\r\n\tat com.mongodb.internal.connection.SocketStream.open(SocketStream.java:80)\r\n\t... 4 common frames omitted\r\n"}
{"timestamp":"2026-02-09T20:26:53.9341829-03:00","@version":"1","message":"Erro ao consumir mensagens do SQS (OS): The specified queue does not exist for this wsdl version. (Service: Sqs, Status Code: 400, Request ID: 757a884f-7efd-5567-90f2-ea4b110a9bf2)","logger":"br.com.grupo99.billingservice.infrastructure.messaging.BillingEventListener","thread":"scheduling-1","level":"ERROR","level_value":40000,"stack_trace":"software.amazon.awssdk.services.sqs.model.QueueDoesNotExistException: The specified queue does not exist for this wsdl version. (Service: Sqs, Status Code: 400, Request ID: 757a884f-7efd-5567-90f2-ea4b110a9bf2)\r\n\tat software.amazon.awssdk.core.internal.http.CombinedResponseHandler.handleErrorResponse(CombinedResponseHandler.java:125)\r\n\tat software.amazon.awssdk.core.internal.http.CombinedResponseHandler.handleResponse(CombinedResponseHandler.java:82)\r\n\tat software.amazon.awssdk.core.internal.http.CombinedResponseHandler.handle(CombinedResponseHandler.java:60)\r\n\tat software.amazon.awssdk.core.internal.http.CombinedResponseHandler.handle(CombinedResponseHandler.java:41)\r\n\tat software.amazon.awssdk.core.internal.http.pipeline.stages.HandleResponseStage.execute(HandleResponseStage.java:40)\r\n\tat software.amazon.awssdk.core.internal.http.pipeline.stages.HandleResponseStage.execute(HandleResponseStage.java:30)\r\n\tat software.amazon.awssdk.core.internal.http.pipeline.RequestPipelineBuilder$ComposingRequestPipelineStage.execute(RequestPipelineBuilder.java:206)\r\n\tat software.amazon.awssdk.core.internal.http.pipeline.stages.ApiCallAttemptTimeoutTrackingStage.execute(ApiCallAttemptTimeoutTrackingStage.java:73)\r\n\tat software.amazon.awssdk.core.internal.http.pipeline.stages.ApiCallAttemptTimeoutTrackingStage.execute(ApiCallAttemptTimeoutTrackingStage.java:42)\r\n\tat software.amazon.awssdk.core.internal.http.pipeline.stages.TimeoutExceptionHandlingStage.execute(TimeoutExceptionHandlingStage.java:78)\r\n\tat software.amazon.awssdk.core.internal.http.pipeline.stages.TimeoutExceptionHandlingStage.execute(TimeoutExceptionHandlingStage.java:40)\r\n\tat software.amazon.awssdk.core.internal.http.pipeline.stages.ApiCallAttemptMetricCollectionStage.execute(ApiCallAttemptMetricCollectionStage.java:50)\r\n\tat software.amazon.awssdk.core.internal.http.pipeline.stages.ApiCallAttemptMetricCollectionStage.execute(ApiCallAttemptMetricCollectionStage.java:36)\r\n\tat software.amazon.awssdk.core.internal.http.pipeline.stages.RetryableStage.execute(RetryableStage.java:81)\r\n\tat software.amazon.awssdk.core.internal.http.pipeline.stages.RetryableStage.execute(RetryableStage.java:36)\r\n\tat software.amazon.awssdk.core.internal.http.pipeline.RequestPipelineBuilder$ComposingRequestPipelineStage.execute(RequestPipelineBuilder.java:206)\r\n\tat software.amazon.awssdk.core.internal.http.StreamManagingStage.execute(StreamManagingStage.java:56)\r\n\tat software.amazon.awssdk.core.internal.http.StreamManagingStage.execute(StreamManagingStage.java:36)\r\n\tat software.amazon.awssdk.core.internal.http.pipeline.stages.ApiCallTimeoutTrackingStage.executeWithTimer(ApiCallTimeoutTrackingStage.java:80)\r\n\tat software.amazon.awssdk.core.internal.http.pipeline.stages.ApiCallTimeoutTrackingStage.execute(ApiCallTimeoutTrackingStage.java:60)\r\n\tat software.amazon.awssdk.core.internal.http.pipeline.stages.ApiCallTimeoutTrackingStage.execute(ApiCallTimeoutTrackingStage.java:42)\r\n\tat software.amazon.awssdk.core.internal.http.pipeline.stages.ApiCallMetricCollectionStage.execute(ApiCallMetricCollectionStage.java:48)\r\n\tat software.amazon.awssdk.core.internal.http.pipeline.stages.ApiCallMetricCollectionStage.execute(ApiCallMetricCollectionStage.java:31)\r\n\tat software.amazon.awssdk.core.internal.http.pipeline.RequestPipelineBuilder$ComposingRequestPipelineStage.execute(RequestPipelineBuilder.java:206)\r\n\tat software.amazon.awssdk.core.internal.http.pipeline.RequestPipelineBuilder$ComposingRequestPipelineStage.execute(RequestPipelineBuilder.java:206)\r\n\tat software.amazon.awssdk.core.internal.http.pipeline.stages.ExecutionFailureExceptionReportingStage.execute(ExecutionFailureExceptionReportingStage.java:37)\r\n\tat software.amazon.awssdk.core.internal.http.pipeline.stages.ExecutionFailureExceptionReportingStage.execute(ExecutionFailureExceptionReportingStage.java:26)\r\n\tat software.amazon.awssdk.core.internal.http.AmazonSyncHttpClient$RequestExecutionBuilderImpl.execute(AmazonSyncHttpClient.java:193)\r\n\tat software.amazon.awssdk.core.internal.handler.BaseSyncClientHandler.invoke(BaseSyncClientHandler.java:103)\r\n\tat software.amazon.awssdk.core.internal.handler.BaseSyncClientHandler.doExecute(BaseSyncClientHandler.java:171)\r\n\tat software.amazon.awssdk.core.internal.handler.BaseSyncClientHandler.lambda$execute$1(BaseSyncClientHandler.java:82)\r\n\tat software.amazon.awssdk.core.internal.handler.BaseSyncClientHandler.measureApiCallSuccess(BaseSyncClientHandler.java:179)\r\n\tat software.amazon.awssdk.core.internal.handler.BaseSyncClientHandler.execute(BaseSyncClientHandler.java:76)\r\n\tat software.amazon.awssdk.core.client.handler.SdkSyncClientHandler.execute(SdkSyncClientHandler.java:45)\r\n\tat software.amazon.awssdk.awscore.client.handler.AwsSyncClientHandler.execute(AwsSyncClientHandler.java:56)\r\n\tat software.amazon.awssdk.services.sqs.DefaultSqsClient.receiveMessage(DefaultSqsClient.java:1396)\r\n\tat br.com.grupo99.billingservice.infrastructure.messaging.BillingEventListener.consumeOSEvents(BillingEventListener.java:68)\r\n\tat java.base/jdk.internal.reflect.DirectMethodHandleAccessor.invoke(DirectMethodHandleAccessor.java:103)\r\n\tat java.base/java.lang.reflect.Method.invoke(Method.java:580)\r\n\tat org.springframework.scheduling.support.ScheduledMethodRunnable.runInternal(ScheduledMethodRunnable.java:130)\r\n\tat org.springframework.scheduling.support.ScheduledMethodRunnable.lambda$run$2(ScheduledMethodRunnable.java:124)\r\n\tat io.micrometer.observation.Observation.observe(Observation.java:499)\r\n\tat org.springframework.scheduling.support.ScheduledMethodRunnable.run(ScheduledMethodRunnable.java:124)\r\n\tat org.springframework.scheduling.support.DelegatingErrorHandlingRunnable.run(DelegatingErrorHandlingRunnable.java:54)\r\n\tat java.base/java.util.concurrent.Executors$RunnableAdapter.call(Executors.java:572)\r\n\tat java.base/java.util.concurrent.FutureTask.runAndReset(FutureTask.java:358)\r\n\tat java.base/java.util.concurrent.ScheduledThreadPoolExecutor$ScheduledFutureTask.run(ScheduledThreadPoolExecutor.java:305)\r\n\tat java.base/java.util.concurrent.ThreadPoolExecutor.runWorker(ThreadPoolExecutor.java:1144)\r\n\tat java.base/java.util.concurrent.ThreadPoolExecutor$Worker.run(ThreadPoolExecutor.java:642)\r\n\tat java.base/java.lang.Thread.run(Thread.java:1583)\r\n"}
{"timestamp":"2026-02-09T20:26:54.0962819-03:00","@version":"1","message":"Erro ao consumir mensagens do SQS (Execution): The specified queue does not exist for this wsdl version. (Service: Sqs, Status Code: 400, Request ID: 326d03d8-7721-5de3-830b-61dc18d6d376)","logger":"br.com.grupo99.billingservice.infrastructure.messaging.BillingEventListener","thread":"scheduling-1","level":"ERROR","level_value":40000,"stack_trace":"software.amazon.awssdk.services.sqs.model.QueueDoesNotExistException: The specified queue does not exist for this wsdl version. (Service: Sqs, Status Code: 400, Request ID: 326d03d8-7721-5de3-830b-61dc18d6d376)\r\n\tat software.amazon.awssdk.core.internal.http.CombinedResponseHandler.handleErrorResponse(CombinedResponseHandler.java:125)\r\n\tat software.amazon.awssdk.core.internal.http.CombinedResponseHandler.handleResponse(CombinedResponseHandler.java:82)\r\n\tat software.amazon.awssdk.core.internal.http.CombinedResponseHandler.handle(CombinedResponseHandler.java:60)\r\n\tat software.amazon.awssdk.core.internal.http.CombinedResponseHandler.handle(CombinedResponseHandler.java:41)\r\n\tat software.amazon.awssdk.core.internal.http.pipeline.stages.HandleResponseStage.execute(HandleResponseStage.java:40)\r\n\tat software.amazon.awssdk.core.internal.http.pipeline.stages.HandleResponseStage.execute(HandleResponseStage.java:30)\r\n\tat software.amazon.awssdk.core.internal.http.pipeline.RequestPipelineBuilder$ComposingRequestPipelineStage.execute(RequestPipelineBuilder.java:206)\r\n\tat software.amazon.awssdk.core.internal.http.pipeline.stages.ApiCallAttemptTimeoutTrackingStage.execute(ApiCallAttemptTimeoutTrackingStage.java:73)\r\n\tat software.amazon.awssdk.core.internal.http.pipeline.stages.ApiCallAttemptTimeoutTrackingStage.execute(ApiCallAttemptTimeoutTrackingStage.java:42)\r\n\tat software.amazon.awssdk.core.internal.http.pipeline.stages.TimeoutExceptionHandlingStage.execute(TimeoutExceptionHandlingStage.java:78)\r\n\tat software.amazon.awssdk.core.internal.http.pipeline.stages.TimeoutExceptionHandlingStage.execute(TimeoutExceptionHandlingStage.java:40)\r\n\tat software.amazon.awssdk.core.internal.http.pipeline.stages.ApiCallAttemptMetricCollectionStage.execute(ApiCallAttemptMetricCollectionStage.java:50)\r\n\tat software.amazon.awssdk.core.internal.http.pipeline.stages.ApiCallAttemptMetricCollectionStage.execute(ApiCallAttemptMetricCollectionStage.java:36)\r\n\tat software.amazon.awssdk.core.internal.http.pipeline.stages.RetryableStage.execute(RetryableStage.java:81)\r\n\tat software.amazon.awssdk.core.internal.http.pipeline.stages.RetryableStage.execute(RetryableStage.java:36)\r\n\tat software.amazon.awssdk.core.internal.http.pipeline.RequestPipelineBuilder$ComposingRequestPipelineStage.execute(RequestPipelineBuilder.java:206)\r\n\tat software.amazon.awssdk.core.internal.http.StreamManagingStage.execute(StreamManagingStage.java:56)\r\n\tat software.amazon.awssdk.core.internal.http.StreamManagingStage.execute(StreamManagingStage.java:36)\r\n\tat software.amazon.awssdk.core.internal.http.pipeline.stages.ApiCallTimeoutTrackingStage.executeWithTimer(ApiCallTimeoutTrackingStage.java:80)\r\n\tat software.amazon.awssdk.core.internal.http.pipeline.stages.ApiCallTimeoutTrackingStage.execute(ApiCallTimeoutTrackingStage.java:60)\r\n\tat software.amazon.awssdk.core.internal.http.pipeline.stages.ApiCallTimeoutTrackingStage.execute(ApiCallTimeoutTrackingStage.java:42)\r\n\tat software.amazon.awssdk.core.internal.http.pipeline.stages.ApiCallMetricCollectionStage.execute(ApiCallMetricCollectionStage.java:48)\r\n\tat software.amazon.awssdk.core.internal.http.pipeline.stages.ApiCallMetricCollectionStage.execute(ApiCallMetricCollectionStage.java:31)\r\n\tat software.amazon.awssdk.core.internal.http.pipeline.RequestPipelineBuilder$ComposingRequestPipelineStage.execute(RequestPipelineBuilder.java:206)\r\n\tat software.amazon.awssdk.core.internal.http.pipeline.RequestPipelineBuilder$ComposingRequestPipelineStage.execute(RequestPipelineBuilder.java:206)\r\n\tat software.amazon.awssdk.core.internal.http.pipeline.stages.ExecutionFailureExceptionReportingStage.execute(ExecutionFailureExceptionReportingStage.java:37)\r\n\tat software.amazon.awssdk.core.internal.http.pipeline.stages.ExecutionFailureExceptionReportingStage.execute(ExecutionFailureExceptionReportingStage.java:26)\r\n\tat software.amazon.awssdk.core.internal.http.AmazonSyncHttpClient$RequestExecutionBuilderImpl.execute(AmazonSyncHttpClient.java:193)\r\n\tat software.amazon.awssdk.core.internal.handler.BaseSyncClientHandler.invoke(BaseSyncClientHandler.java:103)\r\n\tat software.amazon.awssdk.core.internal.handler.BaseSyncClientHandler.doExecute(BaseSyncClientHandler.java:171)\r\n\tat software.amazon.awssdk.core.internal.handler.BaseSyncClientHandler.lambda$execute$1(BaseSyncClientHandler.java:82)\r\n\tat software.amazon.awssdk.core.internal.handler.BaseSyncClientHandler.measureApiCallSuccess(BaseSyncClientHandler.java:179)\r\n\tat software.amazon.awssdk.core.internal.handler.BaseSyncClientHandler.execute(BaseSyncClientHandler.java:76)\r\n\tat software.amazon.awssdk.core.client.handler.SdkSyncClientHandler.execute(SdkSyncClientHandler.java:45)\r\n\tat software.amazon.awssdk.awscore.client.handler.AwsSyncClientHandler.execute(AwsSyncClientHandler.java:56)\r\n\tat software.amazon.awssdk.services.sqs.DefaultSqsClient.receiveMessage(DefaultSqsClient.java:1396)\r\n\tat br.com.grupo99.billingservice.infrastructure.messaging.BillingEventListener.consumeExecutionEvents(BillingEventListener.java:101)\r\n\tat java.base/jdk.internal.reflect.DirectMethodHandleAccessor.invoke(DirectMethodHandleAccessor.java:103)\r\n\tat java.base/java.lang.reflect.Method.invoke(Method.java:580)\r\n\tat org.springframework.scheduling.support.ScheduledMethodRunnable.runInternal(ScheduledMethodRunnable.java:130)\r\n\tat org.springframework.scheduling.support.ScheduledMethodRunnable.lambda$run$2(ScheduledMethodRunnable.java:124)\r\n\tat io.micrometer.observation.Observation.observe(Observation.java:499)\r\n\tat org.springframework.scheduling.support.ScheduledMethodRunnable.run(ScheduledMethodRunnable.java:124)\r\n\tat org.springframework.scheduling.support.DelegatingErrorHandlingRunnable.run(DelegatingErrorHandlingRunnable.java:54)\r\n\tat java.base/java.util.concurrent.Executors$RunnableAdapter.call(Executors.java:572)\r\n\tat java.base/java.util.concurrent.FutureTask.runAndReset(FutureTask.java:358)\r\n\tat java.base/java.util.concurrent.ScheduledThreadPoolExecutor$ScheduledFutureTask.run(ScheduledThreadPoolExecutor.java:305)\r\n\tat java.base/java.util.concurrent.ThreadPoolExecutor.runWorker(ThreadPoolExecutor.java:1144)\r\n\tat java.base/java.util.concurrent.ThreadPoolExecutor$Worker.run(ThreadPoolExecutor.java:642)\r\n\tat java.base/java.lang.Thread.run(Thread.java:1583)\r\n"}
{"timestamp":"2026-02-09T20:26:54.6983796-03:00","@version":"1","message":"Exposing 0 endpoints beneath base path '/actuator'","logger":"org.springframework.boot.actuate.endpoint.web.EndpointLinksResolver","thread":"main","level":"INFO","level_value":20000}
{"timestamp":"2026-02-09T20:26:55.2281498-03:00","@version":"1","message":"You are asking Spring Security to ignore Deferred [Mvc [pattern='/api/v1/auth/**'], Ant [pattern='/api/v1/auth/**']]. This is not recommended -- please use permitAll via HttpSecurity#authorizeHttpRequests instead.","logger":"org.springframework.security.config.annotation.web.builders.WebSecurity","thread":"main","level":"WARN","level_value":30000}
{"timestamp":"2026-02-09T20:26:55.230148-03:00","@version":"1","message":"You are asking Spring Security to ignore Deferred [Mvc [pattern='/actuator/health/**'], Ant [pattern='/actuator/health/**']]. This is not recommended -- please use permitAll via HttpSecurity#authorizeHttpRequests instead.","logger":"org.springframework.security.config.annotation.web.builders.WebSecurity","thread":"main","level":"WARN","level_value":30000}
{"timestamp":"2026-02-09T20:26:55.230148-03:00","@version":"1","message":"You are asking Spring Security to ignore Deferred [Mvc [pattern='/actuator/health'], Ant [pattern='/actuator/health']]. This is not recommended -- please use permitAll via HttpSecurity#authorizeHttpRequests instead.","logger":"org.springframework.security.config.annotation.web.builders.WebSecurity","thread":"main","level":"WARN","level_value":30000}
{"timestamp":"2026-02-09T20:26:55.2311499-03:00","@version":"1","message":"You are asking Spring Security to ignore Deferred [Mvc [pattern='/swagger-ui.html'], Ant [pattern='/swagger-ui.html']]. This is not recommended -- please use permitAll via HttpSecurity#authorizeHttpRequests instead.","logger":"org.springframework.security.config.annotation.web.builders.WebSecurity","thread":"main","level":"WARN","level_value":30000}
{"timestamp":"2026-02-09T20:26:55.2311499-03:00","@version":"1","message":"You are asking Spring Security to ignore Deferred [Mvc [pattern='/swagger-ui/**'], Ant [pattern='/swagger-ui/**']]. This is not recommended -- please use permitAll via HttpSecurity#authorizeHttpRequests instead.","logger":"org.springframework.security.config.annotation.web.builders.WebSecurity","thread":"main","level":"WARN","level_value":30000}
{"timestamp":"2026-02-09T20:26:55.2311499-03:00","@version":"1","message":"You are asking Spring Security to ignore Deferred [Mvc [pattern='/api-docs/**'], Ant [pattern='/api-docs/**']]. This is not recommended -- please use permitAll via HttpSecurity#authorizeHttpRequests instead.","logger":"org.springframework.security.config.annotation.web.builders.WebSecurity","thread":"main","level":"WARN","level_value":30000}
{"timestamp":"2026-02-09T20:26:55.2321503-03:00","@version":"1","message":"You are asking Spring Security to ignore Deferred [Mvc [pattern='/v3/api-docs/**'], Ant [pattern='/v3/api-docs/**']]. This is not recommended -- please use permitAll via HttpSecurity#authorizeHttpRequests instead.","logger":"org.springframework.security.config.annotation.web.builders.WebSecurity","thread":"main","level":"WARN","level_value":30000}
{"timestamp":"2026-02-09T20:26:55.2341854-03:00","@version":"1","message":"You are asking Spring Security to ignore Deferred [Mvc [pattern='/swagger-resources'], Ant [pattern='/swagger-resources']]. This is not recommended -- please use permitAll via HttpSecurity#authorizeHttpRequests instead.","logger":"org.springframework.security.config.annotation.web.builders.WebSecurity","thread":"main","level":"WARN","level_value":30000}
{"timestamp":"2026-02-09T20:26:55.2351946-03:00","@version":"1","message":"You are asking Spring Security to ignore Deferred [Mvc [pattern='/swagger-resources/**'], Ant [pattern='/swagger-resources/**']]. This is not recommended -- please use permitAll via HttpSecurity#authorizeHttpRequests instead.","logger":"org.springframework.security.config.annotation.web.builders.WebSecurity","thread":"main","level":"WARN","level_value":30000}
{"timestamp":"2026-02-09T20:26:55.2351946-03:00","@version":"1","message":"You are asking Spring Security to ignore Deferred [Mvc [pattern='/configuration/ui'], Ant [pattern='/configuration/ui']]. This is not recommended -- please use permitAll via HttpSecurity#authorizeHttpRequests instead.","logger":"org.springframework.security.config.annotation.web.builders.WebSecurity","thread":"main","level":"WARN","level_value":30000}
{"timestamp":"2026-02-09T20:26:55.2362027-03:00","@version":"1","message":"You are asking Spring Security to ignore Deferred [Mvc [pattern='/configuration/security'], Ant [pattern='/configuration/security']]. This is not recommended -- please use permitAll via HttpSecurity#authorizeHttpRequests instead.","logger":"org.springframework.security.config.annotation.web.builders.WebSecurity","thread":"main","level":"WARN","level_value":30000}
{"timestamp":"2026-02-09T20:26:55.2362027-03:00","@version":"1","message":"You are asking Spring Security to ignore Deferred [Mvc [pattern='/webjars/**'], Ant [pattern='/webjars/**']]. This is not recommended -- please use permitAll via HttpSecurity#authorizeHttpRequests instead.","logger":"org.springframework.security.config.annotation.web.builders.WebSecurity","thread":"main","level":"WARN","level_value":30000}
{"timestamp":"2026-02-09T20:26:58.5302059-03:00","@version":"1","message":"AdminClientConfig values: \r\n\tauto.include.jmx.reporter = true\r\n\tbootstrap.controllers = []\r\n\tbootstrap.servers = [127.0.0.1:9092]\r\n\tclient.dns.lookup = use_all_dns_ips\r\n\tclient.id = billing-service-test-admin-1\r\n\tconnections.max.idle.ms = 300000\r\n\tdefault.api.timeout.ms = 60000\r\n\tenable.metrics.push = true\r\n\tmetadata.max.age.ms = 300000\r\n\tmetric.reporters = []\r\n\tmetrics.num.samples = 2\r\n\tmetrics.recording.level = INFO\r\n\tmetrics.sample.window.ms = 30000\r\n\treceive.buffer.bytes = 65536\r\n\treconnect.backoff.max.ms = 1000\r\n\treconnect.backoff.ms = 50\r\n\trequest.timeout.ms = 30000\r\n\tretries = 2147483647\r\n\tretry.backoff.max.ms = 1000\r\n\tretry.backoff.ms = 100\r\n\tsasl.client.callback.handler.class = null\r\n\tsasl.jaas.config = null\r\n\tsasl.kerberos.kinit.cmd = /usr/bin/kinit\r\n\tsasl.kerberos.min.time.before.relogin = 60000\r\n\tsasl.kerberos.service.name = null\r\n\tsasl.kerberos.ticket.renew.jitter = 0.05\r\n\tsasl.kerberos.ticket.renew.window.factor = 0.8\r\n\tsasl.login.callback.handler.class = null\r\n\tsasl.login.class = null\r\n\tsasl.login.connect.timeout.ms = null\r\n\tsasl.login.read.timeout.ms = null\r\n\tsasl.login.refresh.buffer.seconds = 300\r\n\tsasl.login.refresh.min.period.seconds = 60\r\n\tsasl.login.refresh.window.factor = 0.8\r\n\tsasl.login.refresh.window.jitter = 0.05\r\n\tsasl.login.retry.backoff.max.ms = 10000\r\n\tsasl.login.retry.backoff.ms = 100\r\n\tsasl.mechanism = GSSAPI\r\n\tsasl.oauthbearer.clock.skew.seconds = 30\r\n\tsasl.oauthbearer.expected.audience = null\r\n\tsasl.oauthbearer.expected.issuer = null\r\n\tsasl.oauthbearer.jwks.endpoint.refresh.ms = 3600000\r\n\tsasl.oauthbearer.jwks.endpoint.retry.backoff.max.ms = 10000\r\n\tsasl.oauthbearer.jwks.endpoint.retry.backoff.ms = 100\r\n\tsasl.oauthbearer.jwks.endpoint.url = null\r\n\tsasl.oauthbearer.scope.claim.name = scope\r\n\tsasl.oauthbearer.sub.claim.name = sub\r\n\tsasl.oauthbearer.token.endpoint.url = null\r\n\tsecurity.protocol = PLAINTEXT\r\n\tsecurity.providers = null\r\n\tsend.buffer.bytes = 131072\r\n\tsocket.connection.setup.timeout.max.ms = 30000\r\n\tsocket.connection.setup.timeout.ms = 10000\r\n\tssl.cipher.suites = null\r\n\tssl.enabled.protocols = [TLSv1.2, TLSv1.3]\r\n\tssl.endpoint.identification.algorithm = https\r\n\tssl.engine.factory.class = null\r\n\tssl.key.password = null\r\n\tssl.keymanager.algorithm = SunX509\r\n\tssl.keystore.certificate.chain = null\r\n\tssl.keystore.key = null\r\n\tssl.keystore.location = null\r\n\tssl.keystore.password = null\r\n\tssl.keystore.type = JKS\r\n\tssl.protocol = TLSv1.3\r\n\tssl.provider = null\r\n\tssl.secure.random.implementation = null\r\n\tssl.trustmanager.algorithm = PKIX\r\n\tssl.truststore.certificates = null\r\n\tssl.truststore.location = null\r\n\tssl.truststore.password = null\r\n\tssl.truststore.type = JKS\r\n","logger":"org.apache.kafka.clients.admin.AdminClientConfig","thread":"main","level":"INFO","level_value":20000}
{"timestamp":"2026-02-09T20:26:58.5419164-03:00","@version":"1","message":"Kafka version: 3.7.2","logger":"org.apache.kafka.common.utils.AppInfoParser","thread":"main","level":"INFO","level_value":20000}
{"timestamp":"2026-02-09T20:26:58.5434228-03:00","@version":"1","message":"Kafka commitId: 79a8f2b5f44f9d5a","logger":"org.apache.kafka.common.utils.AppInfoParser","thread":"main","level":"INFO","level_value":20000}
{"timestamp":"2026-02-09T20:26:58.5434228-03:00","@version":"1","message":"Kafka startTimeMs: 1770679618541","logger":"org.apache.kafka.common.utils.AppInfoParser","thread":"main","level":"INFO","level_value":20000}
{"timestamp":"2026-02-09T20:26:58.5676896-03:00","@version":"1","message":"App info kafka.admin.client for billing-service-test-admin-1 unregistered","logger":"org.apache.kafka.common.utils.AppInfoParser","thread":"kafka-admin-client-thread | billing-service-test-admin-1","level":"INFO","level_value":20000}
{"timestamp":"2026-02-09T20:26:58.5757406-03:00","@version":"1","message":"Metrics scheduler closed","logger":"org.apache.kafka.common.metrics.Metrics","thread":"kafka-admin-client-thread | billing-service-test-admin-1","level":"INFO","level_value":20000}
{"timestamp":"2026-02-09T20:26:58.5757406-03:00","@version":"1","message":"Closing reporter org.apache.kafka.common.metrics.JmxReporter","logger":"org.apache.kafka.common.metrics.Metrics","thread":"kafka-admin-client-thread | billing-service-test-admin-1","level":"INFO","level_value":20000}
{"timestamp":"2026-02-09T20:26:58.5757406-03:00","@version":"1","message":"Metrics reporters closed","logger":"org.apache.kafka.common.metrics.Metrics","thread":"kafka-admin-client-thread | billing-service-test-admin-1","level":"INFO","level_value":20000}
{"timestamp":"2026-02-09T20:26:58.578749-03:00","@version":"1","message":"ConsumerConfig values: \r\n\tallow.auto.create.topics = true\r\n\tauto.commit.interval.ms = 5000\r\n\tauto.include.jmx.reporter = true\r\n\tauto.offset.reset = earliest\r\n\tbootstrap.servers = [127.0.0.1:9092]\r\n\tcheck.crcs = true\r\n\tclient.dns.lookup = use_all_dns_ips\r\n\tclient.id = consumer-billing-service-test-10\r\n\tclient.rack = \r\n\tconnections.max.idle.ms = 540000\r\n\tdefault.api.timeout.ms = 60000\r\n\tenable.auto.commit = false\r\n\tenable.metrics.push = true\r\n\texclude.internal.topics = true\r\n\tfetch.max.bytes = 52428800\r\n\tfetch.max.wait.ms = 500\r\n\tfetch.min.bytes = 1\r\n\tgroup.id = billing-service-test\r\n\tgroup.instance.id = null\r\n\tgroup.protocol = classic\r\n\tgroup.remote.assignor = null\r\n\theartbeat.interval.ms = 15000\r\n\tinterceptor.classes = []\r\n\tinternal.leave.group.on.close = true\r\n\tinternal.throw.on.fetch.stable.offset.unsupported = false\r\n\tisolation.level = read_uncommitted\r\n\tkey.deserializer = class org.apache.kafka.common.serialization.StringDeserializer\r\n\tmax.partition.fetch.bytes = 1048576\r\n\tmax.poll.interval.ms = 300000\r\n\tmax.poll.records = 100\r\n\tmetadata.max.age.ms = 300000\r\n\tmetric.reporters = []\r\n\tmetrics.num.samples = 2\r\n\tmetrics.recording.level = INFO\r\n\tmetrics.sample.window.ms = 30000\r\n\tpartition.assignment.strategy = [class org.apache.kafka.clients.consumer.RangeAssignor, class org.apache.kafka.clients.consumer.CooperativeStickyAssignor]\r\n\treceive.buffer.bytes = 65536\r\n\treconnect.backoff.max.ms = 1000\r\n\treconnect.backoff.ms = 50\r\n\trequest.timeout.ms = 30000\r\n\tretry.backoff.max.ms = 1000\r\n\tretry.backoff.ms = 100\r\n\tsasl.client.callback.handler.class = null\r\n\tsasl.jaas.config = null\r\n\tsasl.kerberos.kinit.cmd = /usr/bin/kinit\r\n\tsasl.kerberos.min.time.before.relogin = 60000\r\n\tsasl.kerberos.service.name = null\r\n\tsasl.kerberos.ticket.renew.jitter = 0.05\r\n\tsasl.kerberos.ticket.renew.window.factor = 0.8\r\n\tsasl.login.callback.handler.class = null\r\n\tsasl.login.class = null\r\n\tsasl.login.connect.timeout.ms = null\r\n\tsasl.login.read.timeout.ms = null\r\n\tsasl.login.refresh.buffer.seconds = 300\r\n\tsasl.login.refresh.min.period.seconds = 60\r\n\tsasl.login.refresh.window.factor = 0.8\r\n\tsasl.login.refresh.window.jitter = 0.05\r\n\tsasl.login.retry.backoff.max.ms = 10000\r\n\tsasl.login.retry.backoff.ms = 100\r\n\tsasl.mechanism = GSSAPI\r\n\tsasl.oauthbearer.clock.skew.seconds = 30\r\n\tsasl.oauthbearer.expected.audience = null\r\n\tsasl.oauthbearer.expected.issuer = null\r\n\tsasl.oauthbearer.jwks.endpoint.refresh.ms = 3600000\r\n\tsasl.oauthbearer.jwks.endpoint.retry.backoff.max.ms = 10000\r\n\tsasl.oauthbearer.jwks.endpoint.retry.backoff.ms = 100\r\n\tsasl.oauthbearer.jwks.endpoint.url = null\r\n\tsasl.oauthbearer.scope.claim.name = scope\r\n\tsasl.oauthbearer.sub.claim.name = sub\r\n\tsasl.oauthbearer.token.endpoint.url = null\r\n\tsecurity.protocol = PLAINTEXT\r\n\tsecurity.providers = null\r\n\tsend.buffer.bytes = 131072\r\n\tsession.timeout.ms = 45000\r\n\tsocket.connection.setup.timeout.max.ms = 30000\r\n\tsocket.connection.setup.timeout.ms = 10000\r\n\tssl.cipher.suites = null\r\n\tssl.enabled.protocols = [TLSv1.2, TLSv1.3]\r\n\tssl.endpoint.identification.algorithm = https\r\n\tssl.engine.factory.class = null\r\n\tssl.key.password = null\r\n\tssl.keymanager.algorithm = SunX509\r\n\tssl.keystore.certificate.chain = null\r\n\tssl.keystore.key = null\r\n\tssl.keystore.location = null\r\n\tssl.keystore.password = null\r\n\tssl.keystore.type = JKS\r\n\tssl.protocol = TLSv1.3\r\n\tssl.provider = null\r\n\tssl.secure.random.implementation = null\r\n\tssl.trustmanager.algorithm = PKIX\r\n\tssl.truststore.certificates = null\r\n\tssl.truststore.location = null\r\n\tssl.truststore.password = null\r\n\tssl.truststore.type = JKS\r\n\tvalue.deserializer = class org.springframework.kafka.support.serializer.JsonDeserializer\r\n","logger":"org.apache.kafka.clients.consumer.ConsumerConfig","thread":"main","level":"INFO","level_value":20000}
{"timestamp":"2026-02-09T20:26:58.5807515-03:00","@version":"1","message":"initializing Kafka metrics collector","logger":"org.apache.kafka.common.telemetry.internals.KafkaMetricsCollector","thread":"main","level":"INFO","level_value":20000}
{"timestamp":"2026-02-09T20:26:58.6022006-03:00","@version":"1","message":"Kafka version: 3.7.2","logger":"org.apache.kafka.common.utils.AppInfoParser","thread":"main","level":"INFO","level_value":20000}
{"timestamp":"2026-02-09T20:26:58.6022006-03:00","@version":"1","message":"Kafka commitId: 79a8f2b5f44f9d5a","logger":"org.apache.kafka.common.utils.AppInfoParser","thread":"main","level":"INFO","level_value":20000}
{"timestamp":"2026-02-09T20:26:58.6022006-03:00","@version":"1","message":"Kafka startTimeMs: 1770679618602","logger":"org.apache.kafka.common.utils.AppInfoParser","thread":"main","level":"INFO","level_value":20000}
{"timestamp":"2026-02-09T20:26:58.6022006-03:00","@version":"1","message":"[Consumer clientId=consumer-billing-service-test-10, groupId=billing-service-test] Subscribed to topic(s): os-events","logger":"org.apache.kafka.clients.consumer.internals.LegacyKafkaConsumer","thread":"main","level":"INFO","level_value":20000}
{"timestamp":"2026-02-09T20:26:58.6060982-03:00","@version":"1","message":"ConsumerConfig values: \r\n\tallow.auto.create.topics = true\r\n\tauto.commit.interval.ms = 5000\r\n\tauto.include.jmx.reporter = true\r\n\tauto.offset.reset = earliest\r\n\tbootstrap.servers = [127.0.0.1:9092]\r\n\tcheck.crcs = true\r\n\tclient.dns.lookup = use_all_dns_ips\r\n\tclient.id = consumer-billing-service-test-11\r\n\tclient.rack = \r\n\tconnections.max.idle.ms = 540000\r\n\tdefault.api.timeout.ms = 60000\r\n\tenable.auto.commit = false\r\n\tenable.metrics.push = true\r\n\texclude.internal.topics = true\r\n\tfetch.max.bytes = 52428800\r\n\tfetch.max.wait.ms = 500\r\n\tfetch.min.bytes = 1\r\n\tgroup.id = billing-service-test\r\n\tgroup.instance.id = null\r\n\tgroup.protocol = classic\r\n\tgroup.remote.assignor = null\r\n\theartbeat.interval.ms = 15000\r\n\tinterceptor.classes = []\r\n\tinternal.leave.group.on.close = true\r\n\tinternal.throw.on.fetch.stable.offset.unsupported = false\r\n\tisolation.level = read_uncommitted\r\n\tkey.deserializer = class org.apache.kafka.common.serialization.StringDeserializer\r\n\tmax.partition.fetch.bytes = 1048576\r\n\tmax.poll.interval.ms = 300000\r\n\tmax.poll.records = 100\r\n\tmetadata.max.age.ms = 300000\r\n\tmetric.reporters = []\r\n\tmetrics.num.samples = 2\r\n\tmetrics.recording.level = INFO\r\n\tmetrics.sample.window.ms = 30000\r\n\tpartition.assignment.strategy = [class org.apache.kafka.clients.consumer.RangeAssignor, class org.apache.kafka.clients.consumer.CooperativeStickyAssignor]\r\n\treceive.buffer.bytes = 65536\r\n\treconnect.backoff.max.ms = 1000\r\n\treconnect.backoff.ms = 50\r\n\trequest.timeout.ms = 30000\r\n\tretry.backoff.max.ms = 1000\r\n\tretry.backoff.ms = 100\r\n\tsasl.client.callback.handler.class = null\r\n\tsasl.jaas.config = null\r\n\tsasl.kerberos.kinit.cmd = /usr/bin/kinit\r\n\tsasl.kerberos.min.time.before.relogin = 60000\r\n\tsasl.kerberos.service.name = null\r\n\tsasl.kerberos.ticket.renew.jitter = 0.05\r\n\tsasl.kerberos.ticket.renew.window.factor = 0.8\r\n\tsasl.login.callback.handler.class = null\r\n\tsasl.login.class = null\r\n\tsasl.login.connect.timeout.ms = null\r\n\tsasl.login.read.timeout.ms = null\r\n\tsasl.login.refresh.buffer.seconds = 300\r\n\tsasl.login.refresh.min.period.seconds = 60\r\n\tsasl.login.refresh.window.factor = 0.8\r\n\tsasl.login.refresh.window.jitter = 0.05\r\n\tsasl.login.retry.backoff.max.ms = 10000\r\n\tsasl.login.retry.backoff.ms = 100\r\n\tsasl.mechanism = GSSAPI\r\n\tsasl.oauthbearer.clock.skew.seconds = 30\r\n\tsasl.oauthbearer.expected.audience = null\r\n\tsasl.oauthbearer.expected.issuer = null\r\n\tsasl.oauthbearer.jwks.endpoint.refresh.ms = 3600000\r\n\tsasl.oauthbearer.jwks.endpoint.retry.backoff.max.ms = 10000\r\n\tsasl.oauthbearer.jwks.endpoint.retry.backoff.ms = 100\r\n\tsasl.oauthbearer.jwks.endpoint.url = null\r\n\tsasl.oauthbearer.scope.claim.name = scope\r\n\tsasl.oauthbearer.sub.claim.name = sub\r\n\tsasl.oauthbearer.token.endpoint.url = null\r\n\tsecurity.protocol = PLAINTEXT\r\n\tsecurity.providers = null\r\n\tsend.buffer.bytes = 131072\r\n\tsession.timeout.ms = 45000\r\n\tsocket.connection.setup.timeout.max.ms = 30000\r\n\tsocket.connection.setup.timeout.ms = 10000\r\n\tssl.cipher.suites = null\r\n\tssl.enabled.protocols = [TLSv1.2, TLSv1.3]\r\n\tssl.endpoint.identification.algorithm = https\r\n\tssl.engine.factory.class = null\r\n\tssl.key.password = null\r\n\tssl.keymanager.algorithm = SunX509\r\n\tssl.keystore.certificate.chain = null\r\n\tssl.keystore.key = null\r\n\tssl.keystore.location = null\r\n\tssl.keystore.password = null\r\n\tssl.keystore.type = JKS\r\n\tssl.protocol = TLSv1.3\r\n\tssl.provider = null\r\n\tssl.secure.random.implementation = null\r\n\tssl.trustmanager.algorithm = PKIX\r\n\tssl.truststore.certificates = null\r\n\tssl.truststore.location = null\r\n\tssl.truststore.password = null\r\n\tssl.truststore.type = JKS\r\n\tvalue.deserializer = class org.springframework.kafka.support.serializer.JsonDeserializer\r\n","logger":"org.apache.kafka.clients.consumer.ConsumerConfig","thread":"main","level":"INFO","level_value":20000}
{"timestamp":"2026-02-09T20:26:58.6086284-03:00","@version":"1","message":"initializing Kafka metrics collector","logger":"org.apache.kafka.common.telemetry.internals.KafkaMetricsCollector","thread":"main","level":"INFO","level_value":20000}
{"timestamp":"2026-02-09T20:26:58.6166773-03:00","@version":"1","message":"[Consumer clientId=consumer-billing-service-test-10, groupId=billing-service-test] Cluster ID: b3pQjD8KRTiBBLcwTIYr3w","logger":"org.apache.kafka.clients.Metadata","thread":"org.springframework.kafka.KafkaListenerEndpointContainer#0-0-C-1","level":"INFO","level_value":20000}
{"timestamp":"2026-02-09T20:26:58.6176782-03:00","@version":"1","message":"[Consumer clientId=consumer-billing-service-test-10, groupId=billing-service-test] Discovered group coordinator localhost:9092 (id: 2147483647 rack: null)","logger":"org.apache.kafka.clients.consumer.internals.ConsumerCoordinator","thread":"org.springframework.kafka.KafkaListenerEndpointContainer#0-0-C-1","level":"INFO","level_value":20000}
{"timestamp":"2026-02-09T20:26:58.6196999-03:00","@version":"1","message":"[Consumer clientId=consumer-billing-service-test-10, groupId=billing-service-test] (Re-)joining group","logger":"org.apache.kafka.clients.consumer.internals.ConsumerCoordinator","thread":"org.springframework.kafka.KafkaListenerEndpointContainer#0-0-C-1","level":"INFO","level_value":20000}
{"timestamp":"2026-02-09T20:26:58.6289628-03:00","@version":"1","message":"[GroupCoordinator 0]: Dynamic member with unknown member id joins group billing-service-test in Stable state. Created a new member id consumer-billing-service-test-10-3dc64b19-130e-4aa9-b872-dc456da7b710 and request the member to rejoin with this id.","logger":"kafka.coordinator.group.GroupCoordinator","thread":"data-plane-kafka-request-handler-2","level":"INFO","level_value":20000}
{"timestamp":"2026-02-09T20:26:58.6311583-03:00","@version":"1","message":"[Consumer clientId=consumer-billing-service-test-10, groupId=billing-service-test] Request joining group due to: need to re-join with the given member-id: consumer-billing-service-test-10-3dc64b19-130e-4aa9-b872-dc456da7b710","logger":"org.apache.kafka.clients.consumer.internals.ConsumerCoordinator","thread":"org.springframework.kafka.KafkaListenerEndpointContainer#0-0-C-1","level":"INFO","level_value":20000}
{"timestamp":"2026-02-09T20:26:58.6321717-03:00","@version":"1","message":"[Consumer clientId=consumer-billing-service-test-10, groupId=billing-service-test] (Re-)joining group","logger":"org.apache.kafka.clients.consumer.internals.ConsumerCoordinator","thread":"org.springframework.kafka.KafkaListenerEndpointContainer#0-0-C-1","level":"INFO","level_value":20000}
{"timestamp":"2026-02-09T20:26:58.6352324-03:00","@version":"1","message":"[GroupCoordinator 0]: Preparing to rebalance group billing-service-test in state PreparingRebalance with old generation 2 (__consumer_offsets-3) (reason: Adding new member consumer-billing-service-test-10-3dc64b19-130e-4aa9-b872-dc456da7b710 with group instance id None; client reason: need to re-join with the given member-id: consumer-billing-service-test-10-3dc64b19-130e-4aa9-b872-dc456da7b710)","logger":"kafka.coordinator.group.GroupCoordinator","thread":"data-plane-kafka-request-handler-4","level":"INFO","level_value":20000}
{"timestamp":"2026-02-09T20:26:58.6372406-03:00","@version":"1","message":"Kafka version: 3.7.2","logger":"org.apache.kafka.common.utils.AppInfoParser","thread":"main","level":"INFO","level_value":20000}
{"timestamp":"2026-02-09T20:26:58.6372406-03:00","@version":"1","message":"Kafka commitId: 79a8f2b5f44f9d5a","logger":"org.apache.kafka.common.utils.AppInfoParser","thread":"main","level":"INFO","level_value":20000}
{"timestamp":"2026-02-09T20:26:58.6382453-03:00","@version":"1","message":"Kafka startTimeMs: 1770679618637","logger":"org.apache.kafka.common.utils.AppInfoParser","thread":"main","level":"INFO","level_value":20000}
{"timestamp":"2026-02-09T20:26:58.6382453-03:00","@version":"1","message":"[Consumer clientId=consumer-billing-service-test-11, groupId=billing-service-test] Subscribed to topic(s): os-events","logger":"org.apache.kafka.clients.consumer.internals.LegacyKafkaConsumer","thread":"main","level":"INFO","level_value":20000}
{"timestamp":"2026-02-09T20:26:58.6417658-03:00","@version":"1","message":"ConsumerConfig values: \r\n\tallow.auto.create.topics = true\r\n\tauto.commit.interval.ms = 5000\r\n\tauto.include.jmx.reporter = true\r\n\tauto.offset.reset = earliest\r\n\tbootstrap.servers = [127.0.0.1:9092]\r\n\tcheck.crcs = true\r\n\tclient.dns.lookup = use_all_dns_ips\r\n\tclient.id = consumer-billing-service-test-12\r\n\tclient.rack = \r\n\tconnections.max.idle.ms = 540000\r\n\tdefault.api.timeout.ms = 60000\r\n\tenable.auto.commit = false\r\n\tenable.metrics.push = true\r\n\texclude.internal.topics = true\r\n\tfetch.max.bytes = 52428800\r\n\tfetch.max.wait.ms = 500\r\n\tfetch.min.bytes = 1\r\n\tgroup.id = billing-service-test\r\n\tgroup.instance.id = null\r\n\tgroup.protocol = classic\r\n\tgroup.remote.assignor = null\r\n\theartbeat.interval.ms = 15000\r\n\tinterceptor.classes = []\r\n\tinternal.leave.group.on.close = true\r\n\tinternal.throw.on.fetch.stable.offset.unsupported = false\r\n\tisolation.level = read_uncommitted\r\n\tkey.deserializer = class org.apache.kafka.common.serialization.StringDeserializer\r\n\tmax.partition.fetch.bytes = 1048576\r\n\tmax.poll.interval.ms = 300000\r\n\tmax.poll.records = 100\r\n\tmetadata.max.age.ms = 300000\r\n\tmetric.reporters = []\r\n\tmetrics.num.samples = 2\r\n\tmetrics.recording.level = INFO\r\n\tmetrics.sample.window.ms = 30000\r\n\tpartition.assignment.strategy = [class org.apache.kafka.clients.consumer.RangeAssignor, class org.apache.kafka.clients.consumer.CooperativeStickyAssignor]\r\n\treceive.buffer.bytes = 65536\r\n\treconnect.backoff.max.ms = 1000\r\n\treconnect.backoff.ms = 50\r\n\trequest.timeout.ms = 30000\r\n\tretry.backoff.max.ms = 1000\r\n\tretry.backoff.ms = 100\r\n\tsasl.client.callback.handler.class = null\r\n\tsasl.jaas.config = null\r\n\tsasl.kerberos.kinit.cmd = /usr/bin/kinit\r\n\tsasl.kerberos.min.time.before.relogin = 60000\r\n\tsasl.kerberos.service.name = null\r\n\tsasl.kerberos.ticket.renew.jitter = 0.05\r\n\tsasl.kerberos.ticket.renew.window.factor = 0.8\r\n\tsasl.login.callback.handler.class = null\r\n\tsasl.login.class = null\r\n\tsasl.login.connect.timeout.ms = null\r\n\tsasl.login.read.timeout.ms = null\r\n\tsasl.login.refresh.buffer.seconds = 300\r\n\tsasl.login.refresh.min.period.seconds = 60\r\n\tsasl.login.refresh.window.factor = 0.8\r\n\tsasl.login.refresh.window.jitter = 0.05\r\n\tsasl.login.retry.backoff.max.ms = 10000\r\n\tsasl.login.retry.backoff.ms = 100\r\n\tsasl.mechanism = GSSAPI\r\n\tsasl.oauthbearer.clock.skew.seconds = 30\r\n\tsasl.oauthbearer.expected.audience = null\r\n\tsasl.oauthbearer.expected.issuer = null\r\n\tsasl.oauthbearer.jwks.endpoint.refresh.ms = 3600000\r\n\tsasl.oauthbearer.jwks.endpoint.retry.backoff.max.ms = 10000\r\n\tsasl.oauthbearer.jwks.endpoint.retry.backoff.ms = 100\r\n\tsasl.oauthbearer.jwks.endpoint.url = null\r\n\tsasl.oauthbearer.scope.claim.name = scope\r\n\tsasl.oauthbearer.sub.claim.name = sub\r\n\tsasl.oauthbearer.token.endpoint.url = null\r\n\tsecurity.protocol = PLAINTEXT\r\n\tsecurity.providers = null\r\n\tsend.buffer.bytes = 131072\r\n\tsession.timeout.ms = 45000\r\n\tsocket.connection.setup.timeout.max.ms = 30000\r\n\tsocket.connection.setup.timeout.ms = 10000\r\n\tssl.cipher.suites = null\r\n\tssl.enabled.protocols = [TLSv1.2, TLSv1.3]\r\n\tssl.endpoint.identification.algorithm = https\r\n\tssl.engine.factory.class = null\r\n\tssl.key.password = null\r\n\tssl.keymanager.algorithm = SunX509\r\n\tssl.keystore.certificate.chain = null\r\n\tssl.keystore.key = null\r\n\tssl.keystore.location = null\r\n\tssl.keystore.password = null\r\n\tssl.keystore.type = JKS\r\n\tssl.protocol = TLSv1.3\r\n\tssl.provider = null\r\n\tssl.secure.random.implementation = null\r\n\tssl.trustmanager.algorithm = PKIX\r\n\tssl.truststore.certificates = null\r\n\tssl.truststore.location = null\r\n\tssl.truststore.password = null\r\n\tssl.truststore.type = JKS\r\n\tvalue.deserializer = class org.springframework.kafka.support.serializer.JsonDeserializer\r\n","logger":"org.apache.kafka.clients.consumer.ConsumerConfig","thread":"main","level":"INFO","level_value":20000}
{"timestamp":"2026-02-09T20:26:58.6442884-03:00","@version":"1","message":"initializing Kafka metrics collector","logger":"org.apache.kafka.common.telemetry.internals.KafkaMetricsCollector","thread":"main","level":"INFO","level_value":20000}
{"timestamp":"2026-02-09T20:26:58.6523908-03:00","@version":"1","message":"[Consumer clientId=consumer-billing-service-test-11, groupId=billing-service-test] Cluster ID: b3pQjD8KRTiBBLcwTIYr3w","logger":"org.apache.kafka.clients.Metadata","thread":"org.springframework.kafka.KafkaListenerEndpointContainer#0-1-C-1","level":"INFO","level_value":20000}
{"timestamp":"2026-02-09T20:26:58.6538984-03:00","@version":"1","message":"[Consumer clientId=consumer-billing-service-test-11, groupId=billing-service-test] Discovered group coordinator localhost:9092 (id: 2147483647 rack: null)","logger":"org.apache.kafka.clients.consumer.internals.ConsumerCoordinator","thread":"org.springframework.kafka.KafkaListenerEndpointContainer#0-1-C-1","level":"INFO","level_value":20000}
{"timestamp":"2026-02-09T20:26:58.6544062-03:00","@version":"1","message":"[Consumer clientId=consumer-billing-service-test-11, groupId=billing-service-test] (Re-)joining group","logger":"org.apache.kafka.clients.consumer.internals.ConsumerCoordinator","thread":"org.springframework.kafka.KafkaListenerEndpointContainer#0-1-C-1","level":"INFO","level_value":20000}
{"timestamp":"2026-02-09T20:26:58.6662447-03:00","@version":"1","message":"[GroupCoordinator 0]: Dynamic member with unknown member id joins group billing-service-test in PreparingRebalance state. Created a new member id consumer-billing-service-test-11-ab65f270-c05a-4bc5-b6a5-bd0a1fd96c7c and request the member to rejoin with this id.","logger":"kafka.coordinator.group.GroupCoordinator","thread":"data-plane-kafka-request-handler-1","level":"INFO","level_value":20000}
{"timestamp":"2026-02-09T20:26:58.6669989-03:00","@version":"1","message":"[Consumer clientId=consumer-billing-service-test-11, groupId=billing-service-test] Request joining group due to: need to re-join with the given member-id: consumer-billing-service-test-11-ab65f270-c05a-4bc5-b6a5-bd0a1fd96c7c","logger":"org.apache.kafka.clients.consumer.internals.ConsumerCoordinator","thread":"org.springframework.kafka.KafkaListenerEndpointContainer#0-1-C-1","level":"INFO","level_value":20000}
{"timestamp":"2026-02-09T20:26:58.6669989-03:00","@version":"1","message":"[Consumer clientId=consumer-billing-service-test-11, groupId=billing-service-test] (Re-)joining group","logger":"org.apache.kafka.clients.consumer.internals.ConsumerCoordinator","thread":"org.springframework.kafka.KafkaListenerEndpointContainer#0-1-C-1","level":"INFO","level_value":20000}
{"timestamp":"2026-02-09T20:26:58.6705172-03:00","@version":"1","message":"Kafka version: 3.7.2","logger":"org.apache.kafka.common.utils.AppInfoParser","thread":"main","level":"INFO","level_value":20000}
{"timestamp":"2026-02-09T20:26:58.6705172-03:00","@version":"1","message":"Kafka commitId: 79a8f2b5f44f9d5a","logger":"org.apache.kafka.common.utils.AppInfoParser","thread":"main","level":"INFO","level_value":20000}
{"timestamp":"2026-02-09T20:26:58.6705172-03:00","@version":"1","message":"Kafka startTimeMs: 1770679618670","logger":"org.apache.kafka.common.utils.AppInfoParser","thread":"main","level":"INFO","level_value":20000}
{"timestamp":"2026-02-09T20:26:58.6715183-03:00","@version":"1","message":"[Consumer clientId=consumer-billing-service-test-12, groupId=billing-service-test] Subscribed to topic(s): os-events","logger":"org.apache.kafka.clients.consumer.internals.LegacyKafkaConsumer","thread":"main","level":"INFO","level_value":20000}
{"timestamp":"2026-02-09T20:26:58.6753659-03:00","@version":"1","message":"ConsumerConfig values: \r\n\tallow.auto.create.topics = true\r\n\tauto.commit.interval.ms = 5000\r\n\tauto.include.jmx.reporter = true\r\n\tauto.offset.reset = earliest\r\n\tbootstrap.servers = [127.0.0.1:9092]\r\n\tcheck.crcs = true\r\n\tclient.dns.lookup = use_all_dns_ips\r\n\tclient.id = consumer-billing-service-test-13\r\n\tclient.rack = \r\n\tconnections.max.idle.ms = 540000\r\n\tdefault.api.timeout.ms = 60000\r\n\tenable.auto.commit = false\r\n\tenable.metrics.push = true\r\n\texclude.internal.topics = true\r\n\tfetch.max.bytes = 52428800\r\n\tfetch.max.wait.ms = 500\r\n\tfetch.min.bytes = 1\r\n\tgroup.id = billing-service-test\r\n\tgroup.instance.id = null\r\n\tgroup.protocol = classic\r\n\tgroup.remote.assignor = null\r\n\theartbeat.interval.ms = 15000\r\n\tinterceptor.classes = []\r\n\tinternal.leave.group.on.close = true\r\n\tinternal.throw.on.fetch.stable.offset.unsupported = false\r\n\tisolation.level = read_uncommitted\r\n\tkey.deserializer = class org.apache.kafka.common.serialization.StringDeserializer\r\n\tmax.partition.fetch.bytes = 1048576\r\n\tmax.poll.interval.ms = 300000\r\n\tmax.poll.records = 100\r\n\tmetadata.max.age.ms = 300000\r\n\tmetric.reporters = []\r\n\tmetrics.num.samples = 2\r\n\tmetrics.recording.level = INFO\r\n\tmetrics.sample.window.ms = 30000\r\n\tpartition.assignment.strategy = [class org.apache.kafka.clients.consumer.RangeAssignor, class org.apache.kafka.clients.consumer.CooperativeStickyAssignor]\r\n\treceive.buffer.bytes = 65536\r\n\treconnect.backoff.max.ms = 1000\r\n\treconnect.backoff.ms = 50\r\n\trequest.timeout.ms = 30000\r\n\tretry.backoff.max.ms = 1000\r\n\tretry.backoff.ms = 100\r\n\tsasl.client.callback.handler.class = null\r\n\tsasl.jaas.config = null\r\n\tsasl.kerberos.kinit.cmd = /usr/bin/kinit\r\n\tsasl.kerberos.min.time.before.relogin = 60000\r\n\tsasl.kerberos.service.name = null\r\n\tsasl.kerberos.ticket.renew.jitter = 0.05\r\n\tsasl.kerberos.ticket.renew.window.factor = 0.8\r\n\tsasl.login.callback.handler.class = null\r\n\tsasl.login.class = null\r\n\tsasl.login.connect.timeout.ms = null\r\n\tsasl.login.read.timeout.ms = null\r\n\tsasl.login.refresh.buffer.seconds = 300\r\n\tsasl.login.refresh.min.period.seconds = 60\r\n\tsasl.login.refresh.window.factor = 0.8\r\n\tsasl.login.refresh.window.jitter = 0.05\r\n\tsasl.login.retry.backoff.max.ms = 10000\r\n\tsasl.login.retry.backoff.ms = 100\r\n\tsasl.mechanism = GSSAPI\r\n\tsasl.oauthbearer.clock.skew.seconds = 30\r\n\tsasl.oauthbearer.expected.audience = null\r\n\tsasl.oauthbearer.expected.issuer = null\r\n\tsasl.oauthbearer.jwks.endpoint.refresh.ms = 3600000\r\n\tsasl.oauthbearer.jwks.endpoint.retry.backoff.max.ms = 10000\r\n\tsasl.oauthbearer.jwks.endpoint.retry.backoff.ms = 100\r\n\tsasl.oauthbearer.jwks.endpoint.url = null\r\n\tsasl.oauthbearer.scope.claim.name = scope\r\n\tsasl.oauthbearer.sub.claim.name = sub\r\n\tsasl.oauthbearer.token.endpoint.url = null\r\n\tsecurity.protocol = PLAINTEXT\r\n\tsecurity.providers = null\r\n\tsend.buffer.bytes = 131072\r\n\tsession.timeout.ms = 45000\r\n\tsocket.connection.setup.timeout.max.ms = 30000\r\n\tsocket.connection.setup.timeout.ms = 10000\r\n\tssl.cipher.suites = null\r\n\tssl.enabled.protocols = [TLSv1.2, TLSv1.3]\r\n\tssl.endpoint.identification.algorithm = https\r\n\tssl.engine.factory.class = null\r\n\tssl.key.password = null\r\n\tssl.keymanager.algorithm = SunX509\r\n\tssl.keystore.certificate.chain = null\r\n\tssl.keystore.key = null\r\n\tssl.keystore.location = null\r\n\tssl.keystore.password = null\r\n\tssl.keystore.type = JKS\r\n\tssl.protocol = TLSv1.3\r\n\tssl.provider = null\r\n\tssl.secure.random.implementation = null\r\n\tssl.trustmanager.algorithm = PKIX\r\n\tssl.truststore.certificates = null\r\n\tssl.truststore.location = null\r\n\tssl.truststore.password = null\r\n\tssl.truststore.type = JKS\r\n\tvalue.deserializer = class org.springframework.kafka.support.serializer.JsonDeserializer\r\n","logger":"org.apache.kafka.clients.consumer.ConsumerConfig","thread":"main","level":"INFO","level_value":20000}
{"timestamp":"2026-02-09T20:26:58.6773768-03:00","@version":"1","message":"initializing Kafka metrics collector","logger":"org.apache.kafka.common.telemetry.internals.KafkaMetricsCollector","thread":"main","level":"INFO","level_value":20000}
{"timestamp":"2026-02-09T20:26:58.683889-03:00","@version":"1","message":"[Consumer clientId=consumer-billing-service-test-12, groupId=billing-service-test] Cluster ID: b3pQjD8KRTiBBLcwTIYr3w","logger":"org.apache.kafka.clients.Metadata","thread":"org.springframework.kafka.KafkaListenerEndpointContainer#0-2-C-1","level":"INFO","level_value":20000}
{"timestamp":"2026-02-09T20:26:58.6860968-03:00","@version":"1","message":"[Consumer clientId=consumer-billing-service-test-12, groupId=billing-service-test] Discovered group coordinator localhost:9092 (id: 2147483647 rack: null)","logger":"org.apache.kafka.clients.consumer.internals.ConsumerCoordinator","thread":"org.springframework.kafka.KafkaListenerEndpointContainer#0-2-C-1","level":"INFO","level_value":20000}
{"timestamp":"2026-02-09T20:26:58.6869474-03:00","@version":"1","message":"[Consumer clientId=consumer-billing-service-test-12, groupId=billing-service-test] (Re-)joining group","logger":"org.apache.kafka.clients.consumer.internals.ConsumerCoordinator","thread":"org.springframework.kafka.KafkaListenerEndpointContainer#0-2-C-1","level":"INFO","level_value":20000}
{"timestamp":"2026-02-09T20:26:58.696989-03:00","@version":"1","message":"[GroupCoordinator 0]: Dynamic member with unknown member id joins group billing-service-test in PreparingRebalance state. Created a new member id consumer-billing-service-test-12-e9b7e427-bcf1-461f-b724-b61c60936d6d and request the member to rejoin with this id.","logger":"kafka.coordinator.group.GroupCoordinator","thread":"data-plane-kafka-request-handler-7","level":"INFO","level_value":20000}
{"timestamp":"2026-02-09T20:26:58.6979895-03:00","@version":"1","message":"[Consumer clientId=consumer-billing-service-test-12, groupId=billing-service-test] Request joining group due to: need to re-join with the given member-id: consumer-billing-service-test-12-e9b7e427-bcf1-461f-b724-b61c60936d6d","logger":"org.apache.kafka.clients.consumer.internals.ConsumerCoordinator","thread":"org.springframework.kafka.KafkaListenerEndpointContainer#0-2-C-1","level":"INFO","level_value":20000}
{"timestamp":"2026-02-09T20:26:58.6989907-03:00","@version":"1","message":"[Consumer clientId=consumer-billing-service-test-12, groupId=billing-service-test] (Re-)joining group","logger":"org.apache.kafka.clients.consumer.internals.ConsumerCoordinator","thread":"org.springframework.kafka.KafkaListenerEndpointContainer#0-2-C-1","level":"INFO","level_value":20000}
{"timestamp":"2026-02-09T20:26:58.7019892-03:00","@version":"1","message":"Kafka version: 3.7.2","logger":"org.apache.kafka.common.utils.AppInfoParser","thread":"main","level":"INFO","level_value":20000}
{"timestamp":"2026-02-09T20:26:58.7019892-03:00","@version":"1","message":"Kafka commitId: 79a8f2b5f44f9d5a","logger":"org.apache.kafka.common.utils.AppInfoParser","thread":"main","level":"INFO","level_value":20000}
{"timestamp":"2026-02-09T20:26:58.7019892-03:00","@version":"1","message":"Kafka startTimeMs: 1770679618701","logger":"org.apache.kafka.common.utils.AppInfoParser","thread":"main","level":"INFO","level_value":20000}
{"timestamp":"2026-02-09T20:26:58.7045102-03:00","@version":"1","message":"[Consumer clientId=consumer-billing-service-test-13, groupId=billing-service-test] Subscribed to topic(s): execution-events","logger":"org.apache.kafka.clients.consumer.internals.LegacyKafkaConsumer","thread":"main","level":"INFO","level_value":20000}
[...]
  </testcase>
  <testcase name="Validação - Orçamento Rejeitado pelo Cliente" classname="Saga Pattern - Orçamento e Pagamento" time="0.232">
    <system-out><![CDATA[{"timestamp":"2026-02-09T20:27:00.517276-03:00","@version":"1","message":"Executing test case Validação - Orçamento Rejeitado pelo Cliente","logger":"io.cucumber.junit.platform.engine.CucumberEngineExecutionContext","thread":"main","level":"DEBUG","level_value":10000}
{"timestamp":"2026-02-09T20:27:00.5192761-03:00","@version":"1","message":"Could not detect default configuration classes for test class [br.com.grupo99.billingservice.bdd.SagaOrcamentoSteps]: SagaOrcamentoSteps does not declare any static, non-private, non-final, nested classes annotated with @Configuration.","logger":"org.springframework.test.context.support.AnnotationConfigContextLoaderUtils","thread":"main","level":"INFO","level_value":20000}
{"timestamp":"2026-02-09T20:27:00.5222725-03:00","@version":"1","message":"Found @SpringBootConfiguration br.com.grupo99.billingservice.BillingServiceApplication for test class br.com.grupo99.billingservice.bdd.SagaOrcamentoSteps","logger":"org.springframework.boot.test.context.SpringBootTestContextBootstrapper","thread":"main","level":"INFO","level_value":20000}

Cenário: Validação - Orçamento Rejeitado pelo Cliente &amp#27;[90m# features/saga_orcamento.feature:72&amp#27;[0m
{"timestamp":"2026-02-09T20:27:00.5519164-03:00","@version":"1","message":"Remove using query: {} in collection: orcamentos.","logger":"org.springframework.data.mongodb.core.MongoTemplate","thread":"main","level":"DEBUG","level_value":10000}
  &amp#27;[32mDado &amp#27;[0m&amp#27;[32mque o Billing Service está disponível&amp#27;[0m          &amp#27;[90m# br.com.grupo99.billingservice.bdd.SagaOrcamentoSteps.queBillingServiceEstaDisponivel()&amp#27;[0m
  &amp#27;[32mE &amp#27;[0m&amp#27;[32ma fila &amp#27;[0m&amp#27;[32m&amp#27;[1m"billing-events-queue"&amp#27;[0m&amp#27;[32m está configurada&amp#27;[0m    &amp#27;[90m# br.com.grupo99.billingservice.bdd.SagaOrcamentoSteps.aFilaEstaConfigurada(java.lang.String)&amp#27;[0m
{"timestamp":"2026-02-09T20:27:00.6870451-03:00","@version":"1","message":"Salvando orcamento: 2d4da6a0-4961-4007-8fbd-a09815ae2d63","logger":"br.com.grupo99.billingservice.infrastructure.persistence.adapter.OrcamentoRepositoryAdapter","thread":"main","level":"DEBUG","level_value":10000}
{"timestamp":"2026-02-09T20:27:00.697091-03:00","@version":"1","message":"Saving Document containing fields: [_id, osId, status, itens, valorTotal, historico, updatedAt, _class]","logger":"org.springframework.data.mongodb.core.MongoTemplate","thread":"main","level":"DEBUG","level_value":10000}
  &amp#27;[32mDado &amp#27;[0m&amp#27;[32mque existe um orçamento com status &amp#27;[0m&amp#27;[32m&amp#27;[1m"PENDENTE"&amp#27;[0m  &amp#27;[90m# br.com.grupo99.billingservice.bdd.SagaOrcamentoSteps.queExisteUmOrcamentoComStatus(java.lang.String)&amp#27;[0m
{"timestamp":"2026-02-09T20:27:00.7262276-03:00","@version":"1","message":"Buscando orcamento por id: 2d4da6a0-4961-4007-8fbd-a09815ae2d63","logger":"br.com.grupo99.billingservice.infrastructure.persistence.adapter.OrcamentoRepositoryAdapter","thread":"main","level":"DEBUG","level_value":10000}
{"timestamp":"2026-02-09T20:27:00.730231-03:00","@version":"1","message":"findOne using query: { \"id\" : \"2d4da6a0-4961-4007-8fbd-a09815ae2d63\"} fields: Document{{}} for class: class br.com.grupo99.billingservice.infrastructure.persistence.entity.OrcamentoEntity in collection: orcamentos","logger":"org.springframework.data.mongodb.core.MongoTemplate","thread":"main","level":"DEBUG","level_value":10000}
{"timestamp":"2026-02-09T20:27:00.7375238-03:00","@version":"1","message":"Salvando orcamento: 2d4da6a0-4961-4007-8fbd-a09815ae2d63","logger":"br.com.grupo99.billingservice.infrastructure.persistence.adapter.OrcamentoRepositoryAdapter","thread":"main","level":"DEBUG","level_value":10000}
{"timestamp":"2026-02-09T20:27:00.7395364-03:00","@version":"1","message":"Saving Document containing fields: [_id, osId, status, itens, valorTotal, historico, updatedAt, _class]","logger":"org.springframework.data.mongodb.core.MongoTemplate","thread":"main","level":"DEBUG","level_value":10000}
  &amp#27;[32mQuando &amp#27;[0m&amp#27;[32mo cliente rejeita o orçamento&amp#27;[0m                &amp#27;[90m# br.com.grupo99.billingservice.bdd.SagaOrcamentoSteps.clienteRejeitaOrcamento()&amp#27;[0m
  &amp#27;[32mEntão &amp#27;[0m&amp#27;[32mo status deve mudar para &amp#27;[0m&amp#27;[32m&amp#27;[1m"REJEITADO"&amp#27;[0m          &amp#27;[90m# br.com.grupo99.billingservice.bdd.SagaOrcamentoSteps.statusDeveMudarPara(java.lang.String)&amp#27;[0m
  &amp#27;[32mE &amp#27;[0m&amp#27;[32mo evento &amp#27;[0m&amp#27;[32m&amp#27;[1m"ORCAMENTO_REJEITADO"&amp#27;[0m&amp#27;[32m deve ser publicado&amp#27;[0m &amp#27;[90m# br.com.grupo99.billingservice.bdd.SagaOrcamentoSteps.eventoDeveSerPublicado(java.lang.String)&amp#27;[0m
  &amp#27;[32mE &amp#27;[0m&amp#27;[32mo motivo da rejeição deve estar registrado&amp#27;[0m        &amp#27;[90m# br.com.grupo99.billingservice.bdd.SagaOrcamentoSteps.motivoDaRejeicaoDeveEstarRegistrado()&amp#27;[0m
{"timestamp":"2026-02-09T20:27:00.7492064-03:00","@version":"1","message":"Finished test case Validação - Orçamento Rejeitado pelo Cliente","logger":"io.cucumber.junit.platform.engine.CucumberEngineExecutionContext","thread":"main","level":"DEBUG","level_value":10000}
]]></system-out>
  </testcase>
  <testcase name="Validação - Falha no Pagamento" classname="Saga Pattern - Orçamento e Pagamento" time="0.16">
    <system-out><![CDATA[{"timestamp":"2026-02-09T20:27:00.7502096-03:00","@version":"1","message":"Executing test case Validação - Falha no Pagamento","logger":"io.cucumber.junit.platform.engine.CucumberEngineExecutionContext","thread":"main","level":"DEBUG","level_value":10000}
{"timestamp":"2026-02-09T20:27:00.7517144-03:00","@version":"1","message":"Could not detect default configuration classes for test class [br.com.grupo99.billingservice.bdd.SagaOrcamentoSteps]: SagaOrcamentoSteps does not declare any static, non-private, non-final, nested classes annotated with @Configuration.","logger":"org.springframework.test.context.support.AnnotationConfigContextLoaderUtils","thread":"main","level":"INFO","level_value":20000}
{"timestamp":"2026-02-09T20:27:00.7542319-03:00","@version":"1","message":"Found @SpringBootConfiguration br.com.grupo99.billingservice.BillingServiceApplication for test class br.com.grupo99.billingservice.bdd.SagaOrcamentoSteps","logger":"org.springframework.boot.test.context.SpringBootTestContextBootstrapper","thread":"main","level":"INFO","level_value":20000}

Cenário: Validação - Falha no Pagamento                &amp#27;[90m# features/saga_orcamento.feature:79&amp#27;[0m
{"timestamp":"2026-02-09T20:27:00.7735796-03:00","@version":"1","message":"Remove using query: {} in collection: orcamentos.","logger":"org.springframework.data.mongodb.core.MongoTemplate","thread":"main","level":"DEBUG","level_value":10000}
  &amp#27;[32mDado &amp#27;[0m&amp#27;[32mque o Billing Service está disponível&amp#27;[0m           &amp#27;[90m# br.com.grupo99.billingservice.bdd.SagaOrcamentoSteps.queBillingServiceEstaDisponivel()&amp#27;[0m
  &amp#27;[32mE &amp#27;[0m&amp#27;[32ma fila &amp#27;[0m&amp#27;[32m&amp#27;[1m"billing-events-queue"&amp#27;[0m&amp#27;[32m está configurada&amp#27;[0m     &amp#27;[90m# br.com.grupo99.billingservice.bdd.SagaOrcamentoSteps.aFilaEstaConfigurada(java.lang.String)&amp#27;[0m
{"timestamp":"2026-02-09T20:27:00.8926086-03:00","@version":"1","message":"Salvando orcamento: 9d821409-5cf3-4dae-a61f-471db022ae45","logger":"br.com.grupo99.billingservice.infrastructure.persistence.adapter.OrcamentoRepositoryAdapter","thread":"main","level":"DEBUG","level_value":10000}
{"timestamp":"2026-02-09T20:27:00.8946244-03:00","@version":"1","message":"Saving Document containing fields: [_id, osId, status, itens, valorTotal, historico, updatedAt, _class]","logger":"org.springframework.data.mongodb.core.MongoTemplate","thread":"main","level":"DEBUG","level_value":10000}
  &amp#27;[32mDado &amp#27;[0m&amp#27;[32mque existe um orçamento aprovado&amp#27;[0m                &amp#27;[90m# br.com.grupo99.billingservice.bdd.SagaOrcamentoSteps.queExisteUmOrcamentoAprovado()&amp#27;[0m
  &amp#27;[32mE &amp#27;[0m&amp#27;[32ma execução foi concluída&amp#27;[0m                           &amp#27;[90m# br.com.grupo99.billingservice.bdd.SagaOrcamentoSteps.aExecucaoFoiConcluida()&amp#27;[0m
  &amp#27;[32mQuando &amp#27;[0m&amp#27;[32mo processamento de pagamento falha&amp#27;[0m            &amp#27;[90m# br.com.grupo99.billingservice.bdd.SagaOrcamentoSteps.oProcessamentoDePagamentoFalha()&amp#27;[0m
  &amp#27;[32mEntão &amp#27;[0m&amp#27;[32mo evento &amp#27;[0m&amp#27;[32m&amp#27;[1m"PAGAMENTO_FALHOU"&amp#27;[0m&amp#27;[32m deve ser publicado&amp#27;[0m &amp#27;[90m# br.com.grupo99.billingservice.bdd.SagaOrcamentoSteps.eventoDeveSerPublicado(java.lang.String)&amp#27;[0m
  &amp#27;[32mE &amp#27;[0m&amp#27;[32mo orçamento deve manter o status &amp#27;[0m&amp#27;[32m&amp#27;[1m"APROVADO"&amp#27;[0m        &amp#27;[90m# br.com.grupo99.billingservice.bdd.SagaOrcamentoSteps.orcamentoDeveManterOStatus(java.lang.String)&amp#27;[0m
  &amp#27;[32mE &amp#27;[0m&amp#27;[32mo motivo da falha deve estar registrado&amp#27;[0m            &amp#27;[90m# br.com.grupo99.billingservice.bdd.SagaOrcamentoSteps.motivoDaFalhaDeveEstarRegistrado()&amp#27;[0m
  &amp#27;[32mE &amp#27;[0m&amp#27;[32mum alerta deve ser enviado para o gerente&amp#27;[0m          &amp#27;[90m# br.com.grupo99.billingservice.bdd.SagaOrcamentoSteps.umAlertaDeveSerEnviadoParaOGerente()&amp#27;[0m
{"timestamp":"2026-02-09T20:27:00.9102502-03:00","@version":"1","message":"Finished test case Validação - Falha no Pagamento","logger":"io.cucumber.junit.platform.engine.CucumberEngineExecutionContext","thread":"main","level":"DEBUG","level_value":10000}
]]></system-out>
  </testcase>
  <testcase name="Histórico - Rastreamento de Mudanças de Status" classname="Saga Pattern - Orçamento e Pagamento" time="0.196">
    <system-out><![CDATA[{"timestamp":"2026-02-09T20:27:00.9112484-03:00","@version":"1","message":"Executing test case Histórico - Rastreamento de Mudanças de Status","logger":"io.cucumber.junit.platform.engine.CucumberEngineExecutionContext","thread":"main","level":"DEBUG","level_value":10000}
{"timestamp":"2026-02-09T20:27:00.9137553-03:00","@version":"1","message":"Could not detect default configuration classes for test class [br.com.grupo99.billingservice.bdd.SagaOrcamentoSteps]: SagaOrcamentoSteps does not declare any static, non-private, non-final, nested classes annotated with @Configuration.","logger":"org.springframework.test.context.support.AnnotationConfigContextLoaderUtils","thread":"main","level":"INFO","level_value":20000}
{"timestamp":"2026-02-09T20:27:00.9163015-03:00","@version":"1","message":"Found @SpringBootConfiguration br.com.grupo99.billingservice.BillingServiceApplication for test class br.com.grupo99.billingservice.bdd.SagaOrcamentoSteps","logger":"org.springframework.boot.test.context.SpringBootTestContextBootstrapper","thread":"main","level":"INFO","level_value":20000}

Cenário: Histórico - Rastreamento de Mudanças de Status &amp#27;[90m# features/saga_orcamento.feature:88&amp#27;[0m
{"timestamp":"2026-02-09T20:27:00.9451572-03:00","@version":"1","message":"Remove using query: {} in collection: orcamentos.","logger":"org.springframework.data.mongodb.core.MongoTemplate","thread":"main","level":"DEBUG","level_value":10000}
  &amp#27;[32mDado &amp#27;[0m&amp#27;[32mque o Billing Service está disponível&amp#27;[0m            &amp#27;[90m# br.com.grupo99.billingservice.bdd.SagaOrcamentoSteps.queBillingServiceEstaDisponivel()&amp#27;[0m
  &amp#27;[32mE &amp#27;[0m&amp#27;[32ma fila &amp#27;[0m&amp#27;[32m&amp#27;[1m"billing-events-queue"&amp#27;[0m&amp#27;[32m está configurada&amp#27;[0m      &amp#27;[90m# br.com.grupo99.billingservice.bdd.SagaOrcamentoSteps.aFilaEstaConfigurada(java.lang.String)&amp#27;[0m
{"timestamp":"2026-02-09T20:27:01.0934948-03:00","@version":"1","message":"Salvando orcamento: 8532c032-78e3-4184-925e-d7ce5c34d0a3","logger":"br.com.grupo99.billingservice.infrastructure.persistence.adapter.OrcamentoRepositoryAdapter","thread":"main","level":"DEBUG","level_value":10000}
{"timestamp":"2026-02-09T20:27:01.0960286-03:00","@version":"1","message":"Saving Document containing fields: [_id, osId, status, itens, valorTotal, historico, updatedAt, _class]","logger":"org.springframework.data.mongodb.core.MongoTemplate","thread":"main","level":"DEBUG","level_value":10000}
  &amp#27;[32mDado &amp#27;[0m&amp#27;[32mque um orçamento passou por todo o ciclo&amp#27;[0m         &amp#27;[90m# br.com.grupo99.billingservice.bdd.SagaOrcamentoSteps.queUmOrcamentoPassouPorTodoCiclo()&amp#27;[0m
  &amp#27;[32mQuando &amp#27;[0m&amp#27;[32meu consulto o histórico do orçamento&amp#27;[0m           &amp#27;[90m# br.com.grupo99.billingservice.bdd.SagaOrcamentoSteps.euConsultoOHistoricoDoOrcamento()&amp#27;[0m
  &amp#27;[32mEntão &amp#27;[0m&amp#27;[32mdeve haver registros de:&amp#27;[0m                        &amp#27;[90m# br.com.grupo99.billingservice.bdd.SagaOrcamentoSteps.deveHaverRegistrosDe(io.cucumber.datatable.DataTable)&amp#27;[0m
    | statusAnterior | statusNovo | motivo               |
    | null           | PENDENTE   | Orçamento criado     |
    | PENDENTE       | PENDENTE   | Diagnóstico recebido |
    | PENDENTE       | APROVADO   | Cliente aprovou      |
    | APROVADO       | CONFIRMADO | Pagamento processado |
  &amp#27;[32mE &amp#27;[0m&amp#27;[32mcada registro deve ter timestamp&amp#27;[0m                    &amp#27;[90m# br.com.grupo99.billingservice.bdd.SagaOrcamentoSteps.cadaRegistroDeveTerTimestamp()&amp#27;[0m
{"timestamp":"2026-02-09T20:27:01.1071756-03:00","@version":"1","message":"Finished test case Histórico - Rastreamento de Mudanças de Status","logger":"io.cucumber.junit.platform.engine.CucumberEngineExecutionContext","thread":"main","level":"DEBUG","level_value":10000}
]]></system-out>
  </testcase>
  <testcase name="Saga Completo - Happy Path do Billing" classname="Saga Pattern - Orçamento e Pagamento" time="0.164">
    <system-out><![CDATA[{"timestamp":"2026-02-09T20:27:01.1081871-03:00","@version":"1","message":"Executing test case Saga Completo - Happy Path do Billing","logger":"io.cucumber.junit.platform.engine.CucumberEngineExecutionContext","thread":"main","level":"DEBUG","level_value":10000}
{"timestamp":"2026-02-09T20:27:01.1111868-03:00","@version":"1","message":"Could not detect default configuration classes for test class [br.com.grupo99.billingservice.bdd.SagaOrcamentoSteps]: SagaOrcamentoSteps does not declare any static, non-private, non-final, nested classes annotated with @Configuration.","logger":"org.springframework.test.context.support.AnnotationConfigContextLoaderUtils","thread":"main","level":"INFO","level_value":20000}
{"timestamp":"2026-02-09T20:27:01.1131855-03:00","@version":"1","message":"Found @SpringBootConfiguration br.com.grupo99.billingservice.BillingServiceApplication for test class br.com.grupo99.billingservice.bdd.SagaOrcamentoSteps","logger":"org.springframework.boot.test.context.SpringBootTestContextBootstrapper","thread":"main","level":"INFO","level_value":20000}

Cenário: Saga Completo - Happy Path do Billing               &amp#27;[90m# features/saga_orcamento.feature:99&amp#27;[0m
{"timestamp":"2026-02-09T20:27:01.1388953-03:00","@version":"1","message":"Remove using query: {} in collection: orcamentos.","logger":"org.springframework.data.mongodb.core.MongoTemplate","thread":"main","level":"DEBUG","level_value":10000}
  &amp#27;[32mDado &amp#27;[0m&amp#27;[32mque o Billing Service está disponível&amp#27;[0m                 &amp#27;[90m# br.com.grupo99.billingservice.bdd.SagaOrcamentoSteps.queBillingServiceEstaDisponivel()&amp#27;[0m
  &amp#27;[32mE &amp#27;[0m&amp#27;[32ma fila &amp#27;[0m&amp#27;[32m&amp#27;[1m"billing-events-queue"&amp#27;[0m&amp#27;[32m está configurada&amp#27;[0m           &amp#27;[90m# br.com.grupo99.billingservice.bdd.SagaOrcamentoSteps.aFilaEstaConfigurada(java.lang.String)&amp#27;[0m
{"timestamp":"2026-02-09T20:27:01.2494503-03:00","@version":"1","message":"Salvando orcamento: 732a9d16-2454-4782-931f-fd17a8e1e508","logger":"br.com.grupo99.billingservice.infrastructure.persistence.adapter.OrcamentoRepositoryAdapter","thread":"main","level":"DEBUG","level_value":10000}
{"timestamp":"2026-02-09T20:27:01.2494503-03:00","@version":"1","message":"Saving Document containing fields: [_id, osId, status, itens, historico, updatedAt, _class]","logger":"org.springframework.data.mongodb.core.MongoTemplate","thread":"main","level":"DEBUG","level_value":10000}
  &amp#27;[32mDado &amp#27;[0m&amp#27;[32mque o evento &amp#27;[0m&amp#27;[32m&amp#27;[1m"OS_CRIADA"&amp#27;[0m&amp#27;[32m foi recebido&amp#27;[0m                 &amp#27;[90m# br.com.grupo99.billingservice.bdd.SagaOrcamentoSteps.queOEventoFoiRecebido(java.lang.String)&amp#27;[0m
{"timestamp":"2026-02-09T20:27:01.255015-03:00","@version":"1","message":"Buscando orcamento por id: 732a9d16-2454-4782-931f-fd17a8e1e508","logger":"br.com.grupo99.billingservice.infrastructure.persistence.adapter.OrcamentoRepositoryAdapter","thread":"main","level":"DEBUG","level_value":10000}
{"timestamp":"2026-02-09T20:27:01.2560265-03:00","@version":"1","message":"findOne using query: { \"id\" : \"732a9d16-2454-4782-931f-fd17a8e1e508\"} fields: Document{{}} for class: class br.com.grupo99.billingservice.infrastructure.persistence.entity.OrcamentoEntity in collection: orcamentos","logger":"org.springframework.data.mongodb.core.MongoTemplate","thread":"main","level":"DEBUG","level_value":10000}
{"timestamp":"2026-02-09T20:27:01.2600264-03:00","@version":"1","message":"Salvando orcamento: 732a9d16-2454-4782-931f-fd17a8e1e508","logger":"br.com.grupo99.billingservice.infrastructure.persistence.adapter.OrcamentoRepositoryAdapter","thread":"main","level":"DEBUG","level_value":10000}
{"timestamp":"2026-02-09T20:27:01.2610268-03:00","@version":"1","message":"Saving Document containing fields: [_id, osId, status, itens, historico, updatedAt, _class]","logger":"org.springframework.data.mongodb.core.MongoTemplate","thread":"main","level":"DEBUG","level_value":10000}
  &amp#27;[32mQuando &amp#27;[0m&amp#27;[32mtodos os passos do Saga são executados com sucesso:&amp#27;[0m &amp#27;[90m# br.com.grupo99.billingservice.bdd.SagaOrcamentoSteps.todosOsPassosDoSagaSaoExecutadosComSucesso(io.cucumber.datatable.DataTable)&amp#27;[0m
    | passo | evento                | status_resultado |
    | 1     | OS_CRIADA             | PENDENTE         |
    | 2     | DIAGNOSTICO_CONCLUIDO | PENDENTE         |
    | 3     | Cliente aprova        | APROVADO         |
    | 4     | EXECUCAO_FINALIZADA   | APROVADO         |
    | 5     | Processar pagamento   | CONFIRMADO       |
  &amp#27;[32mEntão &amp#27;[0m&amp#27;[32mo orçamento deve estar com status &amp#27;[0m&amp#27;[32m&amp#27;[1m"CONFIRMADO"&amp#27;[0m       &amp#27;[90m# br.com.grupo99.billingservice.bdd.SagaOrcamentoSteps.orcamentoDeveEstarComStatus(java.lang.String)&amp#27;[0m
  &amp#27;[32mE &amp#27;[0m&amp#27;[32mtodos os eventos devem ter sido publicados&amp#27;[0m               &amp#27;[90m# br.com.grupo99.billingservice.bdd.SagaOrcamentoSteps.todosOsEventosDevemTerSidoPublicados()&amp#27;[0m
  &amp#27;[32mE &amp#27;[0m&amp#27;[32mnenhuma compensação deve ter sido acionada&amp#27;[0m               &amp#27;[90m# br.com.grupo99.billingservice.bdd.SagaOrcamentoSteps.nenhumaCompensacaoDeveTerSidoAcionada()&amp#27;[0m
{"timestamp":"2026-02-09T20:27:01.2720722-03:00","@version":"1","message":"Finished test case Saga Completo - Happy Path do Billing","logger":"io.cucumber.junit.platform.engine.CucumberEngineExecutionContext","thread":"main","level":"DEBUG","level_value":10000}
]]></system-out>
  </testcase>
</testsuite>